running egg_info
writing ../../build/control_py/control_py.egg-info/PKG-INFO
writing dependency_links to ../../build/control_py/control_py.egg-info/dependency_links.txt
writing entry points to ../../build/control_py/control_py.egg-info/entry_points.txt
writing requirements to ../../build/control_py/control_py.egg-info/requires.txt
writing top-level names to ../../build/control_py/control_py.egg-info/top_level.txt
reading manifest file '../../build/control_py/control_py.egg-info/SOURCES.txt'
adding license file 'LICENSE'
writing manifest file '../../build/control_py/control_py.egg-info/SOURCES.txt'
running build
running build_py
copying control_py/ejercicio3.py -> /home/leyla/Documents/ejercicio2_ws/build/control_py/build/lib/control_py
running install
running install_lib
copying /home/leyla/Documents/ejercicio2_ws/build/control_py/build/lib/control_py/ejercicio3.py -> /home/leyla/Documents/ejercicio2_ws/install/control_py/lib/python3.10/site-packages/control_py
byte-compiling /home/leyla/Documents/ejercicio2_ws/install/control_py/lib/python3.10/site-packages/control_py/ejercicio3.py to ejercicio3.cpython-310.pyc
running install_data
running install_egg_info
removing '/home/leyla/Documents/ejercicio2_ws/install/control_py/lib/python3.10/site-packages/control_py-0.0.0-py3.10.egg-info' (and everything under it)
Copying ../../build/control_py/control_py.egg-info to /home/leyla/Documents/ejercicio2_ws/install/control_py/lib/python3.10/site-packages/control_py-0.0.0-py3.10.egg-info
running install_scripts
Installing control script to /home/leyla/Documents/ejercicio2_ws/install/control_py/lib/control_py
Installing control_distance script to /home/leyla/Documents/ejercicio2_ws/install/control_py/lib/control_py
Installing ejercicio3 script to /home/leyla/Documents/ejercicio2_ws/install/control_py/lib/control_py
Installing marker_v script to /home/leyla/Documents/ejercicio2_ws/install/control_py/lib/control_py
Installing nav2 script to /home/leyla/Documents/ejercicio2_ws/install/control_py/lib/control_py
Installing nav_auto script to /home/leyla/Documents/ejercicio2_ws/install/control_py/lib/control_py
Installing navegacion script to /home/leyla/Documents/ejercicio2_ws/install/control_py/lib/control_py
Installing sub_laser script to /home/leyla/Documents/ejercicio2_ws/install/control_py/lib/control_py
writing list of installed files to '/home/leyla/Documents/ejercicio2_ws/build/control_py/install.log'
