[0.485s] Invoking command in '/home/leyla/Documents/ejercicio1_ws/build/visual_pubsub': PYTHONPATH=/home/leyla/Documents/ejercicio1_ws/build/visual_pubsub/prefix_override:/usr/lib/python3/dist-packages/colcon_core/task/python/colcon_distutils_commands:/home/leyla/Documents/ejercicio1_ws/install/visual_pubsub/lib/python3.10/site-packages:${PYTHONPATH} /usr/bin/python3 -W ignore:setup.py install is deprecated -W ignore:easy_install command is deprecated setup.py develop --uninstall --editable --build-directory /home/leyla/Documents/ejercicio1_ws/build/visual_pubsub/build
[0.656s] running develop
[0.748s] Removing /home/leyla/Documents/ejercicio1_ws/install/visual_pubsub/lib/python3.10/site-packages/visual-pubsub.egg-link (link to .)
[0.764s] Invoked command in '/home/leyla/Documents/ejercicio1_ws/build/visual_pubsub' returned '0': PYTHONPATH=/home/leyla/Documents/ejercicio1_ws/build/visual_pubsub/prefix_override:/usr/lib/python3/dist-packages/colcon_core/task/python/colcon_distutils_commands:/home/leyla/Documents/ejercicio1_ws/install/visual_pubsub/lib/python3.10/site-packages:${PYTHONPATH} /usr/bin/python3 -W ignore:setup.py install is deprecated -W ignore:easy_install command is deprecated setup.py develop --uninstall --editable --build-directory /home/leyla/Documents/ejercicio1_ws/build/visual_pubsub/build
[0.766s] Invoking command in '/home/leyla/Documents/ejercicio1_ws/src/visual_pubsub': PYTHONPATH=/home/leyla/Documents/ejercicio1_ws/build/visual_pubsub/prefix_override:/usr/lib/python3/dist-packages/colcon_core/task/python/colcon_distutils_commands:/home/leyla/Documents/ejercicio1_ws/install/visual_pubsub/lib/python3.10/site-packages:${PYTHONPATH} /usr/bin/python3 -W ignore:setup.py install is deprecated -W ignore:easy_install command is deprecated setup.py egg_info --egg-base ../../build/visual_pubsub build --build-base /home/leyla/Documents/ejercicio1_ws/build/visual_pubsub/build install --record /home/leyla/Documents/ejercicio1_ws/build/visual_pubsub/install.log --single-version-externally-managed install_data --force
[0.947s] running egg_info
[0.947s] writing ../../build/visual_pubsub/visual_pubsub.egg-info/PKG-INFO
[0.947s] writing dependency_links to ../../build/visual_pubsub/visual_pubsub.egg-info/dependency_links.txt
[0.947s] writing entry points to ../../build/visual_pubsub/visual_pubsub.egg-info/entry_points.txt
[0.947s] writing requirements to ../../build/visual_pubsub/visual_pubsub.egg-info/requires.txt
[0.947s] writing top-level names to ../../build/visual_pubsub/visual_pubsub.egg-info/top_level.txt
[0.949s] reading manifest file '../../build/visual_pubsub/visual_pubsub.egg-info/SOURCES.txt'
[0.957s] adding license file 'LICENSE'
[0.957s] writing manifest file '../../build/visual_pubsub/visual_pubsub.egg-info/SOURCES.txt'
[0.957s] running build
[0.957s] running build_py
[0.958s] running install
[0.958s] running install_lib
[0.959s] creating /home/leyla/Documents/ejercicio1_ws/install/visual_pubsub/lib/python3.10/site-packages/visual_pubsub
[0.959s] copying /home/leyla/Documents/ejercicio1_ws/build/visual_pubsub/build/lib/visual_pubsub/__init__.py -> /home/leyla/Documents/ejercicio1_ws/install/visual_pubsub/lib/python3.10/site-packages/visual_pubsub
[0.959s] copying /home/leyla/Documents/ejercicio1_ws/build/visual_pubsub/build/lib/visual_pubsub/inverse_kinematics.py -> /home/leyla/Documents/ejercicio1_ws/install/visual_pubsub/lib/python3.10/site-packages/visual_pubsub
[0.959s] copying /home/leyla/Documents/ejercicio1_ws/build/visual_pubsub/build/lib/visual_pubsub/pub_joints.py -> /home/leyla/Documents/ejercicio1_ws/install/visual_pubsub/lib/python3.10/site-packages/visual_pubsub
[0.959s] copying /home/leyla/Documents/ejercicio1_ws/build/visual_pubsub/build/lib/visual_pubsub/sub_joints.py -> /home/leyla/Documents/ejercicio1_ws/install/visual_pubsub/lib/python3.10/site-packages/visual_pubsub
[0.959s] byte-compiling /home/leyla/Documents/ejercicio1_ws/install/visual_pubsub/lib/python3.10/site-packages/visual_pubsub/__init__.py to __init__.cpython-310.pyc
[0.960s] byte-compiling /home/leyla/Documents/ejercicio1_ws/install/visual_pubsub/lib/python3.10/site-packages/visual_pubsub/inverse_kinematics.py to inverse_kinematics.cpython-310.pyc
[0.960s] byte-compiling /home/leyla/Documents/ejercicio1_ws/install/visual_pubsub/lib/python3.10/site-packages/visual_pubsub/pub_joints.py to pub_joints.cpython-310.pyc
[0.961s] byte-compiling /home/leyla/Documents/ejercicio1_ws/install/visual_pubsub/lib/python3.10/site-packages/visual_pubsub/sub_joints.py to sub_joints.cpython-310.pyc
[0.961s] running install_data
[0.961s] copying resource/visual_pubsub -> /home/leyla/Documents/ejercicio1_ws/install/visual_pubsub/share/ament_index/resource_index/packages
[0.961s] copying package.xml -> /home/leyla/Documents/ejercicio1_ws/install/visual_pubsub/share/visual_pubsub
[0.961s] running install_egg_info
[0.963s] Copying ../../build/visual_pubsub/visual_pubsub.egg-info to /home/leyla/Documents/ejercicio1_ws/install/visual_pubsub/lib/python3.10/site-packages/visual_pubsub-0.0.0-py3.10.egg-info
[0.963s] running install_scripts
[0.979s] Installing c_dir script to /home/leyla/Documents/ejercicio1_ws/install/visual_pubsub/lib/visual_pubsub
[0.980s] Installing c_inv script to /home/leyla/Documents/ejercicio1_ws/install/visual_pubsub/lib/visual_pubsub
[0.980s] writing list of installed files to '/home/leyla/Documents/ejercicio1_ws/build/visual_pubsub/install.log'
[0.996s] Invoked command in '/home/leyla/Documents/ejercicio1_ws/src/visual_pubsub' returned '0': PYTHONPATH=/home/leyla/Documents/ejercicio1_ws/build/visual_pubsub/prefix_override:/usr/lib/python3/dist-packages/colcon_core/task/python/colcon_distutils_commands:/home/leyla/Documents/ejercicio1_ws/install/visual_pubsub/lib/python3.10/site-packages:${PYTHONPATH} /usr/bin/python3 -W ignore:setup.py install is deprecated -W ignore:easy_install command is deprecated setup.py egg_info --egg-base ../../build/visual_pubsub build --build-base /home/leyla/Documents/ejercicio1_ws/build/visual_pubsub/build install --record /home/leyla/Documents/ejercicio1_ws/build/visual_pubsub/install.log --single-version-externally-managed install_data --force
