running egg_info
creating ../../build/robot_nav/robot_nav.egg-info
writing ../../build/robot_nav/robot_nav.egg-info/PKG-INFO
writing dependency_links to ../../build/robot_nav/robot_nav.egg-info/dependency_links.txt
writing entry points to ../../build/robot_nav/robot_nav.egg-info/entry_points.txt
writing requirements to ../../build/robot_nav/robot_nav.egg-info/requires.txt
writing top-level names to ../../build/robot_nav/robot_nav.egg-info/top_level.txt
writing manifest file '../../build/robot_nav/robot_nav.egg-info/SOURCES.txt'
reading manifest file '../../build/robot_nav/robot_nav.egg-info/SOURCES.txt'
writing manifest file '../../build/robot_nav/robot_nav.egg-info/SOURCES.txt'
running build
running build_py
creating /home/leyla/Desktop/ver_ws/build/robot_nav/build
creating /home/leyla/Desktop/ver_ws/build/robot_nav/build/lib
creating /home/leyla/Desktop/ver_ws/build/robot_nav/build/lib/robot_nav
copying robot_nav/__init__.py -> /home/leyla/Desktop/ver_ws/build/robot_nav/build/lib/robot_nav
running install
running install_lib
creating /home/leyla/Desktop/ver_ws/install/robot_nav/lib/python3.10/site-packages/robot_nav
copying /home/leyla/Desktop/ver_ws/build/robot_nav/build/lib/robot_nav/__init__.py -> /home/leyla/Desktop/ver_ws/install/robot_nav/lib/python3.10/site-packages/robot_nav
byte-compiling /home/leyla/Desktop/ver_ws/install/robot_nav/lib/python3.10/site-packages/robot_nav/__init__.py to __init__.cpython-310.pyc
running install_data
creating /home/leyla/Desktop/ver_ws/install/robot_nav/share/ament_index
creating /home/leyla/Desktop/ver_ws/install/robot_nav/share/ament_index/resource_index
creating /home/leyla/Desktop/ver_ws/install/robot_nav/share/ament_index/resource_index/packages
copying resource/robot_nav -> /home/leyla/Desktop/ver_ws/install/robot_nav/share/ament_index/resource_index/packages
copying package.xml -> /home/leyla/Desktop/ver_ws/install/robot_nav/share/robot_nav
running install_egg_info
Copying ../../build/robot_nav/robot_nav.egg-info to /home/leyla/Desktop/ver_ws/install/robot_nav/lib/python3.10/site-packages/robot_nav-0.0.0-py3.10.egg-info
running install_scripts
writing list of installed files to '/home/leyla/Desktop/ver_ws/build/robot_nav/install.log'
