[0.428s] Invoking command in '/home/leyla/Desktop/ver_ws/src/robot_nav': PYTHONPATH=/home/leyla/Desktop/ver_ws/build/robot_nav/prefix_override:/usr/lib/python3/dist-packages/colcon_core/task/python/colcon_distutils_commands:/home/leyla/Desktop/ver_ws/install/robot_nav/lib/python3.10/site-packages:${PYTHONPATH} /usr/bin/python3 -W ignore:setup.py install is deprecated -W ignore:easy_install command is deprecated setup.py egg_info --egg-base ../../build/robot_nav build --build-base /home/leyla/Desktop/ver_ws/build/robot_nav/build install --record /home/leyla/Desktop/ver_ws/build/robot_nav/install.log --single-version-externally-managed install_data
[0.576s] running egg_info
[0.576s] creating ../../build/robot_nav/robot_nav.egg-info
[0.576s] writing ../../build/robot_nav/robot_nav.egg-info/PKG-INFO
[0.577s] writing dependency_links to ../../build/robot_nav/robot_nav.egg-info/dependency_links.txt
[0.577s] writing entry points to ../../build/robot_nav/robot_nav.egg-info/entry_points.txt
[0.577s] writing requirements to ../../build/robot_nav/robot_nav.egg-info/requires.txt
[0.577s] writing top-level names to ../../build/robot_nav/robot_nav.egg-info/top_level.txt
[0.577s] writing manifest file '../../build/robot_nav/robot_nav.egg-info/SOURCES.txt'
[0.578s] reading manifest file '../../build/robot_nav/robot_nav.egg-info/SOURCES.txt'
[0.578s] writing manifest file '../../build/robot_nav/robot_nav.egg-info/SOURCES.txt'
[0.578s] running build
[0.578s] running build_py
[0.578s] creating /home/leyla/Desktop/ver_ws/build/robot_nav/build
[0.578s] creating /home/leyla/Desktop/ver_ws/build/robot_nav/build/lib
[0.578s] creating /home/leyla/Desktop/ver_ws/build/robot_nav/build/lib/robot_nav
[0.578s] copying robot_nav/__init__.py -> /home/leyla/Desktop/ver_ws/build/robot_nav/build/lib/robot_nav
[0.578s] running install
[0.579s] running install_lib
[0.579s] creating /home/leyla/Desktop/ver_ws/install/robot_nav/lib/python3.10/site-packages/robot_nav
[0.579s] copying /home/leyla/Desktop/ver_ws/build/robot_nav/build/lib/robot_nav/__init__.py -> /home/leyla/Desktop/ver_ws/install/robot_nav/lib/python3.10/site-packages/robot_nav
[0.580s] byte-compiling /home/leyla/Desktop/ver_ws/install/robot_nav/lib/python3.10/site-packages/robot_nav/__init__.py to __init__.cpython-310.pyc
[0.580s] running install_data
[0.580s] creating /home/leyla/Desktop/ver_ws/install/robot_nav/share/ament_index
[0.580s] creating /home/leyla/Desktop/ver_ws/install/robot_nav/share/ament_index/resource_index
[0.580s] creating /home/leyla/Desktop/ver_ws/install/robot_nav/share/ament_index/resource_index/packages
[0.580s] copying resource/robot_nav -> /home/leyla/Desktop/ver_ws/install/robot_nav/share/ament_index/resource_index/packages
[0.580s] copying package.xml -> /home/leyla/Desktop/ver_ws/install/robot_nav/share/robot_nav
[0.580s] running install_egg_info
[0.581s] Copying ../../build/robot_nav/robot_nav.egg-info to /home/leyla/Desktop/ver_ws/install/robot_nav/lib/python3.10/site-packages/robot_nav-0.0.0-py3.10.egg-info
[0.581s] running install_scripts
[0.594s] writing list of installed files to '/home/leyla/Desktop/ver_ws/build/robot_nav/install.log'
[0.620s] Invoked command in '/home/leyla/Desktop/ver_ws/src/robot_nav' returned '0': PYTHONPATH=/home/leyla/Desktop/ver_ws/build/robot_nav/prefix_override:/usr/lib/python3/dist-packages/colcon_core/task/python/colcon_distutils_commands:/home/leyla/Desktop/ver_ws/install/robot_nav/lib/python3.10/site-packages:${PYTHONPATH} /usr/bin/python3 -W ignore:setup.py install is deprecated -W ignore:easy_install command is deprecated setup.py egg_info --egg-base ../../build/robot_nav build --build-base /home/leyla/Desktop/ver_ws/build/robot_nav/build install --record /home/leyla/Desktop/ver_ws/build/robot_nav/install.log --single-version-externally-managed install_data
