[0.082s] DEBUG:colcon:Command line arguments: ['/usr/bin/colcon', 'build']
[0.083s] DEBUG:colcon:Parsed command line arguments: Namespace(log_base=None, log_level=None, verb_name='build', build_base='build', install_base='install', merge_install=False, symlink_install=False, test_result_base=None, continue_on_error=False, executor='parallel', parallel_workers=20, event_handlers=None, ignore_user_meta=False, metas=['./colcon.meta'], base_paths=['.'], packages_ignore=None, packages_ignore_regex=None, paths=None, packages_up_to=None, packages_up_to_regex=None, packages_above=None, packages_above_and_dependencies=None, packages_above_depth=None, packages_select_by_dep=None, packages_skip_by_dep=None, packages_skip_up_to=None, packages_select_build_failed=False, packages_skip_build_finished=False, packages_select_test_failures=False, packages_skip_test_passed=False, packages_select=None, packages_skip=None, packages_select_regex=None, packages_skip_regex=None, packages_start=None, packages_end=None, allow_overriding=[], cmake_args=None, cmake_target=None, cmake_target_skip_unavailable=False, cmake_clean_cache=False, cmake_clean_first=False, cmake_force_configure=False, ament_cmake_args=None, catkin_cmake_args=None, catkin_skip_building_tests=False, verb_parser=<colcon_defaults.argument_parser.defaults.DefaultArgumentsDecorator object at 0x7b344d280c70>, verb_extension=<colcon_core.verb.build.BuildVerb object at 0x7b344d280160>, main=<bound method BuildVerb.main of <colcon_core.verb.build.BuildVerb object at 0x7b344d280160>>)
[0.204s] Level 1:colcon.colcon_core.package_discovery:discover_packages(colcon_meta) check parameters
[0.204s] Level 1:colcon.colcon_core.package_discovery:discover_packages(recursive) check parameters
[0.204s] Level 1:colcon.colcon_core.package_discovery:discover_packages(ignore) check parameters
[0.204s] Level 1:colcon.colcon_core.package_discovery:discover_packages(path) check parameters
[0.204s] Level 1:colcon.colcon_core.package_discovery:discover_packages(colcon_meta) discover
[0.204s] Level 1:colcon.colcon_core.package_discovery:discover_packages(recursive) discover
[0.204s] INFO:colcon.colcon_core.package_discovery:Crawling recursively for packages in '/home/leyla/Documents/ejercicio2_ws'
[0.204s] Level 1:colcon.colcon_core.package_identification:_identify(.) by extensions ['ignore', 'ignore_ament_install']
[0.204s] Level 1:colcon.colcon_core.package_identification:_identify(.) by extension 'ignore'
[0.204s] Level 1:colcon.colcon_core.package_identification:_identify(.) by extension 'ignore_ament_install'
[0.204s] Level 1:colcon.colcon_core.package_identification:_identify(.) by extensions ['colcon_pkg']
[0.204s] Level 1:colcon.colcon_core.package_identification:_identify(.) by extension 'colcon_pkg'
[0.204s] Level 1:colcon.colcon_core.package_identification:_identify(.) by extensions ['colcon_meta']
[0.204s] Level 1:colcon.colcon_core.package_identification:_identify(.) by extension 'colcon_meta'
[0.204s] Level 1:colcon.colcon_core.package_identification:_identify(.) by extensions ['ros']
[0.204s] Level 1:colcon.colcon_core.package_identification:_identify(.) by extension 'ros'
[0.213s] Level 1:colcon.colcon_core.package_identification:_identify(.) by extensions ['cmake', 'python']
[0.213s] Level 1:colcon.colcon_core.package_identification:_identify(.) by extension 'cmake'
[0.213s] Level 1:colcon.colcon_core.package_identification:_identify(.) by extension 'python'
[0.213s] Level 1:colcon.colcon_core.package_identification:_identify(.) by extensions ['python_setup_py']
[0.213s] Level 1:colcon.colcon_core.package_identification:_identify(.) by extension 'python_setup_py'
[0.213s] Level 1:colcon.colcon_core.package_identification:_identify(build) by extensions ['ignore', 'ignore_ament_install']
[0.213s] Level 1:colcon.colcon_core.package_identification:_identify(build) by extension 'ignore'
[0.213s] Level 1:colcon.colcon_core.package_identification:_identify(build) ignored
[0.213s] Level 1:colcon.colcon_core.package_identification:_identify(install) by extensions ['ignore', 'ignore_ament_install']
[0.213s] Level 1:colcon.colcon_core.package_identification:_identify(install) by extension 'ignore'
[0.213s] Level 1:colcon.colcon_core.package_identification:_identify(install) ignored
[0.213s] Level 1:colcon.colcon_core.package_identification:_identify(log) by extensions ['ignore', 'ignore_ament_install']
[0.213s] Level 1:colcon.colcon_core.package_identification:_identify(log) by extension 'ignore'
[0.213s] Level 1:colcon.colcon_core.package_identification:_identify(log) ignored
[0.214s] Level 1:colcon.colcon_core.package_identification:_identify(src) by extensions ['ignore', 'ignore_ament_install']
[0.214s] Level 1:colcon.colcon_core.package_identification:_identify(src) by extension 'ignore'
[0.214s] Level 1:colcon.colcon_core.package_identification:_identify(src) by extension 'ignore_ament_install'
[0.214s] Level 1:colcon.colcon_core.package_identification:_identify(src) by extensions ['colcon_pkg']
[0.214s] Level 1:colcon.colcon_core.package_identification:_identify(src) by extension 'colcon_pkg'
[0.214s] Level 1:colcon.colcon_core.package_identification:_identify(src) by extensions ['colcon_meta']
[0.214s] Level 1:colcon.colcon_core.package_identification:_identify(src) by extension 'colcon_meta'
[0.214s] Level 1:colcon.colcon_core.package_identification:_identify(src) by extensions ['ros']
[0.214s] Level 1:colcon.colcon_core.package_identification:_identify(src) by extension 'ros'
[0.214s] Level 1:colcon.colcon_core.package_identification:_identify(src) by extensions ['cmake', 'python']
[0.214s] Level 1:colcon.colcon_core.package_identification:_identify(src) by extension 'cmake'
[0.214s] Level 1:colcon.colcon_core.package_identification:_identify(src) by extension 'python'
[0.214s] Level 1:colcon.colcon_core.package_identification:_identify(src) by extensions ['python_setup_py']
[0.214s] Level 1:colcon.colcon_core.package_identification:_identify(src) by extension 'python_setup_py'
[0.214s] Level 1:colcon.colcon_core.package_identification:_identify(src/panda_movet) by extensions ['ignore', 'ignore_ament_install']
[0.214s] Level 1:colcon.colcon_core.package_identification:_identify(src/panda_movet) by extension 'ignore'
[0.214s] Level 1:colcon.colcon_core.package_identification:_identify(src/panda_movet) by extension 'ignore_ament_install'
[0.214s] Level 1:colcon.colcon_core.package_identification:_identify(src/panda_movet) by extensions ['colcon_pkg']
[0.214s] Level 1:colcon.colcon_core.package_identification:_identify(src/panda_movet) by extension 'colcon_pkg'
[0.214s] Level 1:colcon.colcon_core.package_identification:_identify(src/panda_movet) by extensions ['colcon_meta']
[0.214s] Level 1:colcon.colcon_core.package_identification:_identify(src/panda_movet) by extension 'colcon_meta'
[0.214s] Level 1:colcon.colcon_core.package_identification:_identify(src/panda_movet) by extensions ['ros']
[0.214s] Level 1:colcon.colcon_core.package_identification:_identify(src/panda_movet) by extension 'ros'
[0.216s] DEBUG:colcon.colcon_core.package_identification:Package 'src/panda_movet' with type 'ros.ament_cmake' and name 'panda_movet'
[0.216s] Level 1:colcon.colcon_core.package_identification:_identify(src/test_move) by extensions ['ignore', 'ignore_ament_install']
[0.216s] Level 1:colcon.colcon_core.package_identification:_identify(src/test_move) by extension 'ignore'
[0.216s] Level 1:colcon.colcon_core.package_identification:_identify(src/test_move) by extension 'ignore_ament_install'
[0.216s] Level 1:colcon.colcon_core.package_identification:_identify(src/test_move) by extensions ['colcon_pkg']
[0.217s] Level 1:colcon.colcon_core.package_identification:_identify(src/test_move) by extension 'colcon_pkg'
[0.217s] Level 1:colcon.colcon_core.package_identification:_identify(src/test_move) by extensions ['colcon_meta']
[0.217s] Level 1:colcon.colcon_core.package_identification:_identify(src/test_move) by extension 'colcon_meta'
[0.217s] Level 1:colcon.colcon_core.package_identification:_identify(src/test_move) by extensions ['ros']
[0.217s] Level 1:colcon.colcon_core.package_identification:_identify(src/test_move) by extension 'ros'
[0.217s] DEBUG:colcon.colcon_core.package_identification:Package 'src/test_move' with type 'ros.ament_cmake' and name 'test_move'
[0.217s] Level 1:colcon.colcon_core.package_discovery:discover_packages(recursive) using defaults
[0.217s] Level 1:colcon.colcon_core.package_discovery:discover_packages(ignore) discover
[0.217s] Level 1:colcon.colcon_core.package_discovery:discover_packages(ignore) using defaults
[0.217s] Level 1:colcon.colcon_core.package_discovery:discover_packages(path) discover
[0.217s] Level 1:colcon.colcon_core.package_discovery:discover_packages(path) using defaults
[0.241s] Level 1:colcon.colcon_core.package_discovery:discover_packages(prefix_path) check parameters
[0.241s] Level 1:colcon.colcon_core.package_discovery:discover_packages(prefix_path) discover
[0.241s] WARNING:colcon.colcon_core.prefix_path.colcon:The path '/home/leyla/Documents/PARCIAL2_ws/install' in the environment variable COLCON_PREFIX_PATH doesn't exist
[0.241s] WARNING:colcon.colcon_core.prefix_path.colcon:The path '/home/leyla/Documents/p2_ws/install' in the environment variable COLCON_PREFIX_PATH doesn't exist
[0.241s] WARNING:colcon.colcon_ros.prefix_path.ament:The path '/home/leyla/Documents/ejercicio3_ws/install/test_move' in the environment variable AMENT_PREFIX_PATH doesn't exist
[0.242s] WARNING:colcon.colcon_ros.prefix_path.ament:The path '/home/leyla/Documents/ejercicio3_ws/install/panda_movet' in the environment variable AMENT_PREFIX_PATH doesn't exist
[0.242s] WARNING:colcon.colcon_ros.prefix_path.ament:The path '/home/leyla/Documents/ejercicio3_ws/install/panda_assist' in the environment variable AMENT_PREFIX_PATH doesn't exist
[0.242s] WARNING:colcon.colcon_ros.prefix_path.ament:The path '/home/leyla/Documents/ejercicio3_ws/install/robot_description' in the environment variable AMENT_PREFIX_PATH doesn't exist
[0.242s] WARNING:colcon.colcon_ros.prefix_path.ament:The path '/home/leyla/Documents/ejercicio2_ws/install/stage_ros2' in the environment variable AMENT_PREFIX_PATH doesn't exist
[0.242s] WARNING:colcon.colcon_ros.prefix_path.ament:The path '/home/leyla/Documents/ejercicio2_ws/install/robot_nav' in the environment variable AMENT_PREFIX_PATH doesn't exist
[0.242s] WARNING:colcon.colcon_ros.prefix_path.ament:The path '/home/leyla/Documents/ejercicio2_ws/install/navigation_tb3' in the environment variable AMENT_PREFIX_PATH doesn't exist
[0.242s] WARNING:colcon.colcon_ros.prefix_path.ament:The path '/home/leyla/Documents/ejercicio2_ws/install/control_py' in the environment variable AMENT_PREFIX_PATH doesn't exist
[0.242s] WARNING:colcon.colcon_ros.prefix_path.ament:The path '/home/leyla/Documents/ejercicio2_ws/install/cartographer_rviz' in the environment variable AMENT_PREFIX_PATH doesn't exist
[0.242s] WARNING:colcon.colcon_ros.prefix_path.ament:The path '/home/leyla/Documents/ejercicio2_ws/install/cartographer_ros' in the environment variable AMENT_PREFIX_PATH doesn't exist
[0.242s] WARNING:colcon.colcon_ros.prefix_path.ament:The path '/home/leyla/Documents/ejercicio2_ws/install/cartographer_ros_msgs' in the environment variable AMENT_PREFIX_PATH doesn't exist
[0.242s] WARNING:colcon.colcon_ros.prefix_path.ament:The path '/home/leyla/Documents/PARCIAL2_ws/install/visual_pubsub' in the environment variable AMENT_PREFIX_PATH doesn't exist
[0.242s] WARNING:colcon.colcon_ros.prefix_path.ament:The path '/home/leyla/Documents/PARCIAL2_ws/install/panda_config' in the environment variable AMENT_PREFIX_PATH doesn't exist
[0.242s] WARNING:colcon.colcon_ros.prefix_path.ament:The path '/home/leyla/Documents/PARCIAL2_ws/install/robot_description' in the environment variable AMENT_PREFIX_PATH doesn't exist
[0.242s] WARNING:colcon.colcon_ros.prefix_path.ament:The path '/home/leyla/Documents/p2_ws/install/ej1_pkg' in the environment variable AMENT_PREFIX_PATH doesn't exist
[0.242s] WARNING:colcon.colcon_ros.prefix_path.ament:The path '/home/leyla/Documents/p2_ws/install/visual_pubsub' in the environment variable AMENT_PREFIX_PATH doesn't exist
[0.242s] WARNING:colcon.colcon_ros.prefix_path.ament:The path '/home/leyla/Documents/p2_ws/install/panda_config' in the environment variable AMENT_PREFIX_PATH doesn't exist
[0.242s] WARNING:colcon.colcon_ros.prefix_path.ament:The path '/home/leyla/Documents/p2_ws/install/robot_description' in the environment variable AMENT_PREFIX_PATH doesn't exist
[0.242s] WARNING:colcon.colcon_ros.prefix_path.catkin:The path '/home/leyla/Documents/ejercicio3_ws/install/test_move' in the environment variable CMAKE_PREFIX_PATH doesn't exist
[0.242s] WARNING:colcon.colcon_ros.prefix_path.catkin:The path '/home/leyla/Documents/ejercicio3_ws/install/panda_movet' in the environment variable CMAKE_PREFIX_PATH doesn't exist
[0.242s] WARNING:colcon.colcon_ros.prefix_path.catkin:The path '/home/leyla/Documents/ejercicio3_ws/install/panda_assist' in the environment variable CMAKE_PREFIX_PATH doesn't exist
[0.242s] WARNING:colcon.colcon_ros.prefix_path.catkin:The path '/home/leyla/Documents/ejercicio3_ws/install/robot_description' in the environment variable CMAKE_PREFIX_PATH doesn't exist
[0.243s] WARNING:colcon.colcon_ros.prefix_path.catkin:The path '/home/leyla/Documents/ejercicio2_ws/install/stage_ros2' in the environment variable CMAKE_PREFIX_PATH doesn't exist
[0.243s] WARNING:colcon.colcon_ros.prefix_path.catkin:The path '/home/leyla/Documents/ejercicio2_ws/install/navigation_tb3' in the environment variable CMAKE_PREFIX_PATH doesn't exist
[0.243s] WARNING:colcon.colcon_ros.prefix_path.catkin:The path '/home/leyla/Documents/ejercicio2_ws/install/cartographer_rviz' in the environment variable CMAKE_PREFIX_PATH doesn't exist
[0.243s] WARNING:colcon.colcon_ros.prefix_path.catkin:The path '/home/leyla/Documents/ejercicio2_ws/install/cartographer_ros' in the environment variable CMAKE_PREFIX_PATH doesn't exist
[0.243s] WARNING:colcon.colcon_ros.prefix_path.catkin:The path '/home/leyla/Documents/ejercicio2_ws/install/cartographer_ros_msgs' in the environment variable CMAKE_PREFIX_PATH doesn't exist
[0.243s] WARNING:colcon.colcon_ros.prefix_path.catkin:The path '/home/leyla/Documents/ejercicio2_ws/install/Stage' in the environment variable CMAKE_PREFIX_PATH doesn't exist
[0.243s] WARNING:colcon.colcon_ros.prefix_path.catkin:The path '/home/leyla/Documents/PARCIAL2_ws/install/panda_config' in the environment variable CMAKE_PREFIX_PATH doesn't exist
[0.243s] WARNING:colcon.colcon_ros.prefix_path.catkin:The path '/home/leyla/Documents/PARCIAL2_ws/install/robot_description' in the environment variable CMAKE_PREFIX_PATH doesn't exist
[0.243s] WARNING:colcon.colcon_ros.prefix_path.catkin:The path '/home/leyla/Documents/p2_ws/install/panda_config' in the environment variable CMAKE_PREFIX_PATH doesn't exist
[0.243s] WARNING:colcon.colcon_ros.prefix_path.catkin:The path '/home/leyla/Documents/p2_ws/install/robot_description' in the environment variable CMAKE_PREFIX_PATH doesn't exist
[0.243s] DEBUG:colcon.colcon_installed_package_information.package_discovery:Found 2 installed packages in /home/leyla/Documents/ejercicio2_ws/install
[0.244s] DEBUG:colcon.colcon_installed_package_information.package_discovery:Found 2 installed packages in /home/leyla/Documents/ejercicio1_ws/install
[0.244s] DEBUG:colcon.colcon_installed_package_information.package_discovery:Found 7 installed packages in /home/leyla/Desktop/ver_ws/install
[0.244s] DEBUG:colcon.colcon_installed_package_information.package_discovery:Found 3 installed packages in /home/leyla/Desktop/newvis_ws/install
[0.245s] DEBUG:colcon.colcon_installed_package_information.package_discovery:Found 12 installed packages in /home/leyla/turtlebot3_ws/install
[0.245s] DEBUG:colcon.colcon_installed_package_information.package_discovery:Found 8 installed packages in /home/leyla/Documents/ejercicio3_ws/install
[0.246s] DEBUG:colcon.colcon_installed_package_information.package_discovery:Found 5 installed packages in /home/leyla/Desktop/2_parcialws/install
[0.246s] DEBUG:colcon.colcon_installed_package_information.package_discovery:Found 9 installed packages in /home/leyla/Desktop/parcial2_ws/install
[0.248s] DEBUG:colcon.colcon_installed_package_information.package_discovery:Found 427 installed packages in /opt/ros/humble
[0.250s] Level 1:colcon.colcon_core.package_discovery:discover_packages(prefix_path) using defaults
[0.288s] Level 5:colcon.colcon_core.verb:set package 'panda_movet' build argument 'cmake_args' from command line to 'None'
[0.288s] Level 5:colcon.colcon_core.verb:set package 'panda_movet' build argument 'cmake_target' from command line to 'None'
[0.288s] Level 5:colcon.colcon_core.verb:set package 'panda_movet' build argument 'cmake_target_skip_unavailable' from command line to 'False'
[0.288s] Level 5:colcon.colcon_core.verb:set package 'panda_movet' build argument 'cmake_clean_cache' from command line to 'False'
[0.288s] Level 5:colcon.colcon_core.verb:set package 'panda_movet' build argument 'cmake_clean_first' from command line to 'False'
[0.288s] Level 5:colcon.colcon_core.verb:set package 'panda_movet' build argument 'cmake_force_configure' from command line to 'False'
[0.288s] Level 5:colcon.colcon_core.verb:set package 'panda_movet' build argument 'ament_cmake_args' from command line to 'None'
[0.288s] Level 5:colcon.colcon_core.verb:set package 'panda_movet' build argument 'catkin_cmake_args' from command line to 'None'
[0.288s] Level 5:colcon.colcon_core.verb:set package 'panda_movet' build argument 'catkin_skip_building_tests' from command line to 'False'
[0.288s] DEBUG:colcon.colcon_core.verb:Building package 'panda_movet' with the following arguments: {'ament_cmake_args': None, 'build_base': '/home/leyla/Documents/ejercicio2_ws/build/panda_movet', 'catkin_cmake_args': None, 'catkin_skip_building_tests': False, 'cmake_args': None, 'cmake_clean_cache': False, 'cmake_clean_first': False, 'cmake_force_configure': False, 'cmake_target': None, 'cmake_target_skip_unavailable': False, 'install_base': '/home/leyla/Documents/ejercicio2_ws/install/panda_movet', 'merge_install': False, 'path': '/home/leyla/Documents/ejercicio2_ws/src/panda_movet', 'symlink_install': False, 'test_result_base': None}
[0.288s] Level 5:colcon.colcon_core.verb:set package 'test_move' build argument 'cmake_args' from command line to 'None'
[0.288s] Level 5:colcon.colcon_core.verb:set package 'test_move' build argument 'cmake_target' from command line to 'None'
[0.288s] Level 5:colcon.colcon_core.verb:set package 'test_move' build argument 'cmake_target_skip_unavailable' from command line to 'False'
[0.288s] Level 5:colcon.colcon_core.verb:set package 'test_move' build argument 'cmake_clean_cache' from command line to 'False'
[0.288s] Level 5:colcon.colcon_core.verb:set package 'test_move' build argument 'cmake_clean_first' from command line to 'False'
[0.288s] Level 5:colcon.colcon_core.verb:set package 'test_move' build argument 'cmake_force_configure' from command line to 'False'
[0.288s] Level 5:colcon.colcon_core.verb:set package 'test_move' build argument 'ament_cmake_args' from command line to 'None'
[0.288s] Level 5:colcon.colcon_core.verb:set package 'test_move' build argument 'catkin_cmake_args' from command line to 'None'
[0.288s] Level 5:colcon.colcon_core.verb:set package 'test_move' build argument 'catkin_skip_building_tests' from command line to 'False'
[0.288s] DEBUG:colcon.colcon_core.verb:Building package 'test_move' with the following arguments: {'ament_cmake_args': None, 'build_base': '/home/leyla/Documents/ejercicio2_ws/build/test_move', 'catkin_cmake_args': None, 'catkin_skip_building_tests': False, 'cmake_args': None, 'cmake_clean_cache': False, 'cmake_clean_first': False, 'cmake_force_configure': False, 'cmake_target': None, 'cmake_target_skip_unavailable': False, 'install_base': '/home/leyla/Documents/ejercicio2_ws/install/test_move', 'merge_install': False, 'path': '/home/leyla/Documents/ejercicio2_ws/src/test_move', 'symlink_install': False, 'test_result_base': None}
[0.289s] INFO:colcon.colcon_core.executor:Executing jobs using 'parallel' executor
[0.289s] DEBUG:colcon.colcon_parallel_executor.executor.parallel:run_until_complete
[0.290s] INFO:colcon.colcon_ros.task.ament_cmake.build:Building ROS package in '/home/leyla/Documents/ejercicio2_ws/src/panda_movet' with build type 'ament_cmake'
[0.290s] INFO:colcon.colcon_cmake.task.cmake.build:Building CMake package in '/home/leyla/Documents/ejercicio2_ws/src/panda_movet'
[0.292s] INFO:colcon.colcon_core.plugin_system:Skipping extension 'colcon_core.shell.bat': Not used on non-Windows systems
[0.292s] INFO:colcon.colcon_core.shell:Skip shell extension 'powershell' for command environment: Not usable outside of PowerShell
[0.292s] DEBUG:colcon.colcon_core.shell:Skip shell extension 'dsv' for command environment
[0.297s] INFO:colcon.colcon_ros.task.ament_cmake.build:Building ROS package in '/home/leyla/Documents/ejercicio2_ws/src/test_move' with build type 'ament_cmake'
[0.298s] INFO:colcon.colcon_cmake.task.cmake.build:Building CMake package in '/home/leyla/Documents/ejercicio2_ws/src/test_move'
[0.298s] INFO:colcon.colcon_core.shell:Skip shell extension 'powershell' for command environment: Not usable outside of PowerShell
[0.298s] DEBUG:colcon.colcon_core.shell:Skip shell extension 'dsv' for command environment
[0.310s] DEBUG:colcon.colcon_core.event_handler.log_command:Invoking command in '/home/leyla/Documents/ejercicio2_ws/build/panda_movet': CMAKE_PREFIX_PATH=${CMAKE_PREFIX_PATH}:/home/leyla/Documents/ejercicio3_ws/install/robot_nav:/home/leyla/Documents/ejercicio3_ws/install/control_py:/home/leyla/Documents/ejercicio1_ws/install/visual_pubsub:/home/leyla/Documents/ejercicio2_ws/install/robot_nav:/home/leyla/Documents/ejercicio2_ws/install/control_py:/home/leyla/Documents/PARCIAL2_ws/install/visual_pubsub:/home/leyla/Documents/p2_ws/install/ej1_pkg:/home/leyla/Documents/p2_ws/install/visual_pubsub:/home/leyla/Desktop/2_parcialws/install/visual_pubsub:/home/leyla/Desktop/2_parcialws/install/ejercicio1_pkg:/home/leyla/Desktop/parcial2_ws/install/control_py:/home/leyla/Desktop/ver_ws/install/robot_nav:/home/leyla/turtlebot3_ws/install/turtlebot3_teleop:/home/leyla/turtlebot3_ws/install/turtlebot3_example:/opt/ros/humble /usr/bin/cmake --build /home/leyla/Documents/ejercicio2_ws/build/panda_movet -- -j20 -l20
[0.312s] DEBUG:colcon.colcon_core.event_handler.log_command:Invoking command in '/home/leyla/Documents/ejercicio2_ws/build/test_move': CMAKE_PREFIX_PATH=${CMAKE_PREFIX_PATH}:/home/leyla/Documents/ejercicio3_ws/install/robot_nav:/home/leyla/Documents/ejercicio3_ws/install/control_py:/home/leyla/Documents/ejercicio1_ws/install/visual_pubsub:/home/leyla/Documents/ejercicio2_ws/install/robot_nav:/home/leyla/Documents/ejercicio2_ws/install/control_py:/home/leyla/Documents/PARCIAL2_ws/install/visual_pubsub:/home/leyla/Documents/p2_ws/install/ej1_pkg:/home/leyla/Documents/p2_ws/install/visual_pubsub:/home/leyla/Desktop/2_parcialws/install/visual_pubsub:/home/leyla/Desktop/2_parcialws/install/ejercicio1_pkg:/home/leyla/Desktop/parcial2_ws/install/control_py:/home/leyla/Desktop/ver_ws/install/robot_nav:/home/leyla/turtlebot3_ws/install/turtlebot3_teleop:/home/leyla/turtlebot3_ws/install/turtlebot3_example:/opt/ros/humble /usr/bin/cmake --build /home/leyla/Documents/ejercicio2_ws/build/test_move -- -j20 -l20
[0.344s] DEBUG:colcon.colcon_core.event_handler.log_command:Invoked command in '/home/leyla/Documents/ejercicio2_ws/build/panda_movet' returned '0': CMAKE_PREFIX_PATH=${CMAKE_PREFIX_PATH}:/home/leyla/Documents/ejercicio3_ws/install/robot_nav:/home/leyla/Documents/ejercicio3_ws/install/control_py:/home/leyla/Documents/ejercicio1_ws/install/visual_pubsub:/home/leyla/Documents/ejercicio2_ws/install/robot_nav:/home/leyla/Documents/ejercicio2_ws/install/control_py:/home/leyla/Documents/PARCIAL2_ws/install/visual_pubsub:/home/leyla/Documents/p2_ws/install/ej1_pkg:/home/leyla/Documents/p2_ws/install/visual_pubsub:/home/leyla/Desktop/2_parcialws/install/visual_pubsub:/home/leyla/Desktop/2_parcialws/install/ejercicio1_pkg:/home/leyla/Desktop/parcial2_ws/install/control_py:/home/leyla/Desktop/ver_ws/install/robot_nav:/home/leyla/turtlebot3_ws/install/turtlebot3_teleop:/home/leyla/turtlebot3_ws/install/turtlebot3_example:/opt/ros/humble /usr/bin/cmake --build /home/leyla/Documents/ejercicio2_ws/build/panda_movet -- -j20 -l20
[0.353s] DEBUG:colcon.colcon_core.event_handler.log_command:Invoking command in '/home/leyla/Documents/ejercicio2_ws/build/panda_movet': CMAKE_PREFIX_PATH=${CMAKE_PREFIX_PATH}:/home/leyla/Documents/ejercicio3_ws/install/robot_nav:/home/leyla/Documents/ejercicio3_ws/install/control_py:/home/leyla/Documents/ejercicio1_ws/install/visual_pubsub:/home/leyla/Documents/ejercicio2_ws/install/robot_nav:/home/leyla/Documents/ejercicio2_ws/install/control_py:/home/leyla/Documents/PARCIAL2_ws/install/visual_pubsub:/home/leyla/Documents/p2_ws/install/ej1_pkg:/home/leyla/Documents/p2_ws/install/visual_pubsub:/home/leyla/Desktop/2_parcialws/install/visual_pubsub:/home/leyla/Desktop/2_parcialws/install/ejercicio1_pkg:/home/leyla/Desktop/parcial2_ws/install/control_py:/home/leyla/Desktop/ver_ws/install/robot_nav:/home/leyla/turtlebot3_ws/install/turtlebot3_teleop:/home/leyla/turtlebot3_ws/install/turtlebot3_example:/opt/ros/humble /usr/bin/cmake --install /home/leyla/Documents/ejercicio2_ws/build/panda_movet
[0.363s] Level 1:colcon.colcon_core.environment:create_environment_scripts_only(panda_movet)
[0.364s] DEBUG:colcon.colcon_core.event_handler.log_command:Invoked command in '/home/leyla/Documents/ejercicio2_ws/build/panda_movet' returned '0': CMAKE_PREFIX_PATH=${CMAKE_PREFIX_PATH}:/home/leyla/Documents/ejercicio3_ws/install/robot_nav:/home/leyla/Documents/ejercicio3_ws/install/control_py:/home/leyla/Documents/ejercicio1_ws/install/visual_pubsub:/home/leyla/Documents/ejercicio2_ws/install/robot_nav:/home/leyla/Documents/ejercicio2_ws/install/control_py:/home/leyla/Documents/PARCIAL2_ws/install/visual_pubsub:/home/leyla/Documents/p2_ws/install/ej1_pkg:/home/leyla/Documents/p2_ws/install/visual_pubsub:/home/leyla/Desktop/2_parcialws/install/visual_pubsub:/home/leyla/Desktop/2_parcialws/install/ejercicio1_pkg:/home/leyla/Desktop/parcial2_ws/install/control_py:/home/leyla/Desktop/ver_ws/install/robot_nav:/home/leyla/turtlebot3_ws/install/turtlebot3_teleop:/home/leyla/turtlebot3_ws/install/turtlebot3_example:/opt/ros/humble /usr/bin/cmake --install /home/leyla/Documents/ejercicio2_ws/build/panda_movet
[0.365s] Level 1:colcon.colcon_core.environment:checking '/home/leyla/Documents/ejercicio2_ws/install/panda_movet' for CMake module files
[0.366s] Level 1:colcon.colcon_core.environment:checking '/home/leyla/Documents/ejercicio2_ws/install/panda_movet' for CMake config files
[0.366s] Level 1:colcon.colcon_core.shell:create_environment_hook('panda_movet', 'cmake_prefix_path')
[0.366s] INFO:colcon.colcon_core.shell:Creating environment hook '/home/leyla/Documents/ejercicio2_ws/install/panda_movet/share/panda_movet/hook/cmake_prefix_path.ps1'
[0.366s] INFO:colcon.colcon_core.shell:Creating environment descriptor '/home/leyla/Documents/ejercicio2_ws/install/panda_movet/share/panda_movet/hook/cmake_prefix_path.dsv'
[0.367s] INFO:colcon.colcon_core.shell:Creating environment hook '/home/leyla/Documents/ejercicio2_ws/install/panda_movet/share/panda_movet/hook/cmake_prefix_path.sh'
[0.367s] Level 1:colcon.colcon_core.environment:checking '/home/leyla/Documents/ejercicio2_ws/install/panda_movet/bin'
[0.367s] Level 1:colcon.colcon_core.environment:checking '/home/leyla/Documents/ejercicio2_ws/install/panda_movet/lib/pkgconfig/panda_movet.pc'
[0.368s] Level 1:colcon.colcon_core.environment:checking '/home/leyla/Documents/ejercicio2_ws/install/panda_movet/lib/python3.10/site-packages'
[0.368s] Level 1:colcon.colcon_core.environment:checking '/home/leyla/Documents/ejercicio2_ws/install/panda_movet/bin'
[0.368s] INFO:colcon.colcon_core.shell:Creating package script '/home/leyla/Documents/ejercicio2_ws/install/panda_movet/share/panda_movet/package.ps1'
[0.369s] INFO:colcon.colcon_core.shell:Creating package descriptor '/home/leyla/Documents/ejercicio2_ws/install/panda_movet/share/panda_movet/package.dsv'
[0.369s] INFO:colcon.colcon_core.shell:Creating package script '/home/leyla/Documents/ejercicio2_ws/install/panda_movet/share/panda_movet/package.sh'
[0.370s] INFO:colcon.colcon_core.shell:Creating package script '/home/leyla/Documents/ejercicio2_ws/install/panda_movet/share/panda_movet/package.bash'
[0.371s] INFO:colcon.colcon_core.shell:Creating package script '/home/leyla/Documents/ejercicio2_ws/install/panda_movet/share/panda_movet/package.zsh'
[0.371s] Level 1:colcon.colcon_core.environment:create_file_with_runtime_dependencies(/home/leyla/Documents/ejercicio2_ws/install/panda_movet/share/colcon-core/packages/panda_movet)
[0.371s] Level 1:colcon.colcon_core.environment:create_environment_scripts_only(panda_movet)
[0.372s] Level 1:colcon.colcon_core.environment:checking '/home/leyla/Documents/ejercicio2_ws/install/panda_movet' for CMake module files
[0.372s] Level 1:colcon.colcon_core.environment:checking '/home/leyla/Documents/ejercicio2_ws/install/panda_movet' for CMake config files
[0.372s] Level 1:colcon.colcon_core.shell:create_environment_hook('panda_movet', 'cmake_prefix_path')
[0.372s] INFO:colcon.colcon_core.shell:Creating environment hook '/home/leyla/Documents/ejercicio2_ws/install/panda_movet/share/panda_movet/hook/cmake_prefix_path.ps1'
[0.372s] INFO:colcon.colcon_core.shell:Creating environment descriptor '/home/leyla/Documents/ejercicio2_ws/install/panda_movet/share/panda_movet/hook/cmake_prefix_path.dsv'
[0.373s] INFO:colcon.colcon_core.shell:Creating environment hook '/home/leyla/Documents/ejercicio2_ws/install/panda_movet/share/panda_movet/hook/cmake_prefix_path.sh'
[0.373s] Level 1:colcon.colcon_core.environment:checking '/home/leyla/Documents/ejercicio2_ws/install/panda_movet/bin'
[0.373s] Level 1:colcon.colcon_core.environment:checking '/home/leyla/Documents/ejercicio2_ws/install/panda_movet/lib/pkgconfig/panda_movet.pc'
[0.373s] Level 1:colcon.colcon_core.environment:checking '/home/leyla/Documents/ejercicio2_ws/install/panda_movet/lib/python3.10/site-packages'
[0.373s] Level 1:colcon.colcon_core.environment:checking '/home/leyla/Documents/ejercicio2_ws/install/panda_movet/bin'
[0.374s] INFO:colcon.colcon_core.shell:Creating package script '/home/leyla/Documents/ejercicio2_ws/install/panda_movet/share/panda_movet/package.ps1'
[0.374s] INFO:colcon.colcon_core.shell:Creating package descriptor '/home/leyla/Documents/ejercicio2_ws/install/panda_movet/share/panda_movet/package.dsv'
[0.374s] INFO:colcon.colcon_core.shell:Creating package script '/home/leyla/Documents/ejercicio2_ws/install/panda_movet/share/panda_movet/package.sh'
[0.374s] INFO:colcon.colcon_core.shell:Creating package script '/home/leyla/Documents/ejercicio2_ws/install/panda_movet/share/panda_movet/package.bash'
[0.375s] INFO:colcon.colcon_core.shell:Creating package script '/home/leyla/Documents/ejercicio2_ws/install/panda_movet/share/panda_movet/package.zsh'
[0.375s] Level 1:colcon.colcon_core.environment:create_file_with_runtime_dependencies(/home/leyla/Documents/ejercicio2_ws/install/panda_movet/share/colcon-core/packages/panda_movet)
[1.207s] DEBUG:colcon.colcon_core.event_handler.log_command:Invoked command in '/home/leyla/Documents/ejercicio2_ws/build/test_move' returned '0': CMAKE_PREFIX_PATH=${CMAKE_PREFIX_PATH}:/home/leyla/Documents/ejercicio3_ws/install/robot_nav:/home/leyla/Documents/ejercicio3_ws/install/control_py:/home/leyla/Documents/ejercicio1_ws/install/visual_pubsub:/home/leyla/Documents/ejercicio2_ws/install/robot_nav:/home/leyla/Documents/ejercicio2_ws/install/control_py:/home/leyla/Documents/PARCIAL2_ws/install/visual_pubsub:/home/leyla/Documents/p2_ws/install/ej1_pkg:/home/leyla/Documents/p2_ws/install/visual_pubsub:/home/leyla/Desktop/2_parcialws/install/visual_pubsub:/home/leyla/Desktop/2_parcialws/install/ejercicio1_pkg:/home/leyla/Desktop/parcial2_ws/install/control_py:/home/leyla/Desktop/ver_ws/install/robot_nav:/home/leyla/turtlebot3_ws/install/turtlebot3_teleop:/home/leyla/turtlebot3_ws/install/turtlebot3_example:/opt/ros/humble /usr/bin/cmake --build /home/leyla/Documents/ejercicio2_ws/build/test_move -- -j20 -l20
[1.207s] DEBUG:colcon.colcon_core.event_handler.log_command:Invoking command in '/home/leyla/Documents/ejercicio2_ws/build/test_move': CMAKE_PREFIX_PATH=${CMAKE_PREFIX_PATH}:/home/leyla/Documents/ejercicio3_ws/install/robot_nav:/home/leyla/Documents/ejercicio3_ws/install/control_py:/home/leyla/Documents/ejercicio1_ws/install/visual_pubsub:/home/leyla/Documents/ejercicio2_ws/install/robot_nav:/home/leyla/Documents/ejercicio2_ws/install/control_py:/home/leyla/Documents/PARCIAL2_ws/install/visual_pubsub:/home/leyla/Documents/p2_ws/install/ej1_pkg:/home/leyla/Documents/p2_ws/install/visual_pubsub:/home/leyla/Desktop/2_parcialws/install/visual_pubsub:/home/leyla/Desktop/2_parcialws/install/ejercicio1_pkg:/home/leyla/Desktop/parcial2_ws/install/control_py:/home/leyla/Desktop/ver_ws/install/robot_nav:/home/leyla/turtlebot3_ws/install/turtlebot3_teleop:/home/leyla/turtlebot3_ws/install/turtlebot3_example:/opt/ros/humble /usr/bin/cmake --install /home/leyla/Documents/ejercicio2_ws/build/test_move
[1.219s] Level 1:colcon.colcon_core.environment:create_environment_scripts_only(test_move)
[1.219s] Level 1:colcon.colcon_core.environment:checking '/home/leyla/Documents/ejercicio2_ws/install/test_move' for CMake module files
[1.220s] DEBUG:colcon.colcon_core.event_handler.log_command:Invoked command in '/home/leyla/Documents/ejercicio2_ws/build/test_move' returned '0': CMAKE_PREFIX_PATH=${CMAKE_PREFIX_PATH}:/home/leyla/Documents/ejercicio3_ws/install/robot_nav:/home/leyla/Documents/ejercicio3_ws/install/control_py:/home/leyla/Documents/ejercicio1_ws/install/visual_pubsub:/home/leyla/Documents/ejercicio2_ws/install/robot_nav:/home/leyla/Documents/ejercicio2_ws/install/control_py:/home/leyla/Documents/PARCIAL2_ws/install/visual_pubsub:/home/leyla/Documents/p2_ws/install/ej1_pkg:/home/leyla/Documents/p2_ws/install/visual_pubsub:/home/leyla/Desktop/2_parcialws/install/visual_pubsub:/home/leyla/Desktop/2_parcialws/install/ejercicio1_pkg:/home/leyla/Desktop/parcial2_ws/install/control_py:/home/leyla/Desktop/ver_ws/install/robot_nav:/home/leyla/turtlebot3_ws/install/turtlebot3_teleop:/home/leyla/turtlebot3_ws/install/turtlebot3_example:/opt/ros/humble /usr/bin/cmake --install /home/leyla/Documents/ejercicio2_ws/build/test_move
[1.221s] Level 1:colcon.colcon_core.environment:checking '/home/leyla/Documents/ejercicio2_ws/install/test_move' for CMake config files
[1.221s] Level 1:colcon.colcon_core.shell:create_environment_hook('test_move', 'cmake_prefix_path')
[1.222s] INFO:colcon.colcon_core.shell:Creating environment hook '/home/leyla/Documents/ejercicio2_ws/install/test_move/share/test_move/hook/cmake_prefix_path.ps1'
[1.223s] INFO:colcon.colcon_core.shell:Creating environment descriptor '/home/leyla/Documents/ejercicio2_ws/install/test_move/share/test_move/hook/cmake_prefix_path.dsv'
[1.223s] INFO:colcon.colcon_core.shell:Creating environment hook '/home/leyla/Documents/ejercicio2_ws/install/test_move/share/test_move/hook/cmake_prefix_path.sh'
[1.224s] Level 1:colcon.colcon_core.environment:checking '/home/leyla/Documents/ejercicio2_ws/install/test_move/lib'
[1.225s] Level 1:colcon.colcon_core.environment:checking '/home/leyla/Documents/ejercicio2_ws/install/test_move/bin'
[1.225s] Level 1:colcon.colcon_core.environment:checking '/home/leyla/Documents/ejercicio2_ws/install/test_move/lib/pkgconfig/test_move.pc'
[1.225s] Level 1:colcon.colcon_core.environment:checking '/home/leyla/Documents/ejercicio2_ws/install/test_move/lib/python3.10/site-packages'
[1.225s] Level 1:colcon.colcon_core.environment:checking '/home/leyla/Documents/ejercicio2_ws/install/test_move/bin'
[1.226s] INFO:colcon.colcon_core.shell:Creating package script '/home/leyla/Documents/ejercicio2_ws/install/test_move/share/test_move/package.ps1'
[1.227s] INFO:colcon.colcon_core.shell:Creating package descriptor '/home/leyla/Documents/ejercicio2_ws/install/test_move/share/test_move/package.dsv'
[1.227s] INFO:colcon.colcon_core.shell:Creating package script '/home/leyla/Documents/ejercicio2_ws/install/test_move/share/test_move/package.sh'
[1.228s] INFO:colcon.colcon_core.shell:Creating package script '/home/leyla/Documents/ejercicio2_ws/install/test_move/share/test_move/package.bash'
[1.228s] INFO:colcon.colcon_core.shell:Creating package script '/home/leyla/Documents/ejercicio2_ws/install/test_move/share/test_move/package.zsh'
[1.229s] Level 1:colcon.colcon_core.environment:create_file_with_runtime_dependencies(/home/leyla/Documents/ejercicio2_ws/install/test_move/share/colcon-core/packages/test_move)
[1.230s] Level 1:colcon.colcon_core.environment:create_environment_scripts_only(test_move)
[1.230s] Level 1:colcon.colcon_core.environment:checking '/home/leyla/Documents/ejercicio2_ws/install/test_move' for CMake module files
[1.231s] Level 1:colcon.colcon_core.environment:checking '/home/leyla/Documents/ejercicio2_ws/install/test_move' for CMake config files
[1.231s] Level 1:colcon.colcon_core.shell:create_environment_hook('test_move', 'cmake_prefix_path')
[1.231s] INFO:colcon.colcon_core.shell:Creating environment hook '/home/leyla/Documents/ejercicio2_ws/install/test_move/share/test_move/hook/cmake_prefix_path.ps1'
[1.232s] INFO:colcon.colcon_core.shell:Creating environment descriptor '/home/leyla/Documents/ejercicio2_ws/install/test_move/share/test_move/hook/cmake_prefix_path.dsv'
[1.232s] INFO:colcon.colcon_core.shell:Creating environment hook '/home/leyla/Documents/ejercicio2_ws/install/test_move/share/test_move/hook/cmake_prefix_path.sh'
[1.233s] Level 1:colcon.colcon_core.environment:checking '/home/leyla/Documents/ejercicio2_ws/install/test_move/lib'
[1.233s] Level 1:colcon.colcon_core.environment:checking '/home/leyla/Documents/ejercicio2_ws/install/test_move/bin'
[1.233s] Level 1:colcon.colcon_core.environment:checking '/home/leyla/Documents/ejercicio2_ws/install/test_move/lib/pkgconfig/test_move.pc'
[1.233s] Level 1:colcon.colcon_core.environment:checking '/home/leyla/Documents/ejercicio2_ws/install/test_move/lib/python3.10/site-packages'
[1.233s] Level 1:colcon.colcon_core.environment:checking '/home/leyla/Documents/ejercicio2_ws/install/test_move/bin'
[1.233s] INFO:colcon.colcon_core.shell:Creating package script '/home/leyla/Documents/ejercicio2_ws/install/test_move/share/test_move/package.ps1'
[1.234s] INFO:colcon.colcon_core.shell:Creating package descriptor '/home/leyla/Documents/ejercicio2_ws/install/test_move/share/test_move/package.dsv'
[1.234s] INFO:colcon.colcon_core.shell:Creating package script '/home/leyla/Documents/ejercicio2_ws/install/test_move/share/test_move/package.sh'
[1.235s] INFO:colcon.colcon_core.shell:Creating package script '/home/leyla/Documents/ejercicio2_ws/install/test_move/share/test_move/package.bash'
[1.235s] INFO:colcon.colcon_core.shell:Creating package script '/home/leyla/Documents/ejercicio2_ws/install/test_move/share/test_move/package.zsh'
[1.236s] Level 1:colcon.colcon_core.environment:create_file_with_runtime_dependencies(/home/leyla/Documents/ejercicio2_ws/install/test_move/share/colcon-core/packages/test_move)
[1.236s] DEBUG:colcon.colcon_parallel_executor.executor.parallel:closing loop
[1.236s] DEBUG:colcon.colcon_parallel_executor.executor.parallel:loop closed
[1.236s] DEBUG:colcon.colcon_parallel_executor.executor.parallel:run_until_complete finished with '0'
[1.236s] DEBUG:colcon.colcon_core.event_reactor:joining thread
[1.244s] INFO:colcon.colcon_core.plugin_system:Skipping extension 'colcon_notification.desktop_notification.terminal_notifier': Not used on non-Darwin systems
[1.244s] INFO:colcon.colcon_core.plugin_system:Skipping extension 'colcon_notification.desktop_notification.win32': Not used on non-Windows systems
[1.244s] INFO:colcon.colcon_notification.desktop_notification:Sending desktop notification using 'notify2'
[1.258s] DEBUG:colcon.colcon_core.event_reactor:joined thread
[1.259s] INFO:colcon.colcon_core.shell:Creating prefix script '/home/leyla/Documents/ejercicio2_ws/install/local_setup.ps1'
[1.260s] INFO:colcon.colcon_core.shell:Creating prefix util module '/home/leyla/Documents/ejercicio2_ws/install/_local_setup_util_ps1.py'
[1.261s] INFO:colcon.colcon_core.shell:Creating prefix chain script '/home/leyla/Documents/ejercicio2_ws/install/setup.ps1'
[1.264s] INFO:colcon.colcon_core.shell:Creating prefix script '/home/leyla/Documents/ejercicio2_ws/install/local_setup.sh'
[1.264s] INFO:colcon.colcon_core.shell:Creating prefix util module '/home/leyla/Documents/ejercicio2_ws/install/_local_setup_util_sh.py'
[1.265s] INFO:colcon.colcon_core.shell:Creating prefix chain script '/home/leyla/Documents/ejercicio2_ws/install/setup.sh'
[1.268s] INFO:colcon.colcon_core.shell:Creating prefix script '/home/leyla/Documents/ejercicio2_ws/install/local_setup.bash'
[1.268s] INFO:colcon.colcon_core.shell:Creating prefix chain script '/home/leyla/Documents/ejercicio2_ws/install/setup.bash'
[1.270s] INFO:colcon.colcon_core.shell:Creating prefix script '/home/leyla/Documents/ejercicio2_ws/install/local_setup.zsh'
[1.271s] INFO:colcon.colcon_core.shell:Creating prefix chain script '/home/leyla/Documents/ejercicio2_ws/install/setup.zsh'
