running egg_info
creating ../../build/control_py/control_py.egg-info
writing ../../build/control_py/control_py.egg-info/PKG-INFO
writing dependency_links to ../../build/control_py/control_py.egg-info/dependency_links.txt
writing entry points to ../../build/control_py/control_py.egg-info/entry_points.txt
writing requirements to ../../build/control_py/control_py.egg-info/requires.txt
writing top-level names to ../../build/control_py/control_py.egg-info/top_level.txt
writing manifest file '../../build/control_py/control_py.egg-info/SOURCES.txt'
reading manifest file '../../build/control_py/control_py.egg-info/SOURCES.txt'
adding license file 'LICENSE'
writing manifest file '../../build/control_py/control_py.egg-info/SOURCES.txt'
running build
running build_py
creating /home/leyla/Documents/ejercicio2_ws/build/control_py/build
creating /home/leyla/Documents/ejercicio2_ws/build/control_py/build/lib
creating /home/leyla/Documents/ejercicio2_ws/build/control_py/build/lib/control_py
copying control_py/__init__.py -> /home/leyla/Documents/ejercicio2_ws/build/control_py/build/lib/control_py
copying control_py/control_distance.py -> /home/leyla/Documents/ejercicio2_ws/build/control_py/build/lib/control_py
copying control_py/nav2.py -> /home/leyla/Documents/ejercicio2_ws/build/control_py/build/lib/control_py
copying control_py/navegacion.py -> /home/leyla/Documents/ejercicio2_ws/build/control_py/build/lib/control_py
copying control_py/control.py -> /home/leyla/Documents/ejercicio2_ws/build/control_py/build/lib/control_py
copying control_py/nav_auto.py -> /home/leyla/Documents/ejercicio2_ws/build/control_py/build/lib/control_py
copying control_py/marker.py -> /home/leyla/Documents/ejercicio2_ws/build/control_py/build/lib/control_py
copying control_py/sub_laser.py -> /home/leyla/Documents/ejercicio2_ws/build/control_py/build/lib/control_py
copying control_py/ejercicio3.py -> /home/leyla/Documents/ejercicio2_ws/build/control_py/build/lib/control_py
running install
running install_lib
creating /home/leyla/Documents/ejercicio2_ws/install/control_py/lib/python3.10/site-packages/control_py
copying /home/leyla/Documents/ejercicio2_ws/build/control_py/build/lib/control_py/__init__.py -> /home/leyla/Documents/ejercicio2_ws/install/control_py/lib/python3.10/site-packages/control_py
copying /home/leyla/Documents/ejercicio2_ws/build/control_py/build/lib/control_py/control_distance.py -> /home/leyla/Documents/ejercicio2_ws/install/control_py/lib/python3.10/site-packages/control_py
copying /home/leyla/Documents/ejercicio2_ws/build/control_py/build/lib/control_py/nav2.py -> /home/leyla/Documents/ejercicio2_ws/install/control_py/lib/python3.10/site-packages/control_py
copying /home/leyla/Documents/ejercicio2_ws/build/control_py/build/lib/control_py/navegacion.py -> /home/leyla/Documents/ejercicio2_ws/install/control_py/lib/python3.10/site-packages/control_py
copying /home/leyla/Documents/ejercicio2_ws/build/control_py/build/lib/control_py/control.py -> /home/leyla/Documents/ejercicio2_ws/install/control_py/lib/python3.10/site-packages/control_py
copying /home/leyla/Documents/ejercicio2_ws/build/control_py/build/lib/control_py/nav_auto.py -> /home/leyla/Documents/ejercicio2_ws/install/control_py/lib/python3.10/site-packages/control_py
copying /home/leyla/Documents/ejercicio2_ws/build/control_py/build/lib/control_py/marker.py -> /home/leyla/Documents/ejercicio2_ws/install/control_py/lib/python3.10/site-packages/control_py
copying /home/leyla/Documents/ejercicio2_ws/build/control_py/build/lib/control_py/sub_laser.py -> /home/leyla/Documents/ejercicio2_ws/install/control_py/lib/python3.10/site-packages/control_py
copying /home/leyla/Documents/ejercicio2_ws/build/control_py/build/lib/control_py/ejercicio3.py -> /home/leyla/Documents/ejercicio2_ws/install/control_py/lib/python3.10/site-packages/control_py
byte-compiling /home/leyla/Documents/ejercicio2_ws/install/control_py/lib/python3.10/site-packages/control_py/__init__.py to __init__.cpython-310.pyc
byte-compiling /home/leyla/Documents/ejercicio2_ws/install/control_py/lib/python3.10/site-packages/control_py/control_distance.py to control_distance.cpython-310.pyc
byte-compiling /home/leyla/Documents/ejercicio2_ws/install/control_py/lib/python3.10/site-packages/control_py/nav2.py to nav2.cpython-310.pyc
byte-compiling /home/leyla/Documents/ejercicio2_ws/install/control_py/lib/python3.10/site-packages/control_py/navegacion.py to navegacion.cpython-310.pyc
byte-compiling /home/leyla/Documents/ejercicio2_ws/install/control_py/lib/python3.10/site-packages/control_py/control.py to control.cpython-310.pyc
byte-compiling /home/leyla/Documents/ejercicio2_ws/install/control_py/lib/python3.10/site-packages/control_py/nav_auto.py to nav_auto.cpython-310.pyc
byte-compiling /home/leyla/Documents/ejercicio2_ws/install/control_py/lib/python3.10/site-packages/control_py/marker.py to marker.cpython-310.pyc
byte-compiling /home/leyla/Documents/ejercicio2_ws/install/control_py/lib/python3.10/site-packages/control_py/sub_laser.py to sub_laser.cpython-310.pyc
byte-compiling /home/leyla/Documents/ejercicio2_ws/install/control_py/lib/python3.10/site-packages/control_py/ejercicio3.py to ejercicio3.cpython-310.pyc
running install_data
creating /home/leyla/Documents/ejercicio2_ws/install/control_py/share/ament_index
creating /home/leyla/Documents/ejercicio2_ws/install/control_py/share/ament_index/resource_index
creating /home/leyla/Documents/ejercicio2_ws/install/control_py/share/ament_index/resource_index/packages
copying resource/control_py -> /home/leyla/Documents/ejercicio2_ws/install/control_py/share/ament_index/resource_index/packages
copying package.xml -> /home/leyla/Documents/ejercicio2_ws/install/control_py/share/control_py
running install_egg_info
Copying ../../build/control_py/control_py.egg-info to /home/leyla/Documents/ejercicio2_ws/install/control_py/lib/python3.10/site-packages/control_py-0.0.0-py3.10.egg-info
running install_scripts
Installing control script to /home/leyla/Documents/ejercicio2_ws/install/control_py/lib/control_py
Installing control_distance script to /home/leyla/Documents/ejercicio2_ws/install/control_py/lib/control_py
Installing ejercicio3 script to /home/leyla/Documents/ejercicio2_ws/install/control_py/lib/control_py
Installing marker_v script to /home/leyla/Documents/ejercicio2_ws/install/control_py/lib/control_py
Installing nav2 script to /home/leyla/Documents/ejercicio2_ws/install/control_py/lib/control_py
Installing nav_auto script to /home/leyla/Documents/ejercicio2_ws/install/control_py/lib/control_py
Installing navegacion script to /home/leyla/Documents/ejercicio2_ws/install/control_py/lib/control_py
Installing sub_laser script to /home/leyla/Documents/ejercicio2_ws/install/control_py/lib/control_py
writing list of installed files to '/home/leyla/Documents/ejercicio2_ws/build/control_py/install.log'
