[0.379s] Invoking command in '/home/leyla/Documents/ejercicio2_ws/src/control_py': PYTHONPATH=/home/leyla/Documents/ejercicio2_ws/build/control_py/prefix_override:/usr/lib/python3/dist-packages/colcon_core/task/python/colcon_distutils_commands:/home/leyla/Documents/ejercicio2_ws/install/control_py/lib/python3.10/site-packages:${PYTHONPATH} /usr/bin/python3 -W ignore:setup.py install is deprecated -W ignore:easy_install command is deprecated setup.py egg_info --egg-base ../../build/control_py build --build-base /home/leyla/Documents/ejercicio2_ws/build/control_py/build install --record /home/leyla/Documents/ejercicio2_ws/build/control_py/install.log --single-version-externally-managed install_data
[0.510s] running egg_info
[0.511s] creating ../../build/control_py/control_py.egg-info
[0.511s] writing ../../build/control_py/control_py.egg-info/PKG-INFO
[0.511s] writing dependency_links to ../../build/control_py/control_py.egg-info/dependency_links.txt
[0.511s] writing entry points to ../../build/control_py/control_py.egg-info/entry_points.txt
[0.511s] writing requirements to ../../build/control_py/control_py.egg-info/requires.txt
[0.511s] writing top-level names to ../../build/control_py/control_py.egg-info/top_level.txt
[0.511s] writing manifest file '../../build/control_py/control_py.egg-info/SOURCES.txt'
[0.512s] reading manifest file '../../build/control_py/control_py.egg-info/SOURCES.txt'
[0.512s] adding license file 'LICENSE'
[0.513s] writing manifest file '../../build/control_py/control_py.egg-info/SOURCES.txt'
[0.513s] running build
[0.513s] running build_py
[0.513s] creating /home/leyla/Documents/ejercicio2_ws/build/control_py/build
[0.513s] creating /home/leyla/Documents/ejercicio2_ws/build/control_py/build/lib
[0.513s] creating /home/leyla/Documents/ejercicio2_ws/build/control_py/build/lib/control_py
[0.513s] copying control_py/__init__.py -> /home/leyla/Documents/ejercicio2_ws/build/control_py/build/lib/control_py
[0.513s] copying control_py/control_distance.py -> /home/leyla/Documents/ejercicio2_ws/build/control_py/build/lib/control_py
[0.513s] copying control_py/nav2.py -> /home/leyla/Documents/ejercicio2_ws/build/control_py/build/lib/control_py
[0.513s] copying control_py/navegacion.py -> /home/leyla/Documents/ejercicio2_ws/build/control_py/build/lib/control_py
[0.513s] copying control_py/control.py -> /home/leyla/Documents/ejercicio2_ws/build/control_py/build/lib/control_py
[0.513s] copying control_py/nav_auto.py -> /home/leyla/Documents/ejercicio2_ws/build/control_py/build/lib/control_py
[0.513s] copying control_py/marker.py -> /home/leyla/Documents/ejercicio2_ws/build/control_py/build/lib/control_py
[0.513s] copying control_py/sub_laser.py -> /home/leyla/Documents/ejercicio2_ws/build/control_py/build/lib/control_py
[0.513s] copying control_py/ejercicio3.py -> /home/leyla/Documents/ejercicio2_ws/build/control_py/build/lib/control_py
[0.514s] running install
[0.514s] running install_lib
[0.514s] creating /home/leyla/Documents/ejercicio2_ws/install/control_py/lib/python3.10/site-packages/control_py
[0.514s] copying /home/leyla/Documents/ejercicio2_ws/build/control_py/build/lib/control_py/__init__.py -> /home/leyla/Documents/ejercicio2_ws/install/control_py/lib/python3.10/site-packages/control_py
[0.514s] copying /home/leyla/Documents/ejercicio2_ws/build/control_py/build/lib/control_py/control_distance.py -> /home/leyla/Documents/ejercicio2_ws/install/control_py/lib/python3.10/site-packages/control_py
[0.515s] copying /home/leyla/Documents/ejercicio2_ws/build/control_py/build/lib/control_py/nav2.py -> /home/leyla/Documents/ejercicio2_ws/install/control_py/lib/python3.10/site-packages/control_py
[0.515s] copying /home/leyla/Documents/ejercicio2_ws/build/control_py/build/lib/control_py/navegacion.py -> /home/leyla/Documents/ejercicio2_ws/install/control_py/lib/python3.10/site-packages/control_py
[0.515s] copying /home/leyla/Documents/ejercicio2_ws/build/control_py/build/lib/control_py/control.py -> /home/leyla/Documents/ejercicio2_ws/install/control_py/lib/python3.10/site-packages/control_py
[0.515s] copying /home/leyla/Documents/ejercicio2_ws/build/control_py/build/lib/control_py/nav_auto.py -> /home/leyla/Documents/ejercicio2_ws/install/control_py/lib/python3.10/site-packages/control_py
[0.515s] copying /home/leyla/Documents/ejercicio2_ws/build/control_py/build/lib/control_py/marker.py -> /home/leyla/Documents/ejercicio2_ws/install/control_py/lib/python3.10/site-packages/control_py
[0.515s] copying /home/leyla/Documents/ejercicio2_ws/build/control_py/build/lib/control_py/sub_laser.py -> /home/leyla/Documents/ejercicio2_ws/install/control_py/lib/python3.10/site-packages/control_py
[0.515s] copying /home/leyla/Documents/ejercicio2_ws/build/control_py/build/lib/control_py/ejercicio3.py -> /home/leyla/Documents/ejercicio2_ws/install/control_py/lib/python3.10/site-packages/control_py
[0.515s] byte-compiling /home/leyla/Documents/ejercicio2_ws/install/control_py/lib/python3.10/site-packages/control_py/__init__.py to __init__.cpython-310.pyc
[0.515s] byte-compiling /home/leyla/Documents/ejercicio2_ws/install/control_py/lib/python3.10/site-packages/control_py/control_distance.py to control_distance.cpython-310.pyc
[0.515s] byte-compiling /home/leyla/Documents/ejercicio2_ws/install/control_py/lib/python3.10/site-packages/control_py/nav2.py to nav2.cpython-310.pyc
[0.517s] byte-compiling /home/leyla/Documents/ejercicio2_ws/install/control_py/lib/python3.10/site-packages/control_py/navegacion.py to navegacion.cpython-310.pyc
[0.517s] byte-compiling /home/leyla/Documents/ejercicio2_ws/install/control_py/lib/python3.10/site-packages/control_py/control.py to control.cpython-310.pyc
[0.517s] byte-compiling /home/leyla/Documents/ejercicio2_ws/install/control_py/lib/python3.10/site-packages/control_py/nav_auto.py to nav_auto.cpython-310.pyc
[0.518s] byte-compiling /home/leyla/Documents/ejercicio2_ws/install/control_py/lib/python3.10/site-packages/control_py/marker.py to marker.cpython-310.pyc
[0.518s] byte-compiling /home/leyla/Documents/ejercicio2_ws/install/control_py/lib/python3.10/site-packages/control_py/sub_laser.py to sub_laser.cpython-310.pyc
[0.518s] byte-compiling /home/leyla/Documents/ejercicio2_ws/install/control_py/lib/python3.10/site-packages/control_py/ejercicio3.py to ejercicio3.cpython-310.pyc
[0.519s] running install_data
[0.519s] creating /home/leyla/Documents/ejercicio2_ws/install/control_py/share/ament_index
[0.519s] creating /home/leyla/Documents/ejercicio2_ws/install/control_py/share/ament_index/resource_index
[0.519s] creating /home/leyla/Documents/ejercicio2_ws/install/control_py/share/ament_index/resource_index/packages
[0.519s] copying resource/control_py -> /home/leyla/Documents/ejercicio2_ws/install/control_py/share/ament_index/resource_index/packages
[0.519s] copying package.xml -> /home/leyla/Documents/ejercicio2_ws/install/control_py/share/control_py
[0.519s] running install_egg_info
[0.520s] Copying ../../build/control_py/control_py.egg-info to /home/leyla/Documents/ejercicio2_ws/install/control_py/lib/python3.10/site-packages/control_py-0.0.0-py3.10.egg-info
[0.520s] running install_scripts
[0.532s] Installing control script to /home/leyla/Documents/ejercicio2_ws/install/control_py/lib/control_py
[0.532s] Installing control_distance script to /home/leyla/Documents/ejercicio2_ws/install/control_py/lib/control_py
[0.532s] Installing ejercicio3 script to /home/leyla/Documents/ejercicio2_ws/install/control_py/lib/control_py
[0.532s] Installing marker_v script to /home/leyla/Documents/ejercicio2_ws/install/control_py/lib/control_py
[0.532s] Installing nav2 script to /home/leyla/Documents/ejercicio2_ws/install/control_py/lib/control_py
[0.532s] Installing nav_auto script to /home/leyla/Documents/ejercicio2_ws/install/control_py/lib/control_py
[0.532s] Installing navegacion script to /home/leyla/Documents/ejercicio2_ws/install/control_py/lib/control_py
[0.532s] Installing sub_laser script to /home/leyla/Documents/ejercicio2_ws/install/control_py/lib/control_py
[0.532s] writing list of installed files to '/home/leyla/Documents/ejercicio2_ws/build/control_py/install.log'
[0.548s] Invoked command in '/home/leyla/Documents/ejercicio2_ws/src/control_py' returned '0': PYTHONPATH=/home/leyla/Documents/ejercicio2_ws/build/control_py/prefix_override:/usr/lib/python3/dist-packages/colcon_core/task/python/colcon_distutils_commands:/home/leyla/Documents/ejercicio2_ws/install/control_py/lib/python3.10/site-packages:${PYTHONPATH} /usr/bin/python3 -W ignore:setup.py install is deprecated -W ignore:easy_install command is deprecated setup.py egg_info --egg-base ../../build/control_py build --build-base /home/leyla/Documents/ejercicio2_ws/build/control_py/build install --record /home/leyla/Documents/ejercicio2_ws/build/control_py/install.log --single-version-externally-managed install_data
