[0.010s] Invoking command in '/home/leyla/Desktop/ver_ws/build/cartographer_ros': AMENT_PREFIX_PATH=/home/leyla/Desktop/ver_ws/install/cartographer_ros_msgs:${AMENT_PREFIX_PATH} CMAKE_PREFIX_PATH=/home/leyla/Desktop/ver_ws/install/cartographer_ros_msgs:/home/leyla/turtlebot3_ws/install/turtlebot3:/home/leyla/turtlebot3_ws/install/turtlebot3_bringup:/home/leyla/turtlebot3_ws/install/turtlebot3_node:/home/leyla/turtlebot3_ws/install/turtlebot3_navigation2:/home/leyla/turtlebot3_ws/install/turtlebot3_msgs:/home/leyla/turtlebot3_ws/install/turtlebot3_description:/home/leyla/turtlebot3_ws/install/turtlebot3_cartographer:/home/leyla/turtlebot3_ws/install/dynamixel_sdk_examples:/home/leyla/turtlebot3_ws/install/dynamixel_sdk_custom_interfaces:/home/leyla/turtlebot3_ws/install/dynamixel_sdk:/home/leyla/turtlebot3_ws/install/turtlebot3_teleop:/home/leyla/turtlebot3_ws/install/turtlebot3_example:/opt/ros/humble LD_LIBRARY_PATH=/home/leyla/Desktop/ver_ws/install/cartographer_ros_msgs/lib:/home/leyla/turtlebot3_ws/install/turtlebot3_msgs/lib:/home/leyla/turtlebot3_ws/install/dynamixel_sdk_custom_interfaces/lib:/home/leyla/turtlebot3_ws/install/dynamixel_sdk/lib:/usr/lib/x86_64-linux-gnu/gazebo-11/plugins:/opt/ros/humble/opt/rviz_ogre_vendor/lib:/opt/ros/humble/lib/x86_64-linux-gnu:/opt/ros/humble/lib:/usr/lib/x86_64-linux-gnu/gazebo-11/plugins PYTHONPATH=/home/leyla/Desktop/ver_ws/install/cartographer_ros_msgs/local/lib/python3.10/dist-packages:${PYTHONPATH} /usr/bin/cmake /home/leyla/Desktop/ver_ws/src/cartographer_ros/cartographer_ros -DCMAKE_INSTALL_PREFIX=/home/leyla/Desktop/ver_ws/install/cartographer_ros
[0.021s] -- Found ament_cmake: 1.3.11 (/opt/ros/humble/share/ament_cmake/cmake)
[0.121s] -- Override CMake install command with custom implementation using symlinks instead of copying resources
[0.126s] -- Found builtin_interfaces: 1.2.1 (/opt/ros/humble/share/builtin_interfaces/cmake)
[0.141s] -- Found rosidl_generator_c: 3.1.6 (/opt/ros/humble/share/rosidl_generator_c/cmake)
[0.143s] -- Found rosidl_adapter: 3.1.6 (/opt/ros/humble/share/rosidl_adapter/cmake)
[0.146s] -- Found rosidl_generator_cpp: 3.1.6 (/opt/ros/humble/share/rosidl_generator_cpp/cmake)
[0.152s] -- Using all available rosidl_typesupport_c: rosidl_typesupport_fastrtps_c;rosidl_typesupport_introspection_c
[0.160s] -- Using all available rosidl_typesupport_cpp: rosidl_typesupport_fastrtps_cpp;rosidl_typesupport_introspection_cpp
[0.172s] -- Found required Ceres dependency: Eigen version 3.4.0 in /usr/include/eigen3
[0.176s] -- Found required Ceres dependency: glog
[0.176s] -- Found required Ceres dependency: gflags
[0.177s] -- Found Ceres version: 2.0.0 installed in: /usr with components: [EigenSparse, SparseLinearAlgebraLibrary, LAPACK, SuiteSparse, CXSparse, SchurSpecializations, Multithreading]
[0.182s] -- Found cartographer_ros_msgs: 2.0.9003 (/home/leyla/Desktop/ver_ws/install/cartographer_ros_msgs/share/cartographer_ros_msgs/cmake)
[0.226s] -- Eigen found (include: /usr/include/eigen3, version: 3.4.0)
[0.248s] -- looking for PCL_COMMON
[0.249s] -- Found nav_msgs: 4.8.0 (/opt/ros/humble/share/nav_msgs/cmake)
[0.263s] -- Found pcl_conversions: 2.4.5 (/opt/ros/humble/share/pcl_conversions/cmake)
[0.282s] -- Found rmw_implementation_cmake: 6.1.2 (/opt/ros/humble/share/rmw_implementation_cmake/cmake)
[0.283s] -- Found rmw_fastrtps_cpp: 6.2.7 (/opt/ros/humble/share/rmw_fastrtps_cpp/cmake)
[0.366s] -- Using RMW implementation 'rmw_fastrtps_cpp' as default
[0.434s] -- Found rosbag2_cpp: 0.15.14 (/opt/ros/humble/share/rosbag2_cpp/cmake)
[0.452s] -- Found tf2: 0.25.12 (/opt/ros/humble/share/tf2/cmake)
[0.454s] -- Found tf2_eigen: 0.25.12 (/opt/ros/humble/share/tf2_eigen/cmake)
[0.504s] -- Found urdf: 2.6.1 (/opt/ros/humble/share/urdf/cmake)
[0.510s] -- Found visualization_msgs: 4.8.0 (/opt/ros/humble/share/visualization_msgs/cmake)
[0.665s] -- Configuring done
[0.777s] -- Generating done
[0.796s] -- Build files have been written to: /home/leyla/Desktop/ver_ws/build/cartographer_ros
[0.805s] Invoked command in '/home/leyla/Desktop/ver_ws/build/cartographer_ros' returned '0': AMENT_PREFIX_PATH=/home/leyla/Desktop/ver_ws/install/cartographer_ros_msgs:${AMENT_PREFIX_PATH} CMAKE_PREFIX_PATH=/home/leyla/Desktop/ver_ws/install/cartographer_ros_msgs:/home/leyla/turtlebot3_ws/install/turtlebot3:/home/leyla/turtlebot3_ws/install/turtlebot3_bringup:/home/leyla/turtlebot3_ws/install/turtlebot3_node:/home/leyla/turtlebot3_ws/install/turtlebot3_navigation2:/home/leyla/turtlebot3_ws/install/turtlebot3_msgs:/home/leyla/turtlebot3_ws/install/turtlebot3_description:/home/leyla/turtlebot3_ws/install/turtlebot3_cartographer:/home/leyla/turtlebot3_ws/install/dynamixel_sdk_examples:/home/leyla/turtlebot3_ws/install/dynamixel_sdk_custom_interfaces:/home/leyla/turtlebot3_ws/install/dynamixel_sdk:/home/leyla/turtlebot3_ws/install/turtlebot3_teleop:/home/leyla/turtlebot3_ws/install/turtlebot3_example:/opt/ros/humble LD_LIBRARY_PATH=/home/leyla/Desktop/ver_ws/install/cartographer_ros_msgs/lib:/home/leyla/turtlebot3_ws/install/turtlebot3_msgs/lib:/home/leyla/turtlebot3_ws/install/dynamixel_sdk_custom_interfaces/lib:/home/leyla/turtlebot3_ws/install/dynamixel_sdk/lib:/usr/lib/x86_64-linux-gnu/gazebo-11/plugins:/opt/ros/humble/opt/rviz_ogre_vendor/lib:/opt/ros/humble/lib/x86_64-linux-gnu:/opt/ros/humble/lib:/usr/lib/x86_64-linux-gnu/gazebo-11/plugins PYTHONPATH=/home/leyla/Desktop/ver_ws/install/cartographer_ros_msgs/local/lib/python3.10/dist-packages:${PYTHONPATH} /usr/bin/cmake /home/leyla/Desktop/ver_ws/src/cartographer_ros/cartographer_ros -DCMAKE_INSTALL_PREFIX=/home/leyla/Desktop/ver_ws/install/cartographer_ros
[0.805s] Invoking command in '/home/leyla/Desktop/ver_ws/build/cartographer_ros': AMENT_PREFIX_PATH=/home/leyla/Desktop/ver_ws/install/cartographer_ros_msgs:${AMENT_PREFIX_PATH} CMAKE_PREFIX_PATH=/home/leyla/Desktop/ver_ws/install/cartographer_ros_msgs:/home/leyla/turtlebot3_ws/install/turtlebot3:/home/leyla/turtlebot3_ws/install/turtlebot3_bringup:/home/leyla/turtlebot3_ws/install/turtlebot3_node:/home/leyla/turtlebot3_ws/install/turtlebot3_navigation2:/home/leyla/turtlebot3_ws/install/turtlebot3_msgs:/home/leyla/turtlebot3_ws/install/turtlebot3_description:/home/leyla/turtlebot3_ws/install/turtlebot3_cartographer:/home/leyla/turtlebot3_ws/install/dynamixel_sdk_examples:/home/leyla/turtlebot3_ws/install/dynamixel_sdk_custom_interfaces:/home/leyla/turtlebot3_ws/install/dynamixel_sdk:/home/leyla/turtlebot3_ws/install/turtlebot3_teleop:/home/leyla/turtlebot3_ws/install/turtlebot3_example:/opt/ros/humble LD_LIBRARY_PATH=/home/leyla/Desktop/ver_ws/install/cartographer_ros_msgs/lib:/home/leyla/turtlebot3_ws/install/turtlebot3_msgs/lib:/home/leyla/turtlebot3_ws/install/dynamixel_sdk_custom_interfaces/lib:/home/leyla/turtlebot3_ws/install/dynamixel_sdk/lib:/usr/lib/x86_64-linux-gnu/gazebo-11/plugins:/opt/ros/humble/opt/rviz_ogre_vendor/lib:/opt/ros/humble/lib/x86_64-linux-gnu:/opt/ros/humble/lib:/usr/lib/x86_64-linux-gnu/gazebo-11/plugins PYTHONPATH=/home/leyla/Desktop/ver_ws/install/cartographer_ros_msgs/local/lib/python3.10/dist-packages:${PYTHONPATH} /usr/bin/cmake --build /home/leyla/Desktop/ver_ws/build/cartographer_ros -- -j20 -l20
[0.860s] [35m[1mConsolidate compiler generated dependencies of target cartographer_ros[0m
[0.951s] [ 60%] Built target cartographer_ros
[0.963s] [35m[1mConsolidate compiler generated dependencies of target cartographer_offline_node[0m
[0.963s] [35m[1mConsolidate compiler generated dependencies of target cartographer_occupancy_grid_node[0m
[0.963s] [35m[1mConsolidate compiler generated dependencies of target cartographer_node[0m
[0.965s] [35m[1mConsolidate compiler generated dependencies of target cartographer_pbstream_to_ros_map[0m
[0.965s] [35m[1mConsolidate compiler generated dependencies of target cartographer_pbstream_map_publisher[0m
[0.966s] [35m[1mConsolidate compiler generated dependencies of target cartographer_assets_writer[0m
[0.967s] [35m[1mConsolidate compiler generated dependencies of target cartographer_rosbag_validate[0m
[0.986s] [ 77%] Built target cartographer_pbstream_map_publisher
[0.986s] [ 77%] Built target cartographer_assets_writer
[0.986s] [ 77%] Built target cartographer_pbstream_to_ros_map
[0.987s] [ 82%] Built target cartographer_offline_node
[0.990s] [ 88%] Built target cartographer_occupancy_grid_node
[0.990s] [ 94%] Built target cartographer_node
[0.997s] [100%] Built target cartographer_rosbag_validate
[1.006s] Invoked command in '/home/leyla/Desktop/ver_ws/build/cartographer_ros' returned '0': AMENT_PREFIX_PATH=/home/leyla/Desktop/ver_ws/install/cartographer_ros_msgs:${AMENT_PREFIX_PATH} CMAKE_PREFIX_PATH=/home/leyla/Desktop/ver_ws/install/cartographer_ros_msgs:/home/leyla/turtlebot3_ws/install/turtlebot3:/home/leyla/turtlebot3_ws/install/turtlebot3_bringup:/home/leyla/turtlebot3_ws/install/turtlebot3_node:/home/leyla/turtlebot3_ws/install/turtlebot3_navigation2:/home/leyla/turtlebot3_ws/install/turtlebot3_msgs:/home/leyla/turtlebot3_ws/install/turtlebot3_description:/home/leyla/turtlebot3_ws/install/turtlebot3_cartographer:/home/leyla/turtlebot3_ws/install/dynamixel_sdk_examples:/home/leyla/turtlebot3_ws/install/dynamixel_sdk_custom_interfaces:/home/leyla/turtlebot3_ws/install/dynamixel_sdk:/home/leyla/turtlebot3_ws/install/turtlebot3_teleop:/home/leyla/turtlebot3_ws/install/turtlebot3_example:/opt/ros/humble LD_LIBRARY_PATH=/home/leyla/Desktop/ver_ws/install/cartographer_ros_msgs/lib:/home/leyla/turtlebot3_ws/install/turtlebot3_msgs/lib:/home/leyla/turtlebot3_ws/install/dynamixel_sdk_custom_interfaces/lib:/home/leyla/turtlebot3_ws/install/dynamixel_sdk/lib:/usr/lib/x86_64-linux-gnu/gazebo-11/plugins:/opt/ros/humble/opt/rviz_ogre_vendor/lib:/opt/ros/humble/lib/x86_64-linux-gnu:/opt/ros/humble/lib:/usr/lib/x86_64-linux-gnu/gazebo-11/plugins PYTHONPATH=/home/leyla/Desktop/ver_ws/install/cartographer_ros_msgs/local/lib/python3.10/dist-packages:${PYTHONPATH} /usr/bin/cmake --build /home/leyla/Desktop/ver_ws/build/cartographer_ros -- -j20 -l20
[1.007s] Invoking command in '/home/leyla/Desktop/ver_ws/build/cartographer_ros': AMENT_PREFIX_PATH=/home/leyla/Desktop/ver_ws/install/cartographer_ros_msgs:${AMENT_PREFIX_PATH} CMAKE_PREFIX_PATH=/home/leyla/Desktop/ver_ws/install/cartographer_ros_msgs:/home/leyla/turtlebot3_ws/install/turtlebot3:/home/leyla/turtlebot3_ws/install/turtlebot3_bringup:/home/leyla/turtlebot3_ws/install/turtlebot3_node:/home/leyla/turtlebot3_ws/install/turtlebot3_navigation2:/home/leyla/turtlebot3_ws/install/turtlebot3_msgs:/home/leyla/turtlebot3_ws/install/turtlebot3_description:/home/leyla/turtlebot3_ws/install/turtlebot3_cartographer:/home/leyla/turtlebot3_ws/install/dynamixel_sdk_examples:/home/leyla/turtlebot3_ws/install/dynamixel_sdk_custom_interfaces:/home/leyla/turtlebot3_ws/install/dynamixel_sdk:/home/leyla/turtlebot3_ws/install/turtlebot3_teleop:/home/leyla/turtlebot3_ws/install/turtlebot3_example:/opt/ros/humble LD_LIBRARY_PATH=/home/leyla/Desktop/ver_ws/install/cartographer_ros_msgs/lib:/home/leyla/turtlebot3_ws/install/turtlebot3_msgs/lib:/home/leyla/turtlebot3_ws/install/dynamixel_sdk_custom_interfaces/lib:/home/leyla/turtlebot3_ws/install/dynamixel_sdk/lib:/usr/lib/x86_64-linux-gnu/gazebo-11/plugins:/opt/ros/humble/opt/rviz_ogre_vendor/lib:/opt/ros/humble/lib/x86_64-linux-gnu:/opt/ros/humble/lib:/usr/lib/x86_64-linux-gnu/gazebo-11/plugins PYTHONPATH=/home/leyla/Desktop/ver_ws/install/cartographer_ros_msgs/local/lib/python3.10/dist-packages:${PYTHONPATH} /usr/bin/cmake --install /home/leyla/Desktop/ver_ws/build/cartographer_ros
[1.014s] -- Install configuration: ""
[1.015s] -- Execute custom install script
[1.015s] -- Up-to-date symlink: /home/leyla/Desktop/ver_ws/install/cartographer_ros/lib/libcartographer_ros.a
[1.015s] -- Up-to-date symlink: /home/leyla/Desktop/ver_ws/install/cartographer_ros/lib/cartographer_ros/cartographer_node
[1.016s] -- Up-to-date symlink: /home/leyla/Desktop/ver_ws/install/cartographer_ros/lib/cartographer_ros/cartographer_occupancy_grid_node
[1.016s] -- Up-to-date symlink: /home/leyla/Desktop/ver_ws/install/cartographer_ros/lib/cartographer_ros/cartographer_offline_node
[1.016s] -- Up-to-date symlink: /home/leyla/Desktop/ver_ws/install/cartographer_ros/lib/cartographer_ros/cartographer_assets_writer
[1.016s] -- Up-to-date symlink: /home/leyla/Desktop/ver_ws/install/cartographer_ros/lib/cartographer_ros/cartographer_pbstream_map_publisher
[1.016s] -- Up-to-date symlink: /home/leyla/Desktop/ver_ws/install/cartographer_ros/lib/cartographer_ros/cartographer_pbstream_to_ros_map
[1.016s] -- Up-to-date symlink: /home/leyla/Desktop/ver_ws/install/cartographer_ros/lib/cartographer_ros/cartographer_rosbag_validate
[1.017s] -- Up-to-date symlink: /home/leyla/Desktop/ver_ws/install/cartographer_ros/include//cartographer_ros/assets_writer.h
[1.017s] -- Up-to-date symlink: /home/leyla/Desktop/ver_ws/install/cartographer_ros/include//cartographer_ros/map_builder_bridge.h
[1.017s] -- Up-to-date symlink: /home/leyla/Desktop/ver_ws/install/cartographer_ros/include//cartographer_ros/metrics/family_factory.h
[1.017s] -- Up-to-date symlink: /home/leyla/Desktop/ver_ws/install/cartographer_ros/include//cartographer_ros/metrics/internal/counter.h
[1.017s] -- Up-to-date symlink: /home/leyla/Desktop/ver_ws/install/cartographer_ros/include//cartographer_ros/metrics/internal/family.h
[1.017s] -- Up-to-date symlink: /home/leyla/Desktop/ver_ws/install/cartographer_ros/include//cartographer_ros/metrics/internal/gauge.h
[1.017s] -- Up-to-date symlink: /home/leyla/Desktop/ver_ws/install/cartographer_ros/include//cartographer_ros/metrics/internal/histogram.h
[1.017s] -- Up-to-date symlink: /home/leyla/Desktop/ver_ws/install/cartographer_ros/include//cartographer_ros/msg_conversion.h
[1.017s] -- Up-to-date symlink: /home/leyla/Desktop/ver_ws/install/cartographer_ros/include//cartographer_ros/node.h
[1.017s] -- Up-to-date symlink: /home/leyla/Desktop/ver_ws/install/cartographer_ros/include//cartographer_ros/node_constants.h
[1.017s] -- Up-to-date symlink: /home/leyla/Desktop/ver_ws/install/cartographer_ros/include//cartographer_ros/node_options.h
[1.017s] -- Up-to-date symlink: /home/leyla/Desktop/ver_ws/install/cartographer_ros/include//cartographer_ros/offline_node.h
[1.017s] -- Up-to-date symlink: /home/leyla/Desktop/ver_ws/install/cartographer_ros/include//cartographer_ros/playable_bag.h
[1.017s] -- Up-to-date symlink: /home/leyla/Desktop/ver_ws/install/cartographer_ros/include//cartographer_ros/ros_log_sink.h
[1.017s] -- Up-to-date symlink: /home/leyla/Desktop/ver_ws/install/cartographer_ros/include//cartographer_ros/ros_map.h
[1.017s] -- Up-to-date symlink: /home/leyla/Desktop/ver_ws/install/cartographer_ros/include//cartographer_ros/ros_map_writing_points_processor.h
[1.017s] -- Up-to-date symlink: /home/leyla/Desktop/ver_ws/install/cartographer_ros/include//cartographer_ros/sensor_bridge.h
[1.017s] -- Up-to-date symlink: /home/leyla/Desktop/ver_ws/install/cartographer_ros/include//cartographer_ros/submap.h
[1.017s] -- Up-to-date symlink: /home/leyla/Desktop/ver_ws/install/cartographer_ros/include//cartographer_ros/tf_bridge.h
[1.017s] -- Up-to-date symlink: /home/leyla/Desktop/ver_ws/install/cartographer_ros/include//cartographer_ros/time_conversion.h
[1.018s] -- Up-to-date symlink: /home/leyla/Desktop/ver_ws/install/cartographer_ros/include//cartographer_ros/trajectory_options.h
[1.018s] -- Up-to-date symlink: /home/leyla/Desktop/ver_ws/install/cartographer_ros/include//cartographer_ros/urdf_reader.h
[1.018s] -- Up-to-date symlink: /home/leyla/Desktop/ver_ws/install/cartographer_ros/share/cartographer_ros//configuration_files/assets_writer_backpack_2d.lua
[1.018s] -- Up-to-date symlink: /home/leyla/Desktop/ver_ws/install/cartographer_ros/share/cartographer_ros//configuration_files/assets_writer_backpack_2d_ci.lua
[1.018s] -- Up-to-date symlink: /home/leyla/Desktop/ver_ws/install/cartographer_ros/share/cartographer_ros//configuration_files/assets_writer_backpack_3d.lua
[1.018s] -- Up-to-date symlink: /home/leyla/Desktop/ver_ws/install/cartographer_ros/share/cartographer_ros//configuration_files/assets_writer_ros_map.lua
[1.018s] -- Up-to-date symlink: /home/leyla/Desktop/ver_ws/install/cartographer_ros/share/cartographer_ros//configuration_files/backpack_2d.lua
[1.018s] -- Up-to-date symlink: /home/leyla/Desktop/ver_ws/install/cartographer_ros/share/cartographer_ros//configuration_files/backpack_2d_localization.lua
[1.018s] -- Up-to-date symlink: /home/leyla/Desktop/ver_ws/install/cartographer_ros/share/cartographer_ros//configuration_files/backpack_2d_localization_evaluation.lua
[1.018s] -- Up-to-date symlink: /home/leyla/Desktop/ver_ws/install/cartographer_ros/share/cartographer_ros//configuration_files/backpack_2d_server.lua
[1.018s] -- Up-to-date symlink: /home/leyla/Desktop/ver_ws/install/cartographer_ros/share/cartographer_ros//configuration_files/backpack_3d.lua
[1.018s] -- Up-to-date symlink: /home/leyla/Desktop/ver_ws/install/cartographer_ros/share/cartographer_ros//configuration_files/backpack_3d_localization.lua
[1.019s] -- Up-to-date symlink: /home/leyla/Desktop/ver_ws/install/cartographer_ros/share/cartographer_ros//configuration_files/demo_2d.rviz
[1.019s] -- Up-to-date symlink: /home/leyla/Desktop/ver_ws/install/cartographer_ros/share/cartographer_ros//configuration_files/demo_3d.rviz
[1.019s] -- Up-to-date symlink: /home/leyla/Desktop/ver_ws/install/cartographer_ros/share/cartographer_ros//configuration_files/mir-100-mapping.lua
[1.019s] -- Up-to-date symlink: /home/leyla/Desktop/ver_ws/install/cartographer_ros/share/cartographer_ros//configuration_files/pr2.lua
[1.019s] -- Up-to-date symlink: /home/leyla/Desktop/ver_ws/install/cartographer_ros/share/cartographer_ros//configuration_files/revo_lds.lua
[1.019s] -- Up-to-date symlink: /home/leyla/Desktop/ver_ws/install/cartographer_ros/share/cartographer_ros//configuration_files/taurob_tracker.lua
[1.019s] -- Up-to-date symlink: /home/leyla/Desktop/ver_ws/install/cartographer_ros/share/cartographer_ros//configuration_files/transform.lua
[1.019s] -- Up-to-date symlink: /home/leyla/Desktop/ver_ws/install/cartographer_ros/share/cartographer_ros//configuration_files/visualize_pbstream.lua
[1.019s] -- Up-to-date symlink: /home/leyla/Desktop/ver_ws/install/cartographer_ros/share/cartographer_ros//urdf/backpack_2d.urdf
[1.019s] -- Up-to-date symlink: /home/leyla/Desktop/ver_ws/install/cartographer_ros/share/cartographer_ros//urdf/backpack_3d.urdf
[1.019s] -- Up-to-date symlink: /home/leyla/Desktop/ver_ws/install/cartographer_ros/share/cartographer_ros//urdf/mir-100.urdf
[1.020s] -- Up-to-date symlink: /home/leyla/Desktop/ver_ws/install/cartographer_ros/share/cartographer_ros//launch/assets_writer_backpack_2d.launch.py
[1.020s] -- Up-to-date symlink: /home/leyla/Desktop/ver_ws/install/cartographer_ros/share/cartographer_ros//launch/assets_writer_backpack_3d.launch.py
[1.020s] -- Up-to-date symlink: /home/leyla/Desktop/ver_ws/install/cartographer_ros/share/cartographer_ros//launch/assets_writer_ros_map.launch.py
[1.020s] -- Up-to-date symlink: /home/leyla/Desktop/ver_ws/install/cartographer_ros/share/cartographer_ros//launch/backpack_2d.launch.py
[1.020s] -- Up-to-date symlink: /home/leyla/Desktop/ver_ws/install/cartographer_ros/share/cartographer_ros//launch/backpack_3d.launch.py
[1.020s] -- Up-to-date symlink: /home/leyla/Desktop/ver_ws/install/cartographer_ros/share/cartographer_ros//launch/demo_backpack_2d.launch.py
[1.020s] -- Up-to-date symlink: /home/leyla/Desktop/ver_ws/install/cartographer_ros/share/cartographer_ros//launch/demo_backpack_2d_localization.launch.py
[1.020s] -- Up-to-date symlink: /home/leyla/Desktop/ver_ws/install/cartographer_ros/share/cartographer_ros//launch/demo_backpack_3d.launch.py
[1.020s] -- Up-to-date symlink: /home/leyla/Desktop/ver_ws/install/cartographer_ros/share/cartographer_ros//launch/demo_backpack_3d_localization.launch.py
[1.020s] -- Up-to-date symlink: /home/leyla/Desktop/ver_ws/install/cartographer_ros/share/cartographer_ros//launch/demo_pr2.launch
[1.020s] -- Up-to-date symlink: /home/leyla/Desktop/ver_ws/install/cartographer_ros/share/cartographer_ros//launch/demo_revo_lds.launch.py
[1.020s] -- Up-to-date symlink: /home/leyla/Desktop/ver_ws/install/cartographer_ros/share/cartographer_ros//launch/demo_taurob_tracker.launch.py
[1.020s] -- Up-to-date symlink: /home/leyla/Desktop/ver_ws/install/cartographer_ros/share/cartographer_ros//launch/grpc_demo_backpack_2d.launch
[1.020s] -- Up-to-date symlink: /home/leyla/Desktop/ver_ws/install/cartographer_ros/share/cartographer_ros//launch/grpc_demo_backpack_2d_localization.launch
[1.020s] -- Up-to-date symlink: /home/leyla/Desktop/ver_ws/install/cartographer_ros/share/cartographer_ros//launch/offline_backpack_2d.launch.py
[1.020s] -- Up-to-date symlink: /home/leyla/Desktop/ver_ws/install/cartographer_ros/share/cartographer_ros//launch/offline_backpack_3d.launch.py
[1.020s] -- Up-to-date symlink: /home/leyla/Desktop/ver_ws/install/cartographer_ros/share/cartographer_ros//launch/offline_mir_100_rviz.launch.py
[1.021s] -- Up-to-date symlink: /home/leyla/Desktop/ver_ws/install/cartographer_ros/share/cartographer_ros//launch/offline_node.launch.py
[1.021s] -- Up-to-date symlink: /home/leyla/Desktop/ver_ws/install/cartographer_ros/share/cartographer_ros//launch/taurob_tracker.launch.py
[1.021s] -- Up-to-date symlink: /home/leyla/Desktop/ver_ws/install/cartographer_ros/share/cartographer_ros//launch/visualize_pbstream.launch.py
[1.021s] -- Up-to-date symlink: /home/leyla/Desktop/ver_ws/install/cartographer_ros/share/cartographer_ros/environment/library_path.sh
[1.021s] -- Up-to-date symlink: /home/leyla/Desktop/ver_ws/install/cartographer_ros/share/cartographer_ros/environment/library_path.dsv
[1.021s] -- Up-to-date symlink: /home/leyla/Desktop/ver_ws/install/cartographer_ros/share/ament_index/resource_index/package_run_dependencies/cartographer_ros
[1.021s] -- Up-to-date symlink: /home/leyla/Desktop/ver_ws/install/cartographer_ros/share/ament_index/resource_index/parent_prefix_path/cartographer_ros
[1.021s] -- Up-to-date symlink: /home/leyla/Desktop/ver_ws/install/cartographer_ros/share/cartographer_ros/environment/ament_prefix_path.sh
[1.021s] -- Up-to-date symlink: /home/leyla/Desktop/ver_ws/install/cartographer_ros/share/cartographer_ros/environment/ament_prefix_path.dsv
[1.021s] -- Up-to-date symlink: /home/leyla/Desktop/ver_ws/install/cartographer_ros/share/cartographer_ros/environment/path.sh
[1.021s] -- Up-to-date symlink: /home/leyla/Desktop/ver_ws/install/cartographer_ros/share/cartographer_ros/environment/path.dsv
[1.021s] -- Up-to-date symlink: /home/leyla/Desktop/ver_ws/install/cartographer_ros/share/cartographer_ros/local_setup.bash
[1.022s] -- Up-to-date symlink: /home/leyla/Desktop/ver_ws/install/cartographer_ros/share/cartographer_ros/local_setup.sh
[1.022s] -- Up-to-date symlink: /home/leyla/Desktop/ver_ws/install/cartographer_ros/share/cartographer_ros/local_setup.zsh
[1.022s] -- Up-to-date symlink: /home/leyla/Desktop/ver_ws/install/cartographer_ros/share/cartographer_ros/local_setup.dsv
[1.022s] -- Symlinking: /home/leyla/Desktop/ver_ws/install/cartographer_ros/share/cartographer_ros/package.dsv
[1.030s] -- Up-to-date symlink: /home/leyla/Desktop/ver_ws/install/cartographer_ros/share/ament_index/resource_index/packages/cartographer_ros
[1.030s] -- Up-to-date symlink: /home/leyla/Desktop/ver_ws/install/cartographer_ros/share/cartographer_ros/cmake/ament_cmake_export_include_directories-extras.cmake
[1.030s] -- Up-to-date symlink: /home/leyla/Desktop/ver_ws/install/cartographer_ros/share/cartographer_ros/cmake/ament_cmake_export_libraries-extras.cmake
[1.031s] -- Up-to-date symlink: /home/leyla/Desktop/ver_ws/install/cartographer_ros/share/cartographer_ros/cmake/ament_cmake_export_dependencies-extras.cmake
[1.031s] -- Up-to-date symlink: /home/leyla/Desktop/ver_ws/install/cartographer_ros/share/cartographer_ros/cmake/cartographer_rosConfig.cmake
[1.031s] -- Up-to-date symlink: /home/leyla/Desktop/ver_ws/install/cartographer_ros/share/cartographer_ros/cmake/cartographer_rosConfig-version.cmake
[1.031s] -- Up-to-date symlink: /home/leyla/Desktop/ver_ws/install/cartographer_ros/share/cartographer_ros/package.xml
[1.032s] Invoked command in '/home/leyla/Desktop/ver_ws/build/cartographer_ros' returned '0': AMENT_PREFIX_PATH=/home/leyla/Desktop/ver_ws/install/cartographer_ros_msgs:${AMENT_PREFIX_PATH} CMAKE_PREFIX_PATH=/home/leyla/Desktop/ver_ws/install/cartographer_ros_msgs:/home/leyla/turtlebot3_ws/install/turtlebot3:/home/leyla/turtlebot3_ws/install/turtlebot3_bringup:/home/leyla/turtlebot3_ws/install/turtlebot3_node:/home/leyla/turtlebot3_ws/install/turtlebot3_navigation2:/home/leyla/turtlebot3_ws/install/turtlebot3_msgs:/home/leyla/turtlebot3_ws/install/turtlebot3_description:/home/leyla/turtlebot3_ws/install/turtlebot3_cartographer:/home/leyla/turtlebot3_ws/install/dynamixel_sdk_examples:/home/leyla/turtlebot3_ws/install/dynamixel_sdk_custom_interfaces:/home/leyla/turtlebot3_ws/install/dynamixel_sdk:/home/leyla/turtlebot3_ws/install/turtlebot3_teleop:/home/leyla/turtlebot3_ws/install/turtlebot3_example:/opt/ros/humble LD_LIBRARY_PATH=/home/leyla/Desktop/ver_ws/install/cartographer_ros_msgs/lib:/home/leyla/turtlebot3_ws/install/turtlebot3_msgs/lib:/home/leyla/turtlebot3_ws/install/dynamixel_sdk_custom_interfaces/lib:/home/leyla/turtlebot3_ws/install/dynamixel_sdk/lib:/usr/lib/x86_64-linux-gnu/gazebo-11/plugins:/opt/ros/humble/opt/rviz_ogre_vendor/lib:/opt/ros/humble/lib/x86_64-linux-gnu:/opt/ros/humble/lib:/usr/lib/x86_64-linux-gnu/gazebo-11/plugins PYTHONPATH=/home/leyla/Desktop/ver_ws/install/cartographer_ros_msgs/local/lib/python3.10/dist-packages:${PYTHONPATH} /usr/bin/cmake --install /home/leyla/Desktop/ver_ws/build/cartographer_ros
