/home/leyla/Documents/ejercicio2_ws/install/control_py/lib/python3.10/site-packages/control_py/__init__.py
/home/leyla/Documents/ejercicio2_ws/install/control_py/lib/python3.10/site-packages/control_py/control_distance.py
/home/leyla/Documents/ejercicio2_ws/install/control_py/lib/python3.10/site-packages/control_py/nav2.py
/home/leyla/Documents/ejercicio2_ws/install/control_py/lib/python3.10/site-packages/control_py/navegacion.py
/home/leyla/Documents/ejercicio2_ws/install/control_py/lib/python3.10/site-packages/control_py/control.py
/home/leyla/Documents/ejercicio2_ws/install/control_py/lib/python3.10/site-packages/control_py/nav_auto.py
/home/leyla/Documents/ejercicio2_ws/install/control_py/lib/python3.10/site-packages/control_py/marker.py
/home/leyla/Documents/ejercicio2_ws/install/control_py/lib/python3.10/site-packages/control_py/sub_laser.py
/home/leyla/Documents/ejercicio2_ws/install/control_py/lib/python3.10/site-packages/control_py/ejercicio3.py
/home/leyla/Documents/ejercicio2_ws/install/control_py/lib/python3.10/site-packages/control_py/__pycache__/__init__.cpython-310.pyc
/home/leyla/Documents/ejercicio2_ws/install/control_py/lib/python3.10/site-packages/control_py/__pycache__/control_distance.cpython-310.pyc
/home/leyla/Documents/ejercicio2_ws/install/control_py/lib/python3.10/site-packages/control_py/__pycache__/nav2.cpython-310.pyc
/home/leyla/Documents/ejercicio2_ws/install/control_py/lib/python3.10/site-packages/control_py/__pycache__/navegacion.cpython-310.pyc
/home/leyla/Documents/ejercicio2_ws/install/control_py/lib/python3.10/site-packages/control_py/__pycache__/control.cpython-310.pyc
/home/leyla/Documents/ejercicio2_ws/install/control_py/lib/python3.10/site-packages/control_py/__pycache__/nav_auto.cpython-310.pyc
/home/leyla/Documents/ejercicio2_ws/install/control_py/lib/python3.10/site-packages/control_py/__pycache__/marker.cpython-310.pyc
/home/leyla/Documents/ejercicio2_ws/install/control_py/lib/python3.10/site-packages/control_py/__pycache__/sub_laser.cpython-310.pyc
/home/leyla/Documents/ejercicio2_ws/install/control_py/lib/python3.10/site-packages/control_py/__pycache__/ejercicio3.cpython-310.pyc
/home/leyla/Documents/ejercicio2_ws/install/control_py/share/ament_index/resource_index/packages/control_py
/home/leyla/Documents/ejercicio2_ws/install/control_py/share/control_py/package.xml
/home/leyla/Documents/ejercicio2_ws/install/control_py/lib/python3.10/site-packages/control_py-0.0.0-py3.10.egg-info/entry_points.txt
/home/leyla/Documents/ejercicio2_ws/install/control_py/lib/python3.10/site-packages/control_py-0.0.0-py3.10.egg-info/SOURCES.txt
/home/leyla/Documents/ejercicio2_ws/install/control_py/lib/python3.10/site-packages/control_py-0.0.0-py3.10.egg-info/dependency_links.txt
/home/leyla/Documents/ejercicio2_ws/install/control_py/lib/python3.10/site-packages/control_py-0.0.0-py3.10.egg-info/PKG-INFO
/home/leyla/Documents/ejercicio2_ws/install/control_py/lib/python3.10/site-packages/control_py-0.0.0-py3.10.egg-info/zip-safe
/home/leyla/Documents/ejercicio2_ws/install/control_py/lib/python3.10/site-packages/control_py-0.0.0-py3.10.egg-info/top_level.txt
/home/leyla/Documents/ejercicio2_ws/install/control_py/lib/python3.10/site-packages/control_py-0.0.0-py3.10.egg-info/requires.txt
/home/leyla/Documents/ejercicio2_ws/install/control_py/lib/control_py/control
/home/leyla/Documents/ejercicio2_ws/install/control_py/lib/control_py/control_distance
/home/leyla/Documents/ejercicio2_ws/install/control_py/lib/control_py/ejercicio3
/home/leyla/Documents/ejercicio2_ws/install/control_py/lib/control_py/marker_v
/home/leyla/Documents/ejercicio2_ws/install/control_py/lib/control_py/nav2
/home/leyla/Documents/ejercicio2_ws/install/control_py/lib/control_py/nav_auto
/home/leyla/Documents/ejercicio2_ws/install/control_py/lib/control_py/navegacion
/home/leyla/Documents/ejercicio2_ws/install/control_py/lib/control_py/sub_laser
