running egg_info
writing ../../build/visual_pubsub/visual_pubsub.egg-info/PKG-INFO
writing dependency_links to ../../build/visual_pubsub/visual_pubsub.egg-info/dependency_links.txt
writing entry points to ../../build/visual_pubsub/visual_pubsub.egg-info/entry_points.txt
writing requirements to ../../build/visual_pubsub/visual_pubsub.egg-info/requires.txt
writing top-level names to ../../build/visual_pubsub/visual_pubsub.egg-info/top_level.txt
reading manifest file '../../build/visual_pubsub/visual_pubsub.egg-info/SOURCES.txt'
adding license file 'LICENSE'
writing manifest file '../../build/visual_pubsub/visual_pubsub.egg-info/SOURCES.txt'
running build
running build_py
copying visual_pubsub/inverse.py -> /home/leyla/Documents/ejercicio1_ws/build/visual_pubsub/build/lib/visual_pubsub
copying visual_pubsub/sub_joints.py -> /home/leyla/Documents/ejercicio1_ws/build/visual_pubsub/build/lib/visual_pubsub
copying visual_pubsub/directa.py -> /home/leyla/Documents/ejercicio1_ws/build/visual_pubsub/build/lib/visual_pubsub
running install
running install_lib
copying /home/leyla/Documents/ejercicio1_ws/build/visual_pubsub/build/lib/visual_pubsub/inverse.py -> /home/leyla/Documents/ejercicio1_ws/install/visual_pubsub/lib/python3.10/site-packages/visual_pubsub
copying /home/leyla/Documents/ejercicio1_ws/build/visual_pubsub/build/lib/visual_pubsub/sub_joints.py -> /home/leyla/Documents/ejercicio1_ws/install/visual_pubsub/lib/python3.10/site-packages/visual_pubsub
copying /home/leyla/Documents/ejercicio1_ws/build/visual_pubsub/build/lib/visual_pubsub/directa.py -> /home/leyla/Documents/ejercicio1_ws/install/visual_pubsub/lib/python3.10/site-packages/visual_pubsub
byte-compiling /home/leyla/Documents/ejercicio1_ws/install/visual_pubsub/lib/python3.10/site-packages/visual_pubsub/inverse.py to inverse.cpython-310.pyc
byte-compiling /home/leyla/Documents/ejercicio1_ws/install/visual_pubsub/lib/python3.10/site-packages/visual_pubsub/sub_joints.py to sub_joints.cpython-310.pyc
byte-compiling /home/leyla/Documents/ejercicio1_ws/install/visual_pubsub/lib/python3.10/site-packages/visual_pubsub/directa.py to directa.cpython-310.pyc
running install_data
running install_egg_info
removing '/home/leyla/Documents/ejercicio1_ws/install/visual_pubsub/lib/python3.10/site-packages/visual_pubsub-0.0.0-py3.10.egg-info' (and everything under it)
Copying ../../build/visual_pubsub/visual_pubsub.egg-info to /home/leyla/Documents/ejercicio1_ws/install/visual_pubsub/lib/python3.10/site-packages/visual_pubsub-0.0.0-py3.10.egg-info
running install_scripts
Installing c_dir script to /home/leyla/Documents/ejercicio1_ws/install/visual_pubsub/lib/visual_pubsub
Installing c_inv script to /home/leyla/Documents/ejercicio1_ws/install/visual_pubsub/lib/visual_pubsub
writing list of installed files to '/home/leyla/Documents/ejercicio1_ws/build/visual_pubsub/install.log'
