[0.012s] Invoking command in '/home/leyla/Desktop/ver_ws/build/navigation_tb3': CMAKE_PREFIX_PATH=${CMAKE_PREFIX_PATH}:/home/leyla/turtlebot3_ws/install/turtlebot3_teleop:/home/leyla/turtlebot3_ws/install/turtlebot3_example:/opt/ros/humble /usr/bin/cmake /home/leyla/Desktop/ver_ws/src/navigation_tb3 -DCMAKE_INSTALL_PREFIX=/home/leyla/Desktop/ver_ws/install/navigation_tb3
[0.035s] -- Found ament_cmake: 1.3.11 (/opt/ros/humble/share/ament_cmake/cmake)
[0.143s] -- Override CMake install command with custom implementation using symlinks instead of copying resources
[0.155s] -- Found rclcpp: 16.0.12 (/opt/ros/humble/share/rclcpp/cmake)
[0.182s] -- Found rosidl_generator_c: 3.1.6 (/opt/ros/humble/share/rosidl_generator_c/cmake)
[0.184s] -- Found rosidl_adapter: 3.1.6 (/opt/ros/humble/share/rosidl_adapter/cmake)
[0.188s] -- Found rosidl_generator_cpp: 3.1.6 (/opt/ros/humble/share/rosidl_generator_cpp/cmake)
[0.196s] -- Using all available rosidl_typesupport_c: rosidl_typesupport_fastrtps_c;rosidl_typesupport_introspection_c
[0.204s] -- Using all available rosidl_typesupport_cpp: rosidl_typesupport_fastrtps_cpp;rosidl_typesupport_introspection_cpp
[0.232s] -- Found rmw_implementation_cmake: 6.1.2 (/opt/ros/humble/share/rmw_implementation_cmake/cmake)
[0.234s] -- Found rmw_fastrtps_cpp: 6.2.7 (/opt/ros/humble/share/rmw_fastrtps_cpp/cmake)
[0.316s] -- Using RMW implementation 'rmw_fastrtps_cpp' as default
[0.356s] -- Found nav_msgs: 4.8.0 (/opt/ros/humble/share/nav_msgs/cmake)
[0.379s] -- Found rclpy: 3.3.16 (/opt/ros/humble/share/rclpy/cmake)
[0.472s] -- Configuring done
[0.482s] -- Generating done
[0.485s] -- Build files have been written to: /home/leyla/Desktop/ver_ws/build/navigation_tb3
[0.491s] Invoked command in '/home/leyla/Desktop/ver_ws/build/navigation_tb3' returned '0': CMAKE_PREFIX_PATH=${CMAKE_PREFIX_PATH}:/home/leyla/turtlebot3_ws/install/turtlebot3_teleop:/home/leyla/turtlebot3_ws/install/turtlebot3_example:/opt/ros/humble /usr/bin/cmake /home/leyla/Desktop/ver_ws/src/navigation_tb3 -DCMAKE_INSTALL_PREFIX=/home/leyla/Desktop/ver_ws/install/navigation_tb3
[0.492s] Invoking command in '/home/leyla/Desktop/ver_ws/build/navigation_tb3': CMAKE_PREFIX_PATH=${CMAKE_PREFIX_PATH}:/home/leyla/turtlebot3_ws/install/turtlebot3_teleop:/home/leyla/turtlebot3_ws/install/turtlebot3_example:/opt/ros/humble /usr/bin/cmake --build /home/leyla/Desktop/ver_ws/build/navigation_tb3 -- -j20 -l20
[0.525s] [35m[1mConsolidate compiler generated dependencies of target pub_occupancy_grid[0m
[0.536s] [  0%] Built target ament_cmake_python_symlink_navigation_tb3
[0.546s] [100%] Built target pub_occupancy_grid
[0.686s] running egg_info
[0.686s] writing navigation_tb3.egg-info/PKG-INFO
[0.687s] writing dependency_links to navigation_tb3.egg-info/dependency_links.txt
[0.687s] writing top-level names to navigation_tb3.egg-info/top_level.txt
[0.688s] reading manifest file 'navigation_tb3.egg-info/SOURCES.txt'
[0.689s] writing manifest file 'navigation_tb3.egg-info/SOURCES.txt'
[0.707s] [100%] Built target ament_cmake_python_build_navigation_tb3_egg
[0.715s] Invoked command in '/home/leyla/Desktop/ver_ws/build/navigation_tb3' returned '0': CMAKE_PREFIX_PATH=${CMAKE_PREFIX_PATH}:/home/leyla/turtlebot3_ws/install/turtlebot3_teleop:/home/leyla/turtlebot3_ws/install/turtlebot3_example:/opt/ros/humble /usr/bin/cmake --build /home/leyla/Desktop/ver_ws/build/navigation_tb3 -- -j20 -l20
[0.717s] Invoking command in '/home/leyla/Desktop/ver_ws/build/navigation_tb3': CMAKE_PREFIX_PATH=${CMAKE_PREFIX_PATH}:/home/leyla/turtlebot3_ws/install/turtlebot3_teleop:/home/leyla/turtlebot3_ws/install/turtlebot3_example:/opt/ros/humble /usr/bin/cmake --install /home/leyla/Desktop/ver_ws/build/navigation_tb3
[0.723s] -- Install configuration: ""
[0.723s] -- Execute custom install script
[0.723s] -- Up-to-date symlink: /home/leyla/Desktop/ver_ws/install/navigation_tb3/lib/navigation_tb3/pub_occupancy_grid
[0.723s] -- Up-to-date symlink: /home/leyla/Desktop/ver_ws/install/navigation_tb3/share/navigation_tb3/launch/mapping.launch.py
[0.723s] -- Up-to-date symlink: /home/leyla/Desktop/ver_ws/install/navigation_tb3/share/navigation_tb3/launch/move_robot.py
[0.724s] -- Up-to-date symlink: /home/leyla/Desktop/ver_ws/install/navigation_tb3/share/navigation_tb3/launch/navigation.launch.py
[0.724s] -- Up-to-date symlink: /home/leyla/Desktop/ver_ws/install/navigation_tb3/share/navigation_tb3/config/cuarto.pgm
[0.724s] -- Up-to-date symlink: /home/leyla/Desktop/ver_ws/install/navigation_tb3/share/navigation_tb3/config/cuarto.yaml
[0.724s] -- Up-to-date symlink: /home/leyla/Desktop/ver_ws/install/navigation_tb3/share/navigation_tb3/config/map2.pgm
[0.724s] -- Up-to-date symlink: /home/leyla/Desktop/ver_ws/install/navigation_tb3/share/navigation_tb3/config/map2.yaml
[0.724s] -- Up-to-date symlink: /home/leyla/Desktop/ver_ws/install/navigation_tb3/share/navigation_tb3/config/mapCasa3.pgm
[0.724s] -- Up-to-date symlink: /home/leyla/Desktop/ver_ws/install/navigation_tb3/share/navigation_tb3/config/mapCasa3.yaml
[0.724s] -- Up-to-date symlink: /home/leyla/Desktop/ver_ws/install/navigation_tb3/share/navigation_tb3/config/mapping.rviz
[0.724s] -- Up-to-date symlink: /home/leyla/Desktop/ver_ws/install/navigation_tb3/share/navigation_tb3/config/mappingV2.rviz
[0.724s] -- Up-to-date symlink: /home/leyla/Desktop/ver_ws/install/navigation_tb3/share/navigation_tb3/config/navigation.rviz
[0.724s] -- Up-to-date symlink: /home/leyla/Desktop/ver_ws/install/navigation_tb3/share/navigation_tb3/config/pioneer.lua
[0.724s] -- Up-to-date symlink: /home/leyla/Desktop/ver_ws/install/navigation_tb3/share/navigation_tb3/config/rosbostito.lua
[0.724s] -- Up-to-date symlink: /home/leyla/Desktop/ver_ws/install/navigation_tb3/share/navigation_tb3/config/tb3_map.pgm
[0.725s] -- Up-to-date symlink: /home/leyla/Desktop/ver_ws/install/navigation_tb3/share/navigation_tb3/config/tb3_map.yaml
[0.725s] -- Up-to-date symlink: /home/leyla/Desktop/ver_ws/install/navigation_tb3/share/navigation_tb3/config/tb3_nav2_params.yaml
[0.725s] -- Up-to-date symlink: /home/leyla/Desktop/ver_ws/install/navigation_tb3/share/navigation_tb3/config/turtlebot3_lds_2d.lua
[0.725s] -- Up-to-date symlink: /home/leyla/Desktop/ver_ws/install/navigation_tb3/share/navigation_tb3/config/visualize.rviz
[0.725s] -- Up-to-date symlink: /home/leyla/Desktop/ver_ws/install/navigation_tb3/share/navigation_tb3/environment/pythonpath.sh
[0.725s] -- Up-to-date symlink: /home/leyla/Desktop/ver_ws/install/navigation_tb3/share/navigation_tb3/environment/pythonpath.dsv
[0.725s] -- Up-to-date symlink: /home/leyla/Desktop/ver_ws/install/navigation_tb3/local/lib/python3.10/dist-packages/navigation_tb3-0.0.0-py3.10.egg-info/PKG-INFO
[0.725s] -- Up-to-date symlink: /home/leyla/Desktop/ver_ws/install/navigation_tb3/local/lib/python3.10/dist-packages/navigation_tb3-0.0.0-py3.10.egg-info/SOURCES.txt
[0.725s] -- Up-to-date symlink: /home/leyla/Desktop/ver_ws/install/navigation_tb3/local/lib/python3.10/dist-packages/navigation_tb3-0.0.0-py3.10.egg-info/dependency_links.txt
[0.725s] -- Up-to-date symlink: /home/leyla/Desktop/ver_ws/install/navigation_tb3/local/lib/python3.10/dist-packages/navigation_tb3-0.0.0-py3.10.egg-info/top_level.txt
[0.725s] -- Up-to-date symlink: /home/leyla/Desktop/ver_ws/install/navigation_tb3/local/lib/python3.10/dist-packages/navigation_tb3/__init__.py
[0.725s] -- Up-to-date symlink: /home/leyla/Desktop/ver_ws/install/navigation_tb3/lib/navigation_tb3/single_goal_nav.py
[0.725s] -- Up-to-date symlink: /home/leyla/Desktop/ver_ws/install/navigation_tb3/lib/navigation_tb3/multi_waypoints.py
[0.726s] -- Up-to-date symlink: /home/leyla/Desktop/ver_ws/install/navigation_tb3/share/ament_index/resource_index/package_run_dependencies/navigation_tb3
[0.726s] -- Up-to-date symlink: /home/leyla/Desktop/ver_ws/install/navigation_tb3/share/ament_index/resource_index/parent_prefix_path/navigation_tb3
[0.726s] -- Up-to-date symlink: /home/leyla/Desktop/ver_ws/install/navigation_tb3/share/navigation_tb3/environment/ament_prefix_path.sh
[0.726s] -- Up-to-date symlink: /home/leyla/Desktop/ver_ws/install/navigation_tb3/share/navigation_tb3/environment/ament_prefix_path.dsv
[0.726s] -- Up-to-date symlink: /home/leyla/Desktop/ver_ws/install/navigation_tb3/share/navigation_tb3/environment/path.sh
[0.726s] -- Up-to-date symlink: /home/leyla/Desktop/ver_ws/install/navigation_tb3/share/navigation_tb3/environment/path.dsv
[0.726s] -- Up-to-date symlink: /home/leyla/Desktop/ver_ws/install/navigation_tb3/share/navigation_tb3/local_setup.bash
[0.726s] -- Up-to-date symlink: /home/leyla/Desktop/ver_ws/install/navigation_tb3/share/navigation_tb3/local_setup.sh
[0.726s] -- Up-to-date symlink: /home/leyla/Desktop/ver_ws/install/navigation_tb3/share/navigation_tb3/local_setup.zsh
[0.726s] -- Up-to-date symlink: /home/leyla/Desktop/ver_ws/install/navigation_tb3/share/navigation_tb3/local_setup.dsv
[0.726s] -- Symlinking: /home/leyla/Desktop/ver_ws/install/navigation_tb3/share/navigation_tb3/package.dsv
[0.732s] -- Up-to-date symlink: /home/leyla/Desktop/ver_ws/install/navigation_tb3/share/ament_index/resource_index/packages/navigation_tb3
[0.732s] -- Up-to-date symlink: /home/leyla/Desktop/ver_ws/install/navigation_tb3/share/navigation_tb3/cmake/navigation_tb3Config.cmake
[0.732s] -- Up-to-date symlink: /home/leyla/Desktop/ver_ws/install/navigation_tb3/share/navigation_tb3/cmake/navigation_tb3Config-version.cmake
[0.733s] -- Up-to-date symlink: /home/leyla/Desktop/ver_ws/install/navigation_tb3/share/navigation_tb3/package.xml
[0.758s] Listing '/home/leyla/Desktop/ver_ws/install/navigation_tb3/local/lib/python3.10/dist-packages/navigation_tb3'...
[0.762s] Invoked command in '/home/leyla/Desktop/ver_ws/build/navigation_tb3' returned '0': CMAKE_PREFIX_PATH=${CMAKE_PREFIX_PATH}:/home/leyla/turtlebot3_ws/install/turtlebot3_teleop:/home/leyla/turtlebot3_ws/install/turtlebot3_example:/opt/ros/humble /usr/bin/cmake --install /home/leyla/Desktop/ver_ws/build/navigation_tb3
