-- Install configuration: ""
-- Up-to-date: /home/leyla/Documents/ejercicio2_ws/install/panda_movet/share/ament_index/resource_index/package_run_dependencies/panda_movet
-- Up-to-date: /home/leyla/Documents/ejercicio2_ws/install/panda_movet/share/ament_index/resource_index/parent_prefix_path/panda_movet
-- Up-to-date: /home/leyla/Documents/ejercicio2_ws/install/panda_movet/share/panda_movet/environment/ament_prefix_path.sh
-- Up-to-date: /home/leyla/Documents/ejercicio2_ws/install/panda_movet/share/panda_movet/environment/ament_prefix_path.dsv
-- Up-to-date: /home/leyla/Documents/ejercicio2_ws/install/panda_movet/share/panda_movet/environment/path.sh
-- Up-to-date: /home/leyla/Documents/ejercicio2_ws/install/panda_movet/share/panda_movet/environment/path.dsv
-- Up-to-date: /home/leyla/Documents/ejercicio2_ws/install/panda_movet/share/panda_movet/local_setup.bash
-- Up-to-date: /home/leyla/Documents/ejercicio2_ws/install/panda_movet/share/panda_movet/local_setup.sh
-- Up-to-date: /home/leyla/Documents/ejercicio2_ws/install/panda_movet/share/panda_movet/local_setup.zsh
-- Up-to-date: /home/leyla/Documents/ejercicio2_ws/install/panda_movet/share/panda_movet/local_setup.dsv
-- Up-to-date: /home/leyla/Documents/ejercicio2_ws/install/panda_movet/share/panda_movet/package.dsv
-- Up-to-date: /home/leyla/Documents/ejercicio2_ws/install/panda_movet/share/ament_index/resource_index/packages/panda_movet
-- Up-to-date: /home/leyla/Documents/ejercicio2_ws/install/panda_movet/share/panda_movet/cmake/panda_movetConfig.cmake
-- Up-to-date: /home/leyla/Documents/ejercicio2_ws/install/panda_movet/share/panda_movet/cmake/panda_movetConfig-version.cmake
-- Up-to-date: /home/leyla/Documents/ejercicio2_ws/install/panda_movet/share/panda_movet/package.xml
-- Up-to-date: /home/leyla/Documents/ejercicio2_ws/install/panda_movet/share/panda_movet/launch
-- Up-to-date: /home/leyla/Documents/ejercicio2_ws/install/panda_movet/share/panda_movet/launch/rsp.launch.py
-- Up-to-date: /home/leyla/Documents/ejercicio2_ws/install/panda_movet/share/panda_movet/launch/move_group.launch.py
-- Up-to-date: /home/leyla/Documents/ejercicio2_ws/install/panda_movet/share/panda_movet/launch/demo.launch.py
-- Up-to-date: /home/leyla/Documents/ejercicio2_ws/install/panda_movet/share/panda_movet/launch/setup_assistant.launch.py
-- Up-to-date: /home/leyla/Documents/ejercicio2_ws/install/panda_movet/share/panda_movet/launch/static_virtual_joint_tfs.launch.py
-- Up-to-date: /home/leyla/Documents/ejercicio2_ws/install/panda_movet/share/panda_movet/launch/spawn_controllers.launch.py
-- Up-to-date: /home/leyla/Documents/ejercicio2_ws/install/panda_movet/share/panda_movet/launch/moveit_rviz.launch.py
-- Up-to-date: /home/leyla/Documents/ejercicio2_ws/install/panda_movet/share/panda_movet/launch/warehouse_db.launch.py
-- Up-to-date: /home/leyla/Documents/ejercicio2_ws/install/panda_movet/share/panda_movet/config
-- Up-to-date: /home/leyla/Documents/ejercicio2_ws/install/panda_movet/share/panda_movet/config/panda.ros2_control.xacro
-- Up-to-date: /home/leyla/Documents/ejercicio2_ws/install/panda_movet/share/panda_movet/config/panda.urdf.xacro
-- Up-to-date: /home/leyla/Documents/ejercicio2_ws/install/panda_movet/share/panda_movet/config/ros2_controllers.yaml
-- Up-to-date: /home/leyla/Documents/ejercicio2_ws/install/panda_movet/share/panda_movet/config/pilz_cartesian_limits.yaml
-- Up-to-date: /home/leyla/Documents/ejercicio2_ws/install/panda_movet/share/panda_movet/config/moveit_controllers.yaml
-- Up-to-date: /home/leyla/Documents/ejercicio2_ws/install/panda_movet/share/panda_movet/config/panda.srdf
-- Up-to-date: /home/leyla/Documents/ejercicio2_ws/install/panda_movet/share/panda_movet/config/initial_positions.yaml
-- Up-to-date: /home/leyla/Documents/ejercicio2_ws/install/panda_movet/share/panda_movet/config/kinematics.yaml
-- Up-to-date: /home/leyla/Documents/ejercicio2_ws/install/panda_movet/share/panda_movet/config/joint_limits.yaml
-- Up-to-date: /home/leyla/Documents/ejercicio2_ws/install/panda_movet/share/panda_movet/config/moveit.rviz
-- Up-to-date: /home/leyla/Documents/ejercicio2_ws/install/panda_movet/share/panda_movet/.setup_assistant
