[1.094s] Invoking command in '/home/ingkurby/Escritorio/robotica2_ws/src/visual_pubsub': PYTHONPATH=/home/ingkurby/Escritorio/robotica2_ws/src/visual_pubsub/build/visual_pubsub/prefix_override:/usr/lib/python3/dist-packages/colcon_core/task/python/colcon_distutils_commands:/home/ingkurby/Escritorio/robotica2_ws/src/visual_pubsub/install/visual_pubsub/lib/python3.10/site-packages:${PYTHONPATH} /usr/bin/python3 -W ignore:setup.py install is deprecated -W ignore:easy_install command is deprecated setup.py egg_info --egg-base build/visual_pubsub build --build-base /home/ingkurby/Escritorio/robotica2_ws/src/visual_pubsub/build/visual_pubsub/build install --record /home/ingkurby/Escritorio/robotica2_ws/src/visual_pubsub/build/visual_pubsub/install.log --single-version-externally-managed install_data
[1.509s] running egg_info
[1.510s] creating build/visual_pubsub/visual_pubsub.egg-info
[1.510s] writing build/visual_pubsub/visual_pubsub.egg-info/PKG-INFO
[1.511s] writing dependency_links to build/visual_pubsub/visual_pubsub.egg-info/dependency_links.txt
[1.511s] writing entry points to build/visual_pubsub/visual_pubsub.egg-info/entry_points.txt
[1.511s] writing requirements to build/visual_pubsub/visual_pubsub.egg-info/requires.txt
[1.512s] writing top-level names to build/visual_pubsub/visual_pubsub.egg-info/top_level.txt
[1.512s] writing manifest file 'build/visual_pubsub/visual_pubsub.egg-info/SOURCES.txt'
[1.515s] reading manifest file 'build/visual_pubsub/visual_pubsub.egg-info/SOURCES.txt'
[1.515s] adding license file 'LICENSE'
[1.517s] writing manifest file 'build/visual_pubsub/visual_pubsub.egg-info/SOURCES.txt'
[1.517s] running build
[1.517s] running build_py
[1.517s] creating /home/ingkurby/Escritorio/robotica2_ws/src/visual_pubsub/build/visual_pubsub/build
[1.517s] creating /home/ingkurby/Escritorio/robotica2_ws/src/visual_pubsub/build/visual_pubsub/build/lib
[1.517s] creating /home/ingkurby/Escritorio/robotica2_ws/src/visual_pubsub/build/visual_pubsub/build/lib/visual_pubsub
[1.518s] copying visual_pubsub/sub_joints.py -> /home/ingkurby/Escritorio/robotica2_ws/src/visual_pubsub/build/visual_pubsub/build/lib/visual_pubsub
[1.518s] copying visual_pubsub/inverse_kinematics.py -> /home/ingkurby/Escritorio/robotica2_ws/src/visual_pubsub/build/visual_pubsub/build/lib/visual_pubsub
[1.518s] copying visual_pubsub/__init__.py -> /home/ingkurby/Escritorio/robotica2_ws/src/visual_pubsub/build/visual_pubsub/build/lib/visual_pubsub
[1.518s] copying visual_pubsub/pub_joints.py -> /home/ingkurby/Escritorio/robotica2_ws/src/visual_pubsub/build/visual_pubsub/build/lib/visual_pubsub
[1.518s] running install
[1.519s] running install_lib
[1.521s] creating /home/ingkurby/Escritorio/robotica2_ws/src/visual_pubsub/install/visual_pubsub/lib/python3.10/site-packages/visual_pubsub
[1.521s] copying /home/ingkurby/Escritorio/robotica2_ws/src/visual_pubsub/build/visual_pubsub/build/lib/visual_pubsub/sub_joints.py -> /home/ingkurby/Escritorio/robotica2_ws/src/visual_pubsub/install/visual_pubsub/lib/python3.10/site-packages/visual_pubsub
[1.521s] copying /home/ingkurby/Escritorio/robotica2_ws/src/visual_pubsub/build/visual_pubsub/build/lib/visual_pubsub/inverse_kinematics.py -> /home/ingkurby/Escritorio/robotica2_ws/src/visual_pubsub/install/visual_pubsub/lib/python3.10/site-packages/visual_pubsub
[1.522s] copying /home/ingkurby/Escritorio/robotica2_ws/src/visual_pubsub/build/visual_pubsub/build/lib/visual_pubsub/__init__.py -> /home/ingkurby/Escritorio/robotica2_ws/src/visual_pubsub/install/visual_pubsub/lib/python3.10/site-packages/visual_pubsub
[1.522s] copying /home/ingkurby/Escritorio/robotica2_ws/src/visual_pubsub/build/visual_pubsub/build/lib/visual_pubsub/pub_joints.py -> /home/ingkurby/Escritorio/robotica2_ws/src/visual_pubsub/install/visual_pubsub/lib/python3.10/site-packages/visual_pubsub
[1.523s] byte-compiling /home/ingkurby/Escritorio/robotica2_ws/src/visual_pubsub/install/visual_pubsub/lib/python3.10/site-packages/visual_pubsub/sub_joints.py to sub_joints.cpython-310.pyc
[1.523s] byte-compiling /home/ingkurby/Escritorio/robotica2_ws/src/visual_pubsub/install/visual_pubsub/lib/python3.10/site-packages/visual_pubsub/inverse_kinematics.py to inverse_kinematics.cpython-310.pyc
[1.525s] byte-compiling /home/ingkurby/Escritorio/robotica2_ws/src/visual_pubsub/install/visual_pubsub/lib/python3.10/site-packages/visual_pubsub/__init__.py to __init__.cpython-310.pyc
[1.525s] byte-compiling /home/ingkurby/Escritorio/robotica2_ws/src/visual_pubsub/install/visual_pubsub/lib/python3.10/site-packages/visual_pubsub/pub_joints.py to pub_joints.cpython-310.pyc
[1.526s] running install_data
[1.526s] creating /home/ingkurby/Escritorio/robotica2_ws/src/visual_pubsub/install/visual_pubsub/share/ament_index
[1.526s] creating /home/ingkurby/Escritorio/robotica2_ws/src/visual_pubsub/install/visual_pubsub/share/ament_index/resource_index
[1.527s] creating /home/ingkurby/Escritorio/robotica2_ws/src/visual_pubsub/install/visual_pubsub/share/ament_index/resource_index/packages
[1.527s] copying resource/visual_pubsub -> /home/ingkurby/Escritorio/robotica2_ws/src/visual_pubsub/install/visual_pubsub/share/ament_index/resource_index/packages
[1.527s] copying package.xml -> /home/ingkurby/Escritorio/robotica2_ws/src/visual_pubsub/install/visual_pubsub/share/visual_pubsub
[1.527s] running install_egg_info
[1.531s] Copying build/visual_pubsub/visual_pubsub.egg-info to /home/ingkurby/Escritorio/robotica2_ws/src/visual_pubsub/install/visual_pubsub/lib/python3.10/site-packages/visual_pubsub-0.0.0-py3.10.egg-info
[1.533s] running install_scripts
[1.565s] Installing pub_joints script to /home/ingkurby/Escritorio/robotica2_ws/src/visual_pubsub/install/visual_pubsub/lib/visual_pubsub
[1.565s] Installing sub_joints script to /home/ingkurby/Escritorio/robotica2_ws/src/visual_pubsub/install/visual_pubsub/lib/visual_pubsub
[1.566s] writing list of installed files to '/home/ingkurby/Escritorio/robotica2_ws/src/visual_pubsub/build/visual_pubsub/install.log'
[1.599s] Invoked command in '/home/ingkurby/Escritorio/robotica2_ws/src/visual_pubsub' returned '0': PYTHONPATH=/home/ingkurby/Escritorio/robotica2_ws/src/visual_pubsub/build/visual_pubsub/prefix_override:/usr/lib/python3/dist-packages/colcon_core/task/python/colcon_distutils_commands:/home/ingkurby/Escritorio/robotica2_ws/src/visual_pubsub/install/visual_pubsub/lib/python3.10/site-packages:${PYTHONPATH} /usr/bin/python3 -W ignore:setup.py install is deprecated -W ignore:easy_install command is deprecated setup.py egg_info --egg-base build/visual_pubsub build --build-base /home/ingkurby/Escritorio/robotica2_ws/src/visual_pubsub/build/visual_pubsub/build install --record /home/ingkurby/Escritorio/robotica2_ws/src/visual_pubsub/build/visual_pubsub/install.log --single-version-externally-managed install_data
