[0.081s] DEBUG:colcon:Command line arguments: ['/usr/bin/colcon', 'build']
[0.081s] DEBUG:colcon:Parsed command line arguments: Namespace(log_base=None, log_level=None, verb_name='build', build_base='build', install_base='install', merge_install=False, symlink_install=False, test_result_base=None, continue_on_error=False, executor='parallel', parallel_workers=20, event_handlers=None, ignore_user_meta=False, metas=['./colcon.meta'], base_paths=['.'], packages_ignore=None, packages_ignore_regex=None, paths=None, packages_up_to=None, packages_up_to_regex=None, packages_above=None, packages_above_and_dependencies=None, packages_above_depth=None, packages_select_by_dep=None, packages_skip_by_dep=None, packages_skip_up_to=None, packages_select_build_failed=False, packages_skip_build_finished=False, packages_select_test_failures=False, packages_skip_test_passed=False, packages_select=None, packages_skip=None, packages_select_regex=None, packages_skip_regex=None, packages_start=None, packages_end=None, allow_overriding=[], cmake_args=None, cmake_target=None, cmake_target_skip_unavailable=False, cmake_clean_cache=False, cmake_clean_first=False, cmake_force_configure=False, ament_cmake_args=None, catkin_cmake_args=None, catkin_skip_building_tests=False, verb_parser=<colcon_defaults.argument_parser.defaults.DefaultArgumentsDecorator object at 0x7d635cd785e0>, verb_extension=<colcon_core.verb.build.BuildVerb object at 0x7d635cd3bdf0>, main=<bound method BuildVerb.main of <colcon_core.verb.build.BuildVerb object at 0x7d635cd3bdf0>>)
[0.180s] Level 1:colcon.colcon_core.package_discovery:discover_packages(colcon_meta) check parameters
[0.181s] Level 1:colcon.colcon_core.package_discovery:discover_packages(recursive) check parameters
[0.181s] Level 1:colcon.colcon_core.package_discovery:discover_packages(ignore) check parameters
[0.181s] Level 1:colcon.colcon_core.package_discovery:discover_packages(path) check parameters
[0.181s] Level 1:colcon.colcon_core.package_discovery:discover_packages(colcon_meta) discover
[0.181s] Level 1:colcon.colcon_core.package_discovery:discover_packages(recursive) discover
[0.181s] INFO:colcon.colcon_core.package_discovery:Crawling recursively for packages in '/home/leyla/Documents/ejercicio2_ws'
[0.181s] Level 1:colcon.colcon_core.package_identification:_identify(.) by extensions ['ignore', 'ignore_ament_install']
[0.181s] Level 1:colcon.colcon_core.package_identification:_identify(.) by extension 'ignore'
[0.181s] Level 1:colcon.colcon_core.package_identification:_identify(.) by extension 'ignore_ament_install'
[0.181s] Level 1:colcon.colcon_core.package_identification:_identify(.) by extensions ['colcon_pkg']
[0.181s] Level 1:colcon.colcon_core.package_identification:_identify(.) by extension 'colcon_pkg'
[0.181s] Level 1:colcon.colcon_core.package_identification:_identify(.) by extensions ['colcon_meta']
[0.181s] Level 1:colcon.colcon_core.package_identification:_identify(.) by extension 'colcon_meta'
[0.181s] Level 1:colcon.colcon_core.package_identification:_identify(.) by extensions ['ros']
[0.181s] Level 1:colcon.colcon_core.package_identification:_identify(.) by extension 'ros'
[0.188s] Level 1:colcon.colcon_core.package_identification:_identify(.) by extensions ['cmake', 'python']
[0.188s] Level 1:colcon.colcon_core.package_identification:_identify(.) by extension 'cmake'
[0.188s] Level 1:colcon.colcon_core.package_identification:_identify(.) by extension 'python'
[0.188s] Level 1:colcon.colcon_core.package_identification:_identify(.) by extensions ['python_setup_py']
[0.188s] Level 1:colcon.colcon_core.package_identification:_identify(.) by extension 'python_setup_py'
[0.188s] Level 1:colcon.colcon_core.package_identification:_identify(build) by extensions ['ignore', 'ignore_ament_install']
[0.188s] Level 1:colcon.colcon_core.package_identification:_identify(build) by extension 'ignore'
[0.188s] Level 1:colcon.colcon_core.package_identification:_identify(build) ignored
[0.188s] Level 1:colcon.colcon_core.package_identification:_identify(install) by extensions ['ignore', 'ignore_ament_install']
[0.188s] Level 1:colcon.colcon_core.package_identification:_identify(install) by extension 'ignore'
[0.188s] Level 1:colcon.colcon_core.package_identification:_identify(install) ignored
[0.188s] Level 1:colcon.colcon_core.package_identification:_identify(log) by extensions ['ignore', 'ignore_ament_install']
[0.188s] Level 1:colcon.colcon_core.package_identification:_identify(log) by extension 'ignore'
[0.188s] Level 1:colcon.colcon_core.package_identification:_identify(log) ignored
[0.188s] Level 1:colcon.colcon_core.package_identification:_identify(src) by extensions ['ignore', 'ignore_ament_install']
[0.189s] Level 1:colcon.colcon_core.package_identification:_identify(src) by extension 'ignore'
[0.189s] Level 1:colcon.colcon_core.package_identification:_identify(src) by extension 'ignore_ament_install'
[0.189s] Level 1:colcon.colcon_core.package_identification:_identify(src) by extensions ['colcon_pkg']
[0.189s] Level 1:colcon.colcon_core.package_identification:_identify(src) by extension 'colcon_pkg'
[0.189s] Level 1:colcon.colcon_core.package_identification:_identify(src) by extensions ['colcon_meta']
[0.189s] Level 1:colcon.colcon_core.package_identification:_identify(src) by extension 'colcon_meta'
[0.189s] Level 1:colcon.colcon_core.package_identification:_identify(src) by extensions ['ros']
[0.189s] Level 1:colcon.colcon_core.package_identification:_identify(src) by extension 'ros'
[0.189s] Level 1:colcon.colcon_core.package_identification:_identify(src) by extensions ['cmake', 'python']
[0.189s] Level 1:colcon.colcon_core.package_identification:_identify(src) by extension 'cmake'
[0.189s] Level 1:colcon.colcon_core.package_identification:_identify(src) by extension 'python'
[0.189s] Level 1:colcon.colcon_core.package_identification:_identify(src) by extensions ['python_setup_py']
[0.189s] Level 1:colcon.colcon_core.package_identification:_identify(src) by extension 'python_setup_py'
[0.189s] Level 1:colcon.colcon_core.package_identification:_identify(src/panda_movet) by extensions ['ignore', 'ignore_ament_install']
[0.189s] Level 1:colcon.colcon_core.package_identification:_identify(src/panda_movet) by extension 'ignore'
[0.189s] Level 1:colcon.colcon_core.package_identification:_identify(src/panda_movet) by extension 'ignore_ament_install'
[0.189s] Level 1:colcon.colcon_core.package_identification:_identify(src/panda_movet) by extensions ['colcon_pkg']
[0.189s] Level 1:colcon.colcon_core.package_identification:_identify(src/panda_movet) by extension 'colcon_pkg'
[0.189s] Level 1:colcon.colcon_core.package_identification:_identify(src/panda_movet) by extensions ['colcon_meta']
[0.189s] Level 1:colcon.colcon_core.package_identification:_identify(src/panda_movet) by extension 'colcon_meta'
[0.189s] Level 1:colcon.colcon_core.package_identification:_identify(src/panda_movet) by extensions ['ros']
[0.189s] Level 1:colcon.colcon_core.package_identification:_identify(src/panda_movet) by extension 'ros'
[0.191s] DEBUG:colcon.colcon_core.package_identification:Package 'src/panda_movet' with type 'ros.ament_cmake' and name 'panda_movet'
[0.191s] Level 1:colcon.colcon_core.package_identification:_identify(src/test_move) by extensions ['ignore', 'ignore_ament_install']
[0.191s] Level 1:colcon.colcon_core.package_identification:_identify(src/test_move) by extension 'ignore'
[0.191s] Level 1:colcon.colcon_core.package_identification:_identify(src/test_move) by extension 'ignore_ament_install'
[0.191s] Level 1:colcon.colcon_core.package_identification:_identify(src/test_move) by extensions ['colcon_pkg']
[0.191s] Level 1:colcon.colcon_core.package_identification:_identify(src/test_move) by extension 'colcon_pkg'
[0.191s] Level 1:colcon.colcon_core.package_identification:_identify(src/test_move) by extensions ['colcon_meta']
[0.191s] Level 1:colcon.colcon_core.package_identification:_identify(src/test_move) by extension 'colcon_meta'
[0.191s] Level 1:colcon.colcon_core.package_identification:_identify(src/test_move) by extensions ['ros']
[0.191s] Level 1:colcon.colcon_core.package_identification:_identify(src/test_move) by extension 'ros'
[0.191s] DEBUG:colcon.colcon_core.package_identification:Package 'src/test_move' with type 'ros.ament_cmake' and name 'test_move'
[0.191s] Level 1:colcon.colcon_core.package_discovery:discover_packages(recursive) using defaults
[0.191s] Level 1:colcon.colcon_core.package_discovery:discover_packages(ignore) discover
[0.191s] Level 1:colcon.colcon_core.package_discovery:discover_packages(ignore) using defaults
[0.192s] Level 1:colcon.colcon_core.package_discovery:discover_packages(path) discover
[0.192s] Level 1:colcon.colcon_core.package_discovery:discover_packages(path) using defaults
[0.211s] Level 1:colcon.colcon_core.package_discovery:discover_packages(prefix_path) check parameters
[0.211s] Level 1:colcon.colcon_core.package_discovery:discover_packages(prefix_path) discover
[0.212s] WARNING:colcon.colcon_core.prefix_path.colcon:The path '/home/leyla/Documents/PARCIAL2_ws/install' in the environment variable COLCON_PREFIX_PATH doesn't exist
[0.212s] WARNING:colcon.colcon_core.prefix_path.colcon:The path '/home/leyla/Documents/p2_ws/install' in the environment variable COLCON_PREFIX_PATH doesn't exist
[0.212s] WARNING:colcon.colcon_ros.prefix_path.ament:The path '/home/leyla/Documents/ejercicio3_ws/install/test_move' in the environment variable AMENT_PREFIX_PATH doesn't exist
[0.212s] WARNING:colcon.colcon_ros.prefix_path.ament:The path '/home/leyla/Documents/ejercicio3_ws/install/panda_movet' in the environment variable AMENT_PREFIX_PATH doesn't exist
[0.212s] WARNING:colcon.colcon_ros.prefix_path.ament:The path '/home/leyla/Documents/ejercicio3_ws/install/panda_assist' in the environment variable AMENT_PREFIX_PATH doesn't exist
[0.212s] WARNING:colcon.colcon_ros.prefix_path.ament:The path '/home/leyla/Documents/ejercicio3_ws/install/robot_description' in the environment variable AMENT_PREFIX_PATH doesn't exist
[0.212s] WARNING:colcon.colcon_ros.prefix_path.ament:The path '/home/leyla/Documents/ejercicio2_ws/install/stage_ros2' in the environment variable AMENT_PREFIX_PATH doesn't exist
[0.212s] WARNING:colcon.colcon_ros.prefix_path.ament:The path '/home/leyla/Documents/ejercicio2_ws/install/robot_nav' in the environment variable AMENT_PREFIX_PATH doesn't exist
[0.212s] WARNING:colcon.colcon_ros.prefix_path.ament:The path '/home/leyla/Documents/ejercicio2_ws/install/navigation_tb3' in the environment variable AMENT_PREFIX_PATH doesn't exist
[0.212s] WARNING:colcon.colcon_ros.prefix_path.ament:The path '/home/leyla/Documents/ejercicio2_ws/install/control_py' in the environment variable AMENT_PREFIX_PATH doesn't exist
[0.212s] WARNING:colcon.colcon_ros.prefix_path.ament:The path '/home/leyla/Documents/ejercicio2_ws/install/cartographer_rviz' in the environment variable AMENT_PREFIX_PATH doesn't exist
[0.212s] WARNING:colcon.colcon_ros.prefix_path.ament:The path '/home/leyla/Documents/ejercicio2_ws/install/cartographer_ros' in the environment variable AMENT_PREFIX_PATH doesn't exist
[0.212s] WARNING:colcon.colcon_ros.prefix_path.ament:The path '/home/leyla/Documents/ejercicio2_ws/install/cartographer_ros_msgs' in the environment variable AMENT_PREFIX_PATH doesn't exist
[0.212s] WARNING:colcon.colcon_ros.prefix_path.ament:The path '/home/leyla/Documents/PARCIAL2_ws/install/visual_pubsub' in the environment variable AMENT_PREFIX_PATH doesn't exist
[0.212s] WARNING:colcon.colcon_ros.prefix_path.ament:The path '/home/leyla/Documents/PARCIAL2_ws/install/panda_config' in the environment variable AMENT_PREFIX_PATH doesn't exist
[0.212s] WARNING:colcon.colcon_ros.prefix_path.ament:The path '/home/leyla/Documents/PARCIAL2_ws/install/robot_description' in the environment variable AMENT_PREFIX_PATH doesn't exist
[0.212s] WARNING:colcon.colcon_ros.prefix_path.ament:The path '/home/leyla/Documents/p2_ws/install/ej1_pkg' in the environment variable AMENT_PREFIX_PATH doesn't exist
[0.212s] WARNING:colcon.colcon_ros.prefix_path.ament:The path '/home/leyla/Documents/p2_ws/install/visual_pubsub' in the environment variable AMENT_PREFIX_PATH doesn't exist
[0.212s] WARNING:colcon.colcon_ros.prefix_path.ament:The path '/home/leyla/Documents/p2_ws/install/panda_config' in the environment variable AMENT_PREFIX_PATH doesn't exist
[0.212s] WARNING:colcon.colcon_ros.prefix_path.ament:The path '/home/leyla/Documents/p2_ws/install/robot_description' in the environment variable AMENT_PREFIX_PATH doesn't exist
[0.213s] WARNING:colcon.colcon_ros.prefix_path.catkin:The path '/home/leyla/Documents/ejercicio3_ws/install/test_move' in the environment variable CMAKE_PREFIX_PATH doesn't exist
[0.213s] WARNING:colcon.colcon_ros.prefix_path.catkin:The path '/home/leyla/Documents/ejercicio3_ws/install/panda_movet' in the environment variable CMAKE_PREFIX_PATH doesn't exist
[0.213s] WARNING:colcon.colcon_ros.prefix_path.catkin:The path '/home/leyla/Documents/ejercicio3_ws/install/panda_assist' in the environment variable CMAKE_PREFIX_PATH doesn't exist
[0.213s] WARNING:colcon.colcon_ros.prefix_path.catkin:The path '/home/leyla/Documents/ejercicio3_ws/install/robot_description' in the environment variable CMAKE_PREFIX_PATH doesn't exist
[0.213s] WARNING:colcon.colcon_ros.prefix_path.catkin:The path '/home/leyla/Documents/ejercicio2_ws/install/stage_ros2' in the environment variable CMAKE_PREFIX_PATH doesn't exist
[0.213s] WARNING:colcon.colcon_ros.prefix_path.catkin:The path '/home/leyla/Documents/ejercicio2_ws/install/navigation_tb3' in the environment variable CMAKE_PREFIX_PATH doesn't exist
[0.213s] WARNING:colcon.colcon_ros.prefix_path.catkin:The path '/home/leyla/Documents/ejercicio2_ws/install/cartographer_rviz' in the environment variable CMAKE_PREFIX_PATH doesn't exist
[0.213s] WARNING:colcon.colcon_ros.prefix_path.catkin:The path '/home/leyla/Documents/ejercicio2_ws/install/cartographer_ros' in the environment variable CMAKE_PREFIX_PATH doesn't exist
[0.213s] WARNING:colcon.colcon_ros.prefix_path.catkin:The path '/home/leyla/Documents/ejercicio2_ws/install/cartographer_ros_msgs' in the environment variable CMAKE_PREFIX_PATH doesn't exist
[0.213s] WARNING:colcon.colcon_ros.prefix_path.catkin:The path '/home/leyla/Documents/ejercicio2_ws/install/Stage' in the environment variable CMAKE_PREFIX_PATH doesn't exist
[0.213s] WARNING:colcon.colcon_ros.prefix_path.catkin:The path '/home/leyla/Documents/PARCIAL2_ws/install/panda_config' in the environment variable CMAKE_PREFIX_PATH doesn't exist
[0.213s] WARNING:colcon.colcon_ros.prefix_path.catkin:The path '/home/leyla/Documents/PARCIAL2_ws/install/robot_description' in the environment variable CMAKE_PREFIX_PATH doesn't exist
[0.213s] WARNING:colcon.colcon_ros.prefix_path.catkin:The path '/home/leyla/Documents/p2_ws/install/panda_config' in the environment variable CMAKE_PREFIX_PATH doesn't exist
[0.213s] WARNING:colcon.colcon_ros.prefix_path.catkin:The path '/home/leyla/Documents/p2_ws/install/robot_description' in the environment variable CMAKE_PREFIX_PATH doesn't exist
[0.213s] DEBUG:colcon.colcon_installed_package_information.package_discovery:Found 0 installed packages in /home/leyla/Documents/ejercicio2_ws/install
[0.214s] DEBUG:colcon.colcon_installed_package_information.package_discovery:Found 2 installed packages in /home/leyla/Documents/ejercicio1_ws/install
[0.214s] DEBUG:colcon.colcon_installed_package_information.package_discovery:Found 7 installed packages in /home/leyla/Desktop/ver_ws/install
[0.214s] DEBUG:colcon.colcon_installed_package_information.package_discovery:Found 3 installed packages in /home/leyla/Desktop/newvis_ws/install
[0.215s] DEBUG:colcon.colcon_installed_package_information.package_discovery:Found 12 installed packages in /home/leyla/turtlebot3_ws/install
[0.215s] DEBUG:colcon.colcon_installed_package_information.package_discovery:Found 8 installed packages in /home/leyla/Documents/ejercicio3_ws/install
[0.216s] DEBUG:colcon.colcon_installed_package_information.package_discovery:Found 5 installed packages in /home/leyla/Desktop/2_parcialws/install
[0.216s] DEBUG:colcon.colcon_installed_package_information.package_discovery:Found 9 installed packages in /home/leyla/Desktop/parcial2_ws/install
[0.217s] DEBUG:colcon.colcon_installed_package_information.package_discovery:Found 427 installed packages in /opt/ros/humble
[0.219s] Level 1:colcon.colcon_core.package_discovery:discover_packages(prefix_path) using defaults
[0.250s] Level 5:colcon.colcon_core.verb:set package 'panda_movet' build argument 'cmake_args' from command line to 'None'
[0.250s] Level 5:colcon.colcon_core.verb:set package 'panda_movet' build argument 'cmake_target' from command line to 'None'
[0.250s] Level 5:colcon.colcon_core.verb:set package 'panda_movet' build argument 'cmake_target_skip_unavailable' from command line to 'False'
[0.250s] Level 5:colcon.colcon_core.verb:set package 'panda_movet' build argument 'cmake_clean_cache' from command line to 'False'
[0.250s] Level 5:colcon.colcon_core.verb:set package 'panda_movet' build argument 'cmake_clean_first' from command line to 'False'
[0.250s] Level 5:colcon.colcon_core.verb:set package 'panda_movet' build argument 'cmake_force_configure' from command line to 'False'
[0.250s] Level 5:colcon.colcon_core.verb:set package 'panda_movet' build argument 'ament_cmake_args' from command line to 'None'
[0.250s] Level 5:colcon.colcon_core.verb:set package 'panda_movet' build argument 'catkin_cmake_args' from command line to 'None'
[0.250s] Level 5:colcon.colcon_core.verb:set package 'panda_movet' build argument 'catkin_skip_building_tests' from command line to 'False'
[0.250s] DEBUG:colcon.colcon_core.verb:Building package 'panda_movet' with the following arguments: {'ament_cmake_args': None, 'build_base': '/home/leyla/Documents/ejercicio2_ws/build/panda_movet', 'catkin_cmake_args': None, 'catkin_skip_building_tests': False, 'cmake_args': None, 'cmake_clean_cache': False, 'cmake_clean_first': False, 'cmake_force_configure': False, 'cmake_target': None, 'cmake_target_skip_unavailable': False, 'install_base': '/home/leyla/Documents/ejercicio2_ws/install/panda_movet', 'merge_install': False, 'path': '/home/leyla/Documents/ejercicio2_ws/src/panda_movet', 'symlink_install': False, 'test_result_base': None}
[0.250s] Level 5:colcon.colcon_core.verb:set package 'test_move' build argument 'cmake_args' from command line to 'None'
[0.250s] Level 5:colcon.colcon_core.verb:set package 'test_move' build argument 'cmake_target' from command line to 'None'
[0.250s] Level 5:colcon.colcon_core.verb:set package 'test_move' build argument 'cmake_target_skip_unavailable' from command line to 'False'
[0.250s] Level 5:colcon.colcon_core.verb:set package 'test_move' build argument 'cmake_clean_cache' from command line to 'False'
[0.250s] Level 5:colcon.colcon_core.verb:set package 'test_move' build argument 'cmake_clean_first' from command line to 'False'
[0.250s] Level 5:colcon.colcon_core.verb:set package 'test_move' build argument 'cmake_force_configure' from command line to 'False'
[0.250s] Level 5:colcon.colcon_core.verb:set package 'test_move' build argument 'ament_cmake_args' from command line to 'None'
[0.250s] Level 5:colcon.colcon_core.verb:set package 'test_move' build argument 'catkin_cmake_args' from command line to 'None'
[0.250s] Level 5:colcon.colcon_core.verb:set package 'test_move' build argument 'catkin_skip_building_tests' from command line to 'False'
[0.250s] DEBUG:colcon.colcon_core.verb:Building package 'test_move' with the following arguments: {'ament_cmake_args': None, 'build_base': '/home/leyla/Documents/ejercicio2_ws/build/test_move', 'catkin_cmake_args': None, 'catkin_skip_building_tests': False, 'cmake_args': None, 'cmake_clean_cache': False, 'cmake_clean_first': False, 'cmake_force_configure': False, 'cmake_target': None, 'cmake_target_skip_unavailable': False, 'install_base': '/home/leyla/Documents/ejercicio2_ws/install/test_move', 'merge_install': False, 'path': '/home/leyla/Documents/ejercicio2_ws/src/test_move', 'symlink_install': False, 'test_result_base': None}
[0.251s] INFO:colcon.colcon_core.executor:Executing jobs using 'parallel' executor
[0.251s] DEBUG:colcon.colcon_parallel_executor.executor.parallel:run_until_complete
[0.251s] INFO:colcon.colcon_ros.task.ament_cmake.build:Building ROS package in '/home/leyla/Documents/ejercicio2_ws/src/panda_movet' with build type 'ament_cmake'
[0.252s] INFO:colcon.colcon_cmake.task.cmake.build:Building CMake package in '/home/leyla/Documents/ejercicio2_ws/src/panda_movet'
[0.253s] INFO:colcon.colcon_core.plugin_system:Skipping extension 'colcon_core.shell.bat': Not used on non-Windows systems
[0.253s] INFO:colcon.colcon_core.shell:Skip shell extension 'powershell' for command environment: Not usable outside of PowerShell
[0.253s] DEBUG:colcon.colcon_core.shell:Skip shell extension 'dsv' for command environment
[0.258s] INFO:colcon.colcon_ros.task.ament_cmake.build:Building ROS package in '/home/leyla/Documents/ejercicio2_ws/src/test_move' with build type 'ament_cmake'
[0.258s] INFO:colcon.colcon_cmake.task.cmake.build:Building CMake package in '/home/leyla/Documents/ejercicio2_ws/src/test_move'
[0.258s] INFO:colcon.colcon_core.shell:Skip shell extension 'powershell' for command environment: Not usable outside of PowerShell
[0.258s] DEBUG:colcon.colcon_core.shell:Skip shell extension 'dsv' for command environment
[0.265s] DEBUG:colcon.colcon_core.event_handler.log_command:Invoking command in '/home/leyla/Documents/ejercicio2_ws/build/panda_movet': CMAKE_PREFIX_PATH=${CMAKE_PREFIX_PATH}:/home/leyla/Documents/ejercicio1_ws/install/visual_pubsub:/home/leyla/Documents/ejercicio2_ws/install/robot_nav:/home/leyla/Documents/ejercicio2_ws/install/control_py:/home/leyla/Documents/PARCIAL2_ws/install/visual_pubsub:/home/leyla/Documents/p2_ws/install/ej1_pkg:/home/leyla/Documents/p2_ws/install/visual_pubsub:/home/leyla/Desktop/2_parcialws/install/visual_pubsub:/home/leyla/Desktop/2_parcialws/install/ejercicio1_pkg:/home/leyla/Desktop/parcial2_ws/install/control_py:/home/leyla/Desktop/ver_ws/install/robot_nav:/home/leyla/turtlebot3_ws/install/turtlebot3_teleop:/home/leyla/turtlebot3_ws/install/turtlebot3_example:/opt/ros/humble /usr/bin/cmake /home/leyla/Documents/ejercicio2_ws/src/panda_movet -DCMAKE_INSTALL_PREFIX=/home/leyla/Documents/ejercicio2_ws/install/panda_movet
[0.267s] DEBUG:colcon.colcon_core.event_handler.log_command:Invoking command in '/home/leyla/Documents/ejercicio2_ws/build/test_move': CMAKE_PREFIX_PATH=${CMAKE_PREFIX_PATH}:/home/leyla/Documents/ejercicio1_ws/install/visual_pubsub:/home/leyla/Documents/ejercicio2_ws/install/robot_nav:/home/leyla/Documents/ejercicio2_ws/install/control_py:/home/leyla/Documents/PARCIAL2_ws/install/visual_pubsub:/home/leyla/Documents/p2_ws/install/ej1_pkg:/home/leyla/Documents/p2_ws/install/visual_pubsub:/home/leyla/Desktop/2_parcialws/install/visual_pubsub:/home/leyla/Desktop/2_parcialws/install/ejercicio1_pkg:/home/leyla/Desktop/parcial2_ws/install/control_py:/home/leyla/Desktop/ver_ws/install/robot_nav:/home/leyla/turtlebot3_ws/install/turtlebot3_teleop:/home/leyla/turtlebot3_ws/install/turtlebot3_example:/opt/ros/humble /usr/bin/cmake /home/leyla/Documents/ejercicio2_ws/src/test_move -DCMAKE_INSTALL_PREFIX=/home/leyla/Documents/ejercicio2_ws/install/test_move
[0.854s] DEBUG:colcon.colcon_core.event_handler.log_command:Invoked command in '/home/leyla/Documents/ejercicio2_ws/build/panda_movet' returned '0': CMAKE_PREFIX_PATH=${CMAKE_PREFIX_PATH}:/home/leyla/Documents/ejercicio1_ws/install/visual_pubsub:/home/leyla/Documents/ejercicio2_ws/install/robot_nav:/home/leyla/Documents/ejercicio2_ws/install/control_py:/home/leyla/Documents/PARCIAL2_ws/install/visual_pubsub:/home/leyla/Documents/p2_ws/install/ej1_pkg:/home/leyla/Documents/p2_ws/install/visual_pubsub:/home/leyla/Desktop/2_parcialws/install/visual_pubsub:/home/leyla/Desktop/2_parcialws/install/ejercicio1_pkg:/home/leyla/Desktop/parcial2_ws/install/control_py:/home/leyla/Desktop/ver_ws/install/robot_nav:/home/leyla/turtlebot3_ws/install/turtlebot3_teleop:/home/leyla/turtlebot3_ws/install/turtlebot3_example:/opt/ros/humble /usr/bin/cmake /home/leyla/Documents/ejercicio2_ws/src/panda_movet -DCMAKE_INSTALL_PREFIX=/home/leyla/Documents/ejercicio2_ws/install/panda_movet
[0.855s] DEBUG:colcon.colcon_core.event_handler.log_command:Invoking command in '/home/leyla/Documents/ejercicio2_ws/build/panda_movet': CMAKE_PREFIX_PATH=${CMAKE_PREFIX_PATH}:/home/leyla/Documents/ejercicio1_ws/install/visual_pubsub:/home/leyla/Documents/ejercicio2_ws/install/robot_nav:/home/leyla/Documents/ejercicio2_ws/install/control_py:/home/leyla/Documents/PARCIAL2_ws/install/visual_pubsub:/home/leyla/Documents/p2_ws/install/ej1_pkg:/home/leyla/Documents/p2_ws/install/visual_pubsub:/home/leyla/Desktop/2_parcialws/install/visual_pubsub:/home/leyla/Desktop/2_parcialws/install/ejercicio1_pkg:/home/leyla/Desktop/parcial2_ws/install/control_py:/home/leyla/Desktop/ver_ws/install/robot_nav:/home/leyla/turtlebot3_ws/install/turtlebot3_teleop:/home/leyla/turtlebot3_ws/install/turtlebot3_example:/opt/ros/humble /usr/bin/cmake --build /home/leyla/Documents/ejercicio2_ws/build/panda_movet -- -j20 -l20
[0.887s] DEBUG:colcon.colcon_core.event_handler.log_command:Invoked command in '/home/leyla/Documents/ejercicio2_ws/build/panda_movet' returned '0': CMAKE_PREFIX_PATH=${CMAKE_PREFIX_PATH}:/home/leyla/Documents/ejercicio1_ws/install/visual_pubsub:/home/leyla/Documents/ejercicio2_ws/install/robot_nav:/home/leyla/Documents/ejercicio2_ws/install/control_py:/home/leyla/Documents/PARCIAL2_ws/install/visual_pubsub:/home/leyla/Documents/p2_ws/install/ej1_pkg:/home/leyla/Documents/p2_ws/install/visual_pubsub:/home/leyla/Desktop/2_parcialws/install/visual_pubsub:/home/leyla/Desktop/2_parcialws/install/ejercicio1_pkg:/home/leyla/Desktop/parcial2_ws/install/control_py:/home/leyla/Desktop/ver_ws/install/robot_nav:/home/leyla/turtlebot3_ws/install/turtlebot3_teleop:/home/leyla/turtlebot3_ws/install/turtlebot3_example:/opt/ros/humble /usr/bin/cmake --build /home/leyla/Documents/ejercicio2_ws/build/panda_movet -- -j20 -l20
[0.899s] DEBUG:colcon.colcon_core.event_handler.log_command:Invoking command in '/home/leyla/Documents/ejercicio2_ws/build/panda_movet': CMAKE_PREFIX_PATH=${CMAKE_PREFIX_PATH}:/home/leyla/Documents/ejercicio1_ws/install/visual_pubsub:/home/leyla/Documents/ejercicio2_ws/install/robot_nav:/home/leyla/Documents/ejercicio2_ws/install/control_py:/home/leyla/Documents/PARCIAL2_ws/install/visual_pubsub:/home/leyla/Documents/p2_ws/install/ej1_pkg:/home/leyla/Documents/p2_ws/install/visual_pubsub:/home/leyla/Desktop/2_parcialws/install/visual_pubsub:/home/leyla/Desktop/2_parcialws/install/ejercicio1_pkg:/home/leyla/Desktop/parcial2_ws/install/control_py:/home/leyla/Desktop/ver_ws/install/robot_nav:/home/leyla/turtlebot3_ws/install/turtlebot3_teleop:/home/leyla/turtlebot3_ws/install/turtlebot3_example:/opt/ros/humble /usr/bin/cmake --install /home/leyla/Documents/ejercicio2_ws/build/panda_movet
[0.911s] Level 1:colcon.colcon_core.environment:create_environment_scripts_only(panda_movet)
[0.912s] DEBUG:colcon.colcon_core.event_handler.log_command:Invoked command in '/home/leyla/Documents/ejercicio2_ws/build/panda_movet' returned '0': CMAKE_PREFIX_PATH=${CMAKE_PREFIX_PATH}:/home/leyla/Documents/ejercicio1_ws/install/visual_pubsub:/home/leyla/Documents/ejercicio2_ws/install/robot_nav:/home/leyla/Documents/ejercicio2_ws/install/control_py:/home/leyla/Documents/PARCIAL2_ws/install/visual_pubsub:/home/leyla/Documents/p2_ws/install/ej1_pkg:/home/leyla/Documents/p2_ws/install/visual_pubsub:/home/leyla/Desktop/2_parcialws/install/visual_pubsub:/home/leyla/Desktop/2_parcialws/install/ejercicio1_pkg:/home/leyla/Desktop/parcial2_ws/install/control_py:/home/leyla/Desktop/ver_ws/install/robot_nav:/home/leyla/turtlebot3_ws/install/turtlebot3_teleop:/home/leyla/turtlebot3_ws/install/turtlebot3_example:/opt/ros/humble /usr/bin/cmake --install /home/leyla/Documents/ejercicio2_ws/build/panda_movet
[0.915s] Level 1:colcon.colcon_core.environment:checking '/home/leyla/Documents/ejercicio2_ws/install/panda_movet' for CMake module files
[0.915s] Level 1:colcon.colcon_core.environment:checking '/home/leyla/Documents/ejercicio2_ws/install/panda_movet' for CMake config files
[0.916s] Level 1:colcon.colcon_core.shell:create_environment_hook('panda_movet', 'cmake_prefix_path')
[0.916s] INFO:colcon.colcon_core.shell:Creating environment hook '/home/leyla/Documents/ejercicio2_ws/install/panda_movet/share/panda_movet/hook/cmake_prefix_path.ps1'
[0.917s] INFO:colcon.colcon_core.shell:Creating environment descriptor '/home/leyla/Documents/ejercicio2_ws/install/panda_movet/share/panda_movet/hook/cmake_prefix_path.dsv'
[0.918s] INFO:colcon.colcon_core.shell:Creating environment hook '/home/leyla/Documents/ejercicio2_ws/install/panda_movet/share/panda_movet/hook/cmake_prefix_path.sh'
[0.919s] Level 1:colcon.colcon_core.environment:checking '/home/leyla/Documents/ejercicio2_ws/install/panda_movet/bin'
[0.919s] Level 1:colcon.colcon_core.environment:checking '/home/leyla/Documents/ejercicio2_ws/install/panda_movet/lib/pkgconfig/panda_movet.pc'
[0.919s] Level 1:colcon.colcon_core.environment:checking '/home/leyla/Documents/ejercicio2_ws/install/panda_movet/lib/python3.10/site-packages'
[0.920s] Level 1:colcon.colcon_core.environment:checking '/home/leyla/Documents/ejercicio2_ws/install/panda_movet/bin'
[0.920s] INFO:colcon.colcon_core.shell:Creating package script '/home/leyla/Documents/ejercicio2_ws/install/panda_movet/share/panda_movet/package.ps1'
[0.921s] INFO:colcon.colcon_core.shell:Creating package descriptor '/home/leyla/Documents/ejercicio2_ws/install/panda_movet/share/panda_movet/package.dsv'
[0.921s] INFO:colcon.colcon_core.shell:Creating package script '/home/leyla/Documents/ejercicio2_ws/install/panda_movet/share/panda_movet/package.sh'
[0.922s] INFO:colcon.colcon_core.shell:Creating package script '/home/leyla/Documents/ejercicio2_ws/install/panda_movet/share/panda_movet/package.bash'
[0.922s] INFO:colcon.colcon_core.shell:Creating package script '/home/leyla/Documents/ejercicio2_ws/install/panda_movet/share/panda_movet/package.zsh'
[0.923s] Level 1:colcon.colcon_core.environment:create_file_with_runtime_dependencies(/home/leyla/Documents/ejercicio2_ws/install/panda_movet/share/colcon-core/packages/panda_movet)
[0.923s] Level 1:colcon.colcon_core.environment:create_environment_scripts_only(panda_movet)
[0.923s] Level 1:colcon.colcon_core.environment:checking '/home/leyla/Documents/ejercicio2_ws/install/panda_movet' for CMake module files
[0.923s] Level 1:colcon.colcon_core.environment:checking '/home/leyla/Documents/ejercicio2_ws/install/panda_movet' for CMake config files
[0.923s] Level 1:colcon.colcon_core.shell:create_environment_hook('panda_movet', 'cmake_prefix_path')
[0.924s] INFO:colcon.colcon_core.shell:Creating environment hook '/home/leyla/Documents/ejercicio2_ws/install/panda_movet/share/panda_movet/hook/cmake_prefix_path.ps1'
[0.924s] INFO:colcon.colcon_core.shell:Creating environment descriptor '/home/leyla/Documents/ejercicio2_ws/install/panda_movet/share/panda_movet/hook/cmake_prefix_path.dsv'
[0.924s] INFO:colcon.colcon_core.shell:Creating environment hook '/home/leyla/Documents/ejercicio2_ws/install/panda_movet/share/panda_movet/hook/cmake_prefix_path.sh'
[0.924s] Level 1:colcon.colcon_core.environment:checking '/home/leyla/Documents/ejercicio2_ws/install/panda_movet/bin'
[0.924s] Level 1:colcon.colcon_core.environment:checking '/home/leyla/Documents/ejercicio2_ws/install/panda_movet/lib/pkgconfig/panda_movet.pc'
[0.925s] Level 1:colcon.colcon_core.environment:checking '/home/leyla/Documents/ejercicio2_ws/install/panda_movet/lib/python3.10/site-packages'
[0.925s] Level 1:colcon.colcon_core.environment:checking '/home/leyla/Documents/ejercicio2_ws/install/panda_movet/bin'
[0.925s] INFO:colcon.colcon_core.shell:Creating package script '/home/leyla/Documents/ejercicio2_ws/install/panda_movet/share/panda_movet/package.ps1'
[0.925s] INFO:colcon.colcon_core.shell:Creating package descriptor '/home/leyla/Documents/ejercicio2_ws/install/panda_movet/share/panda_movet/package.dsv'
[0.925s] INFO:colcon.colcon_core.shell:Creating package script '/home/leyla/Documents/ejercicio2_ws/install/panda_movet/share/panda_movet/package.sh'
[0.926s] INFO:colcon.colcon_core.shell:Creating package script '/home/leyla/Documents/ejercicio2_ws/install/panda_movet/share/panda_movet/package.bash'
[0.926s] INFO:colcon.colcon_core.shell:Creating package script '/home/leyla/Documents/ejercicio2_ws/install/panda_movet/share/panda_movet/package.zsh'
[0.926s] Level 1:colcon.colcon_core.environment:create_file_with_runtime_dependencies(/home/leyla/Documents/ejercicio2_ws/install/panda_movet/share/colcon-core/packages/panda_movet)
[2.147s] DEBUG:colcon.colcon_core.event_handler.log_command:Invoked command in '/home/leyla/Documents/ejercicio2_ws/build/test_move' returned '0': CMAKE_PREFIX_PATH=${CMAKE_PREFIX_PATH}:/home/leyla/Documents/ejercicio1_ws/install/visual_pubsub:/home/leyla/Documents/ejercicio2_ws/install/robot_nav:/home/leyla/Documents/ejercicio2_ws/install/control_py:/home/leyla/Documents/PARCIAL2_ws/install/visual_pubsub:/home/leyla/Documents/p2_ws/install/ej1_pkg:/home/leyla/Documents/p2_ws/install/visual_pubsub:/home/leyla/Desktop/2_parcialws/install/visual_pubsub:/home/leyla/Desktop/2_parcialws/install/ejercicio1_pkg:/home/leyla/Desktop/parcial2_ws/install/control_py:/home/leyla/Desktop/ver_ws/install/robot_nav:/home/leyla/turtlebot3_ws/install/turtlebot3_teleop:/home/leyla/turtlebot3_ws/install/turtlebot3_example:/opt/ros/humble /usr/bin/cmake /home/leyla/Documents/ejercicio2_ws/src/test_move -DCMAKE_INSTALL_PREFIX=/home/leyla/Documents/ejercicio2_ws/install/test_move
[2.149s] DEBUG:colcon.colcon_core.event_handler.log_command:Invoking command in '/home/leyla/Documents/ejercicio2_ws/build/test_move': CMAKE_PREFIX_PATH=${CMAKE_PREFIX_PATH}:/home/leyla/Documents/ejercicio1_ws/install/visual_pubsub:/home/leyla/Documents/ejercicio2_ws/install/robot_nav:/home/leyla/Documents/ejercicio2_ws/install/control_py:/home/leyla/Documents/PARCIAL2_ws/install/visual_pubsub:/home/leyla/Documents/p2_ws/install/ej1_pkg:/home/leyla/Documents/p2_ws/install/visual_pubsub:/home/leyla/Desktop/2_parcialws/install/visual_pubsub:/home/leyla/Desktop/2_parcialws/install/ejercicio1_pkg:/home/leyla/Desktop/parcial2_ws/install/control_py:/home/leyla/Desktop/ver_ws/install/robot_nav:/home/leyla/turtlebot3_ws/install/turtlebot3_teleop:/home/leyla/turtlebot3_ws/install/turtlebot3_example:/opt/ros/humble /usr/bin/cmake --build /home/leyla/Documents/ejercicio2_ws/build/test_move -- -j20 -l20
[6.922s] DEBUG:colcon.colcon_core.event_handler.log_command:Invoked command in '/home/leyla/Documents/ejercicio2_ws/build/test_move' returned '0': CMAKE_PREFIX_PATH=${CMAKE_PREFIX_PATH}:/home/leyla/Documents/ejercicio1_ws/install/visual_pubsub:/home/leyla/Documents/ejercicio2_ws/install/robot_nav:/home/leyla/Documents/ejercicio2_ws/install/control_py:/home/leyla/Documents/PARCIAL2_ws/install/visual_pubsub:/home/leyla/Documents/p2_ws/install/ej1_pkg:/home/leyla/Documents/p2_ws/install/visual_pubsub:/home/leyla/Desktop/2_parcialws/install/visual_pubsub:/home/leyla/Desktop/2_parcialws/install/ejercicio1_pkg:/home/leyla/Desktop/parcial2_ws/install/control_py:/home/leyla/Desktop/ver_ws/install/robot_nav:/home/leyla/turtlebot3_ws/install/turtlebot3_teleop:/home/leyla/turtlebot3_ws/install/turtlebot3_example:/opt/ros/humble /usr/bin/cmake --build /home/leyla/Documents/ejercicio2_ws/build/test_move -- -j20 -l20
[6.924s] DEBUG:colcon.colcon_core.event_handler.log_command:Invoking command in '/home/leyla/Documents/ejercicio2_ws/build/test_move': CMAKE_PREFIX_PATH=${CMAKE_PREFIX_PATH}:/home/leyla/Documents/ejercicio1_ws/install/visual_pubsub:/home/leyla/Documents/ejercicio2_ws/install/robot_nav:/home/leyla/Documents/ejercicio2_ws/install/control_py:/home/leyla/Documents/PARCIAL2_ws/install/visual_pubsub:/home/leyla/Documents/p2_ws/install/ej1_pkg:/home/leyla/Documents/p2_ws/install/visual_pubsub:/home/leyla/Desktop/2_parcialws/install/visual_pubsub:/home/leyla/Desktop/2_parcialws/install/ejercicio1_pkg:/home/leyla/Desktop/parcial2_ws/install/control_py:/home/leyla/Desktop/ver_ws/install/robot_nav:/home/leyla/turtlebot3_ws/install/turtlebot3_teleop:/home/leyla/turtlebot3_ws/install/turtlebot3_example:/opt/ros/humble /usr/bin/cmake --install /home/leyla/Documents/ejercicio2_ws/build/test_move
[6.933s] Level 1:colcon.colcon_core.environment:create_environment_scripts_only(test_move)
[6.933s] DEBUG:colcon.colcon_core.event_handler.log_command:Invoked command in '/home/leyla/Documents/ejercicio2_ws/build/test_move' returned '0': CMAKE_PREFIX_PATH=${CMAKE_PREFIX_PATH}:/home/leyla/Documents/ejercicio1_ws/install/visual_pubsub:/home/leyla/Documents/ejercicio2_ws/install/robot_nav:/home/leyla/Documents/ejercicio2_ws/install/control_py:/home/leyla/Documents/PARCIAL2_ws/install/visual_pubsub:/home/leyla/Documents/p2_ws/install/ej1_pkg:/home/leyla/Documents/p2_ws/install/visual_pubsub:/home/leyla/Desktop/2_parcialws/install/visual_pubsub:/home/leyla/Desktop/2_parcialws/install/ejercicio1_pkg:/home/leyla/Desktop/parcial2_ws/install/control_py:/home/leyla/Desktop/ver_ws/install/robot_nav:/home/leyla/turtlebot3_ws/install/turtlebot3_teleop:/home/leyla/turtlebot3_ws/install/turtlebot3_example:/opt/ros/humble /usr/bin/cmake --install /home/leyla/Documents/ejercicio2_ws/build/test_move
[6.933s] Level 1:colcon.colcon_core.environment:checking '/home/leyla/Documents/ejercicio2_ws/install/test_move' for CMake module files
[6.934s] Level 1:colcon.colcon_core.environment:checking '/home/leyla/Documents/ejercicio2_ws/install/test_move' for CMake config files
[6.934s] Level 1:colcon.colcon_core.shell:create_environment_hook('test_move', 'cmake_prefix_path')
[6.935s] INFO:colcon.colcon_core.shell:Creating environment hook '/home/leyla/Documents/ejercicio2_ws/install/test_move/share/test_move/hook/cmake_prefix_path.ps1'
[6.936s] INFO:colcon.colcon_core.shell:Creating environment descriptor '/home/leyla/Documents/ejercicio2_ws/install/test_move/share/test_move/hook/cmake_prefix_path.dsv'
[6.936s] INFO:colcon.colcon_core.shell:Creating environment hook '/home/leyla/Documents/ejercicio2_ws/install/test_move/share/test_move/hook/cmake_prefix_path.sh'
[6.936s] Level 1:colcon.colcon_core.environment:checking '/home/leyla/Documents/ejercicio2_ws/install/test_move/lib'
[6.937s] Level 1:colcon.colcon_core.environment:checking '/home/leyla/Documents/ejercicio2_ws/install/test_move/bin'
[6.937s] Level 1:colcon.colcon_core.environment:checking '/home/leyla/Documents/ejercicio2_ws/install/test_move/lib/pkgconfig/test_move.pc'
[6.937s] Level 1:colcon.colcon_core.environment:checking '/home/leyla/Documents/ejercicio2_ws/install/test_move/lib/python3.10/site-packages'
[6.937s] Level 1:colcon.colcon_core.environment:checking '/home/leyla/Documents/ejercicio2_ws/install/test_move/bin'
[6.938s] INFO:colcon.colcon_core.shell:Creating package script '/home/leyla/Documents/ejercicio2_ws/install/test_move/share/test_move/package.ps1'
[6.938s] INFO:colcon.colcon_core.shell:Creating package descriptor '/home/leyla/Documents/ejercicio2_ws/install/test_move/share/test_move/package.dsv'
[6.939s] INFO:colcon.colcon_core.shell:Creating package script '/home/leyla/Documents/ejercicio2_ws/install/test_move/share/test_move/package.sh'
[6.939s] INFO:colcon.colcon_core.shell:Creating package script '/home/leyla/Documents/ejercicio2_ws/install/test_move/share/test_move/package.bash'
[6.939s] INFO:colcon.colcon_core.shell:Creating package script '/home/leyla/Documents/ejercicio2_ws/install/test_move/share/test_move/package.zsh'
[6.940s] Level 1:colcon.colcon_core.environment:create_file_with_runtime_dependencies(/home/leyla/Documents/ejercicio2_ws/install/test_move/share/colcon-core/packages/test_move)
[6.940s] Level 1:colcon.colcon_core.environment:create_environment_scripts_only(test_move)
[6.941s] Level 1:colcon.colcon_core.environment:checking '/home/leyla/Documents/ejercicio2_ws/install/test_move' for CMake module files
[6.941s] Level 1:colcon.colcon_core.environment:checking '/home/leyla/Documents/ejercicio2_ws/install/test_move' for CMake config files
[6.941s] Level 1:colcon.colcon_core.shell:create_environment_hook('test_move', 'cmake_prefix_path')
[6.942s] INFO:colcon.colcon_core.shell:Creating environment hook '/home/leyla/Documents/ejercicio2_ws/install/test_move/share/test_move/hook/cmake_prefix_path.ps1'
[6.942s] INFO:colcon.colcon_core.shell:Creating environment descriptor '/home/leyla/Documents/ejercicio2_ws/install/test_move/share/test_move/hook/cmake_prefix_path.dsv'
[6.942s] INFO:colcon.colcon_core.shell:Creating environment hook '/home/leyla/Documents/ejercicio2_ws/install/test_move/share/test_move/hook/cmake_prefix_path.sh'
[6.943s] Level 1:colcon.colcon_core.environment:checking '/home/leyla/Documents/ejercicio2_ws/install/test_move/lib'
[6.943s] Level 1:colcon.colcon_core.environment:checking '/home/leyla/Documents/ejercicio2_ws/install/test_move/bin'
[6.943s] Level 1:colcon.colcon_core.environment:checking '/home/leyla/Documents/ejercicio2_ws/install/test_move/lib/pkgconfig/test_move.pc'
[6.944s] Level 1:colcon.colcon_core.environment:checking '/home/leyla/Documents/ejercicio2_ws/install/test_move/lib/python3.10/site-packages'
[6.944s] Level 1:colcon.colcon_core.environment:checking '/home/leyla/Documents/ejercicio2_ws/install/test_move/bin'
[6.944s] INFO:colcon.colcon_core.shell:Creating package script '/home/leyla/Documents/ejercicio2_ws/install/test_move/share/test_move/package.ps1'
[6.945s] INFO:colcon.colcon_core.shell:Creating package descriptor '/home/leyla/Documents/ejercicio2_ws/install/test_move/share/test_move/package.dsv'
[6.945s] INFO:colcon.colcon_core.shell:Creating package script '/home/leyla/Documents/ejercicio2_ws/install/test_move/share/test_move/package.sh'
[6.946s] INFO:colcon.colcon_core.shell:Creating package script '/home/leyla/Documents/ejercicio2_ws/install/test_move/share/test_move/package.bash'
[6.946s] INFO:colcon.colcon_core.shell:Creating package script '/home/leyla/Documents/ejercicio2_ws/install/test_move/share/test_move/package.zsh'
[6.947s] Level 1:colcon.colcon_core.environment:create_file_with_runtime_dependencies(/home/leyla/Documents/ejercicio2_ws/install/test_move/share/colcon-core/packages/test_move)
[6.947s] DEBUG:colcon.colcon_parallel_executor.executor.parallel:closing loop
[6.947s] DEBUG:colcon.colcon_parallel_executor.executor.parallel:loop closed
[6.947s] DEBUG:colcon.colcon_parallel_executor.executor.parallel:run_until_complete finished with '0'
[6.947s] DEBUG:colcon.colcon_core.event_reactor:joining thread
[6.953s] INFO:colcon.colcon_core.plugin_system:Skipping extension 'colcon_notification.desktop_notification.terminal_notifier': Not used on non-Darwin systems
[6.953s] INFO:colcon.colcon_core.plugin_system:Skipping extension 'colcon_notification.desktop_notification.win32': Not used on non-Windows systems
[6.953s] INFO:colcon.colcon_notification.desktop_notification:Sending desktop notification using 'notify2'
[6.969s] DEBUG:colcon.colcon_core.event_reactor:joined thread
[6.969s] INFO:colcon.colcon_core.shell:Creating prefix script '/home/leyla/Documents/ejercicio2_ws/install/local_setup.ps1'
[6.970s] INFO:colcon.colcon_core.shell:Creating prefix util module '/home/leyla/Documents/ejercicio2_ws/install/_local_setup_util_ps1.py'
[6.971s] INFO:colcon.colcon_core.shell:Creating prefix chain script '/home/leyla/Documents/ejercicio2_ws/install/setup.ps1'
[6.972s] INFO:colcon.colcon_core.shell:Creating prefix script '/home/leyla/Documents/ejercicio2_ws/install/local_setup.sh'
[6.972s] INFO:colcon.colcon_core.shell:Creating prefix util module '/home/leyla/Documents/ejercicio2_ws/install/_local_setup_util_sh.py'
[6.973s] INFO:colcon.colcon_core.shell:Creating prefix chain script '/home/leyla/Documents/ejercicio2_ws/install/setup.sh'
[6.974s] INFO:colcon.colcon_core.shell:Creating prefix script '/home/leyla/Documents/ejercicio2_ws/install/local_setup.bash'
[6.975s] INFO:colcon.colcon_core.shell:Creating prefix chain script '/home/leyla/Documents/ejercicio2_ws/install/setup.bash'
[6.976s] INFO:colcon.colcon_core.shell:Creating prefix script '/home/leyla/Documents/ejercicio2_ws/install/local_setup.zsh'
[6.976s] INFO:colcon.colcon_core.shell:Creating prefix chain script '/home/leyla/Documents/ejercicio2_ws/install/setup.zsh'
