[0mCMake Error: The current CMakeCache.txt directory /home/ingkurby/Escritorio/2_parcialws/src/robot_description/build/robot_description/CMakeCache.txt is different than the directory /home/ingkurby/Escritorio/robotica2_ws/src/ros2_tutorials/robot_description/build/robot_description where CMakeCache.txt was created. This may result in binaries being created in the wrong place. If you are not sure, reedit the CMakeCache.txt[0m
-- Install configuration: ""
-- Up-to-date: /home/ingkurby/Escritorio/robotica2_ws/src/ros2_tutorials/robot_description/install/robot_description/share/robot_description/launch
-- Installing: /home/ingkurby/Escritorio/robotica2_ws/src/ros2_tutorials/robot_description/install/robot_description/share/robot_description/launch/view_robot.py
-- Up-to-date: /home/ingkurby/Escritorio/robotica2_ws/src/ros2_tutorials/robot_description/install/robot_description/share/robot_description/urdf
-- Up-to-date: /home/ingkurby/Escritorio/robotica2_ws/src/ros2_tutorials/robot_description/install/robot_description/share/robot_description/urdf/clases_test.urdf
-- Up-to-date: /home/ingkurby/Escritorio/robotica2_ws/src/ros2_tutorials/robot_description/install/robot_description/share/robot_description/urdf/pantilt.urdf
-- Up-to-date: /home/ingkurby/Escritorio/robotica2_ws/src/ros2_tutorials/robot_description/install/robot_description/share/robot_description/urdf/install
-- Up-to-date: /home/ingkurby/Escritorio/robotica2_ws/src/ros2_tutorials/robot_description/install/robot_description/share/robot_description/urdf/install/setup.sh
-- Up-to-date: /home/ingkurby/Escritorio/robotica2_ws/src/ros2_tutorials/robot_description/install/robot_description/share/robot_description/urdf/install/local_setup.ps1
-- Up-to-date: /home/ingkurby/Escritorio/robotica2_ws/src/ros2_tutorials/robot_description/install/robot_description/share/robot_description/urdf/install/.colcon_install_layout
-- Up-to-date: /home/ingkurby/Escritorio/robotica2_ws/src/ros2_tutorials/robot_description/install/robot_description/share/robot_description/urdf/install/local_setup.sh
-- Up-to-date: /home/ingkurby/Escritorio/robotica2_ws/src/ros2_tutorials/robot_description/install/robot_description/share/robot_description/urdf/install/COLCON_IGNORE
-- Up-to-date: /home/ingkurby/Escritorio/robotica2_ws/src/ros2_tutorials/robot_description/install/robot_description/share/robot_description/urdf/install/setup.ps1
-- Up-to-date: /home/ingkurby/Escritorio/robotica2_ws/src/ros2_tutorials/robot_description/install/robot_description/share/robot_description/urdf/install/local_setup.zsh
-- Up-to-date: /home/ingkurby/Escritorio/robotica2_ws/src/ros2_tutorials/robot_description/install/robot_description/share/robot_description/urdf/install/setup.bash
-- Up-to-date: /home/ingkurby/Escritorio/robotica2_ws/src/ros2_tutorials/robot_description/install/robot_description/share/robot_description/urdf/install/local_setup.bash
-- Up-to-date: /home/ingkurby/Escritorio/robotica2_ws/src/ros2_tutorials/robot_description/install/robot_description/share/robot_description/urdf/install/_local_setup_util_sh.py
-- Up-to-date: /home/ingkurby/Escritorio/robotica2_ws/src/ros2_tutorials/robot_description/install/robot_description/share/robot_description/urdf/install/setup.zsh
-- Up-to-date: /home/ingkurby/Escritorio/robotica2_ws/src/ros2_tutorials/robot_description/install/robot_description/share/robot_description/urdf/install/_local_setup_util_ps1.py
-- Up-to-date: /home/ingkurby/Escritorio/robotica2_ws/src/ros2_tutorials/robot_description/install/robot_description/share/robot_description/urdf/cobot_arm.urdf
-- Up-to-date: /home/ingkurby/Escritorio/robotica2_ws/src/ros2_tutorials/robot_description/install/robot_description/share/robot_description/urdf/build
-- Up-to-date: /home/ingkurby/Escritorio/robotica2_ws/src/ros2_tutorials/robot_description/install/robot_description/share/robot_description/urdf/build/COLCON_IGNORE
-- Up-to-date: /home/ingkurby/Escritorio/robotica2_ws/src/ros2_tutorials/robot_description/install/robot_description/share/robot_description/urdf/build/.built_by
-- Up-to-date: /home/ingkurby/Escritorio/robotica2_ws/src/ros2_tutorials/robot_description/install/robot_description/share/robot_description/urdf/wally1.urdf
-- Up-to-date: /home/ingkurby/Escritorio/robotica2_ws/src/ros2_tutorials/robot_description/install/robot_description/share/robot_description/urdf/panda.urdf
-- Up-to-date: /home/ingkurby/Escritorio/robotica2_ws/src/ros2_tutorials/robot_description/install/robot_description/share/robot_description/urdf/multipleshapes.gv
-- Up-to-date: /home/ingkurby/Escritorio/robotica2_ws/src/ros2_tutorials/robot_description/install/robot_description/share/robot_description/urdf/log
-- Up-to-date: /home/ingkurby/Escritorio/robotica2_ws/src/ros2_tutorials/robot_description/install/robot_description/share/robot_description/urdf/log/latest_build
-- Up-to-date: /home/ingkurby/Escritorio/robotica2_ws/src/ros2_tutorials/robot_description/install/robot_description/share/robot_description/urdf/log/build_2025-04-03_12-53-02
-- Up-to-date: /home/ingkurby/Escritorio/robotica2_ws/src/ros2_tutorials/robot_description/install/robot_description/share/robot_description/urdf/log/build_2025-04-03_12-53-02/logger_all.log
-- Up-to-date: /home/ingkurby/Escritorio/robotica2_ws/src/ros2_tutorials/robot_description/install/robot_description/share/robot_description/urdf/log/build_2025-04-03_12-53-02/events.log
-- Up-to-date: /home/ingkurby/Escritorio/robotica2_ws/src/ros2_tutorials/robot_description/install/robot_description/share/robot_description/urdf/log/build_2025-04-03_12-33-40
-- Up-to-date: /home/ingkurby/Escritorio/robotica2_ws/src/ros2_tutorials/robot_description/install/robot_description/share/robot_description/urdf/log/build_2025-04-03_12-33-40/logger_all.log
-- Up-to-date: /home/ingkurby/Escritorio/robotica2_ws/src/ros2_tutorials/robot_description/install/robot_description/share/robot_description/urdf/log/build_2025-04-03_12-33-40/events.log
-- Up-to-date: /home/ingkurby/Escritorio/robotica2_ws/src/ros2_tutorials/robot_description/install/robot_description/share/robot_description/urdf/log/build_2025-04-03_12-51-19
-- Up-to-date: /home/ingkurby/Escritorio/robotica2_ws/src/ros2_tutorials/robot_description/install/robot_description/share/robot_description/urdf/log/build_2025-04-03_12-51-19/logger_all.log
-- Up-to-date: /home/ingkurby/Escritorio/robotica2_ws/src/ros2_tutorials/robot_description/install/robot_description/share/robot_description/urdf/log/build_2025-04-03_12-51-19/events.log
-- Up-to-date: /home/ingkurby/Escritorio/robotica2_ws/src/ros2_tutorials/robot_description/install/robot_description/share/robot_description/urdf/log/COLCON_IGNORE
-- Up-to-date: /home/ingkurby/Escritorio/robotica2_ws/src/ros2_tutorials/robot_description/install/robot_description/share/robot_description/urdf/log/build_2025-04-03_12-52-05
-- Up-to-date: /home/ingkurby/Escritorio/robotica2_ws/src/ros2_tutorials/robot_description/install/robot_description/share/robot_description/urdf/log/build_2025-04-03_12-52-05/logger_all.log
-- Up-to-date: /home/ingkurby/Escritorio/robotica2_ws/src/ros2_tutorials/robot_description/install/robot_description/share/robot_description/urdf/log/build_2025-04-03_12-52-05/events.log
-- Up-to-date: /home/ingkurby/Escritorio/robotica2_ws/src/ros2_tutorials/robot_description/install/robot_description/share/robot_description/urdf/log/latest
-- Up-to-date: /home/ingkurby/Escritorio/robotica2_ws/src/ros2_tutorials/robot_description/install/robot_description/share/robot_description/urdf/guillecar.urdf
-- Up-to-date: /home/ingkurby/Escritorio/robotica2_ws/src/ros2_tutorials/robot_description/install/robot_description/share/robot_description/urdf/myfirst_robot.urdf
-- Installing: /home/ingkurby/Escritorio/robotica2_ws/src/ros2_tutorials/robot_description/install/robot_description/share/robot_description/urdf/mi_robot.urdf
-- Up-to-date: /home/ingkurby/Escritorio/robotica2_ws/src/ros2_tutorials/robot_description/install/robot_description/share/robot_description/urdf/multipleshapes.pdf
-- Up-to-date: /home/ingkurby/Escritorio/robotica2_ws/src/ros2_tutorials/robot_description/install/robot_description/share/robot_description/urdf/diff_wheeled_robot.urdf
-- Up-to-date: /home/ingkurby/Escritorio/robotica2_ws/src/ros2_tutorials/robot_description/install/robot_description/share/robot_description/rviz
-- Up-to-date: /home/ingkurby/Escritorio/robotica2_ws/src/ros2_tutorials/robot_description/install/robot_description/share/robot_description/rviz/urdf.rviz
-- Up-to-date: /home/ingkurby/Escritorio/robotica2_ws/src/ros2_tutorials/robot_description/install/robot_description/share/robot_description/meshes
-- Up-to-date: /home/ingkurby/Escritorio/robotica2_ws/src/ros2_tutorials/robot_description/install/robot_description/share/robot_description/meshes/visual
-- Up-to-date: /home/ingkurby/Escritorio/robotica2_ws/src/ros2_tutorials/robot_description/install/robot_description/share/robot_description/meshes/visual/link5.dae
-- Up-to-date: /home/ingkurby/Escritorio/robotica2_ws/src/ros2_tutorials/robot_description/install/robot_description/share/robot_description/meshes/visual/link4.dae
-- Up-to-date: /home/ingkurby/Escritorio/robotica2_ws/src/ros2_tutorials/robot_description/install/robot_description/share/robot_description/meshes/visual/link0.dae
-- Up-to-date: /home/ingkurby/Escritorio/robotica2_ws/src/ros2_tutorials/robot_description/install/robot_description/share/robot_description/meshes/visual/link6.dae
-- Up-to-date: /home/ingkurby/Escritorio/robotica2_ws/src/ros2_tutorials/robot_description/install/robot_description/share/robot_description/meshes/visual/link1.dae
-- Up-to-date: /home/ingkurby/Escritorio/robotica2_ws/src/ros2_tutorials/robot_description/install/robot_description/share/robot_description/meshes/visual/link7.dae
-- Up-to-date: /home/ingkurby/Escritorio/robotica2_ws/src/ros2_tutorials/robot_description/install/robot_description/share/robot_description/meshes/visual/link3.dae
-- Up-to-date: /home/ingkurby/Escritorio/robotica2_ws/src/ros2_tutorials/robot_description/install/robot_description/share/robot_description/meshes/visual/link2.dae
-- Up-to-date: /home/ingkurby/Escritorio/robotica2_ws/src/ros2_tutorials/robot_description/install/robot_description/share/robot_description/meshes/visual/hand.dae
-- Up-to-date: /home/ingkurby/Escritorio/robotica2_ws/src/ros2_tutorials/robot_description/install/robot_description/share/robot_description/meshes/visual/finger.dae
-- Up-to-date: /home/ingkurby/Escritorio/robotica2_ws/src/ros2_tutorials/robot_description/install/robot_description/share/robot_description/meshes/collision
-- Up-to-date: /home/ingkurby/Escritorio/robotica2_ws/src/ros2_tutorials/robot_description/install/robot_description/share/robot_description/meshes/collision/link3.obj
-- Up-to-date: /home/ingkurby/Escritorio/robotica2_ws/src/ros2_tutorials/robot_description/install/robot_description/share/robot_description/meshes/collision/link7.obj
-- Up-to-date: /home/ingkurby/Escritorio/robotica2_ws/src/ros2_tutorials/robot_description/install/robot_description/share/robot_description/meshes/collision/hand.obj
-- Up-to-date: /home/ingkurby/Escritorio/robotica2_ws/src/ros2_tutorials/robot_description/install/robot_description/share/robot_description/meshes/collision/link2.obj
-- Up-to-date: /home/ingkurby/Escritorio/robotica2_ws/src/ros2_tutorials/robot_description/install/robot_description/share/robot_description/meshes/collision/link6.obj
-- Up-to-date: /home/ingkurby/Escritorio/robotica2_ws/src/ros2_tutorials/robot_description/install/robot_description/share/robot_description/meshes/collision/link4.obj
-- Up-to-date: /home/ingkurby/Escritorio/robotica2_ws/src/ros2_tutorials/robot_description/install/robot_description/share/robot_description/meshes/collision/link1.obj
-- Up-to-date: /home/ingkurby/Escritorio/robotica2_ws/src/ros2_tutorials/robot_description/install/robot_description/share/robot_description/meshes/collision/link0.obj
-- Up-to-date: /home/ingkurby/Escritorio/robotica2_ws/src/ros2_tutorials/robot_description/install/robot_description/share/robot_description/meshes/collision/link5.obj
-- Up-to-date: /home/ingkurby/Escritorio/robotica2_ws/src/ros2_tutorials/robot_description/install/robot_description/share/robot_description/meshes/collision/finger.obj
-- Up-to-date: /home/ingkurby/Escritorio/robotica2_ws/src/ros2_tutorials/robot_description/install/robot_description/share/ament_index/resource_index/package_run_dependencies/robot_description
-- Up-to-date: /home/ingkurby/Escritorio/robotica2_ws/src/ros2_tutorials/robot_description/install/robot_description/share/ament_index/resource_index/parent_prefix_path/robot_description
-- Up-to-date: /home/ingkurby/Escritorio/robotica2_ws/src/ros2_tutorials/robot_description/install/robot_description/share/robot_description/environment/ament_prefix_path.sh
-- Up-to-date: /home/ingkurby/Escritorio/robotica2_ws/src/ros2_tutorials/robot_description/install/robot_description/share/robot_description/environment/ament_prefix_path.dsv
-- Up-to-date: /home/ingkurby/Escritorio/robotica2_ws/src/ros2_tutorials/robot_description/install/robot_description/share/robot_description/environment/path.sh
-- Up-to-date: /home/ingkurby/Escritorio/robotica2_ws/src/ros2_tutorials/robot_description/install/robot_description/share/robot_description/environment/path.dsv
-- Up-to-date: /home/ingkurby/Escritorio/robotica2_ws/src/ros2_tutorials/robot_description/install/robot_description/share/robot_description/local_setup.bash
-- Up-to-date: /home/ingkurby/Escritorio/robotica2_ws/src/ros2_tutorials/robot_description/install/robot_description/share/robot_description/local_setup.sh
-- Up-to-date: /home/ingkurby/Escritorio/robotica2_ws/src/ros2_tutorials/robot_description/install/robot_description/share/robot_description/local_setup.zsh
-- Up-to-date: /home/ingkurby/Escritorio/robotica2_ws/src/ros2_tutorials/robot_description/install/robot_description/share/robot_description/local_setup.dsv
-- Up-to-date: /home/ingkurby/Escritorio/robotica2_ws/src/ros2_tutorials/robot_description/install/robot_description/share/robot_description/package.dsv
-- Up-to-date: /home/ingkurby/Escritorio/robotica2_ws/src/ros2_tutorials/robot_description/install/robot_description/share/ament_index/resource_index/packages/robot_description
-- Up-to-date: /home/ingkurby/Escritorio/robotica2_ws/src/ros2_tutorials/robot_description/install/robot_description/share/robot_description/cmake/robot_descriptionConfig.cmake
-- Up-to-date: /home/ingkurby/Escritorio/robotica2_ws/src/ros2_tutorials/robot_description/install/robot_description/share/robot_description/cmake/robot_descriptionConfig-version.cmake
-- Up-to-date: /home/ingkurby/Escritorio/robotica2_ws/src/ros2_tutorials/robot_description/install/robot_description/share/robot_description/package.xml
