[0.016s] Invoking command in '/home/ingkurby/Escritorio/2_parcialws/src/robot_description/build/robot_description': CMAKE_PREFIX_PATH=/opt/ros/humble /usr/bin/cmake --build /home/ingkurby/Escritorio/2_parcialws/src/robot_description/build/robot_description -- -j8 -l8
[0.025s] [0mCMake Error: The current CMakeCache.txt directory /home/ingkurby/Escritorio/2_parcialws/src/robot_description/build/robot_description/CMakeCache.txt is different than the directory /home/ingkurby/Escritorio/robotica2_ws/src/ros2_tutorials/robot_description/build/robot_description where CMakeCache.txt was created. This may result in binaries being created in the wrong place. If you are not sure, reedit the CMakeCache.txt[0m
[0.073s] Invoked command in '/home/ingkurby/Escritorio/2_parcialws/src/robot_description/build/robot_description' returned '0': CMAKE_PREFIX_PATH=/opt/ros/humble /usr/bin/cmake --build /home/ingkurby/Escritorio/2_parcialws/src/robot_description/build/robot_description -- -j8 -l8
[0.087s] Invoking command in '/home/ingkurby/Escritorio/2_parcialws/src/robot_description/build/robot_description': CMAKE_PREFIX_PATH=/opt/ros/humble /usr/bin/cmake --install /home/ingkurby/Escritorio/2_parcialws/src/robot_description/build/robot_description
[0.097s] -- Install configuration: ""
[0.098s] -- Up-to-date: /home/ingkurby/Escritorio/robotica2_ws/src/ros2_tutorials/robot_description/install/robot_description/share/robot_description/launch
[0.098s] -- Installing: /home/ingkurby/Escritorio/robotica2_ws/src/ros2_tutorials/robot_description/install/robot_description/share/robot_description/launch/view_robot.py
[0.098s] -- Up-to-date: /home/ingkurby/Escritorio/robotica2_ws/src/ros2_tutorials/robot_description/install/robot_description/share/robot_description/urdf
[0.098s] -- Up-to-date: /home/ingkurby/Escritorio/robotica2_ws/src/ros2_tutorials/robot_description/install/robot_description/share/robot_description/urdf/clases_test.urdf
[0.098s] -- Up-to-date: /home/ingkurby/Escritorio/robotica2_ws/src/ros2_tutorials/robot_description/install/robot_description/share/robot_description/urdf/pantilt.urdf
[0.099s] -- Up-to-date: /home/ingkurby/Escritorio/robotica2_ws/src/ros2_tutorials/robot_description/install/robot_description/share/robot_description/urdf/install
[0.099s] -- Up-to-date: /home/ingkurby/Escritorio/robotica2_ws/src/ros2_tutorials/robot_description/install/robot_description/share/robot_description/urdf/install/setup.sh
[0.099s] -- Up-to-date: /home/ingkurby/Escritorio/robotica2_ws/src/ros2_tutorials/robot_description/install/robot_description/share/robot_description/urdf/install/local_setup.ps1
[0.099s] -- Up-to-date: /home/ingkurby/Escritorio/robotica2_ws/src/ros2_tutorials/robot_description/install/robot_description/share/robot_description/urdf/install/.colcon_install_layout
[0.099s] -- Up-to-date: /home/ingkurby/Escritorio/robotica2_ws/src/ros2_tutorials/robot_description/install/robot_description/share/robot_description/urdf/install/local_setup.sh
[0.099s] -- Up-to-date: /home/ingkurby/Escritorio/robotica2_ws/src/ros2_tutorials/robot_description/install/robot_description/share/robot_description/urdf/install/COLCON_IGNORE
[0.099s] -- Up-to-date: /home/ingkurby/Escritorio/robotica2_ws/src/ros2_tutorials/robot_description/install/robot_description/share/robot_description/urdf/install/setup.ps1
[0.100s] -- Up-to-date: /home/ingkurby/Escritorio/robotica2_ws/src/ros2_tutorials/robot_description/install/robot_description/share/robot_description/urdf/install/local_setup.zsh
[0.100s] -- Up-to-date: /home/ingkurby/Escritorio/robotica2_ws/src/ros2_tutorials/robot_description/install/robot_description/share/robot_description/urdf/install/setup.bash
[0.100s] -- Up-to-date: /home/ingkurby/Escritorio/robotica2_ws/src/ros2_tutorials/robot_description/install/robot_description/share/robot_description/urdf/install/local_setup.bash
[0.100s] -- Up-to-date: /home/ingkurby/Escritorio/robotica2_ws/src/ros2_tutorials/robot_description/install/robot_description/share/robot_description/urdf/install/_local_setup_util_sh.py
[0.100s] -- Up-to-date: /home/ingkurby/Escritorio/robotica2_ws/src/ros2_tutorials/robot_description/install/robot_description/share/robot_description/urdf/install/setup.zsh
[0.100s] -- Up-to-date: /home/ingkurby/Escritorio/robotica2_ws/src/ros2_tutorials/robot_description/install/robot_description/share/robot_description/urdf/install/_local_setup_util_ps1.py
[0.100s] -- Up-to-date: /home/ingkurby/Escritorio/robotica2_ws/src/ros2_tutorials/robot_description/install/robot_description/share/robot_description/urdf/cobot_arm.urdf
[0.100s] -- Up-to-date: /home/ingkurby/Escritorio/robotica2_ws/src/ros2_tutorials/robot_description/install/robot_description/share/robot_description/urdf/build
[0.101s] -- Up-to-date: /home/ingkurby/Escritorio/robotica2_ws/src/ros2_tutorials/robot_description/install/robot_description/share/robot_description/urdf/build/COLCON_IGNORE
[0.101s] -- Up-to-date: /home/ingkurby/Escritorio/robotica2_ws/src/ros2_tutorials/robot_description/install/robot_description/share/robot_description/urdf/build/.built_by
[0.101s] -- Up-to-date: /home/ingkurby/Escritorio/robotica2_ws/src/ros2_tutorials/robot_description/install/robot_description/share/robot_description/urdf/wally1.urdf
[0.101s] -- Up-to-date: /home/ingkurby/Escritorio/robotica2_ws/src/ros2_tutorials/robot_description/install/robot_description/share/robot_description/urdf/panda.urdf
[0.101s] -- Up-to-date: /home/ingkurby/Escritorio/robotica2_ws/src/ros2_tutorials/robot_description/install/robot_description/share/robot_description/urdf/multipleshapes.gv
[0.101s] -- Up-to-date: /home/ingkurby/Escritorio/robotica2_ws/src/ros2_tutorials/robot_description/install/robot_description/share/robot_description/urdf/log
[0.101s] -- Up-to-date: /home/ingkurby/Escritorio/robotica2_ws/src/ros2_tutorials/robot_description/install/robot_description/share/robot_description/urdf/log/latest_build
[0.101s] -- Up-to-date: /home/ingkurby/Escritorio/robotica2_ws/src/ros2_tutorials/robot_description/install/robot_description/share/robot_description/urdf/log/build_2025-04-03_12-53-02
[0.102s] -- Up-to-date: /home/ingkurby/Escritorio/robotica2_ws/src/ros2_tutorials/robot_description/install/robot_description/share/robot_description/urdf/log/build_2025-04-03_12-53-02/logger_all.log
[0.102s] -- Up-to-date: /home/ingkurby/Escritorio/robotica2_ws/src/ros2_tutorials/robot_description/install/robot_description/share/robot_description/urdf/log/build_2025-04-03_12-53-02/events.log
[0.102s] -- Up-to-date: /home/ingkurby/Escritorio/robotica2_ws/src/ros2_tutorials/robot_description/install/robot_description/share/robot_description/urdf/log/build_2025-04-03_12-33-40
[0.102s] -- Up-to-date: /home/ingkurby/Escritorio/robotica2_ws/src/ros2_tutorials/robot_description/install/robot_description/share/robot_description/urdf/log/build_2025-04-03_12-33-40/logger_all.log
[0.102s] -- Up-to-date: /home/ingkurby/Escritorio/robotica2_ws/src/ros2_tutorials/robot_description/install/robot_description/share/robot_description/urdf/log/build_2025-04-03_12-33-40/events.log
[0.102s] -- Up-to-date: /home/ingkurby/Escritorio/robotica2_ws/src/ros2_tutorials/robot_description/install/robot_description/share/robot_description/urdf/log/build_2025-04-03_12-51-19
[0.102s] -- Up-to-date: /home/ingkurby/Escritorio/robotica2_ws/src/ros2_tutorials/robot_description/install/robot_description/share/robot_description/urdf/log/build_2025-04-03_12-51-19/logger_all.log
[0.102s] -- Up-to-date: /home/ingkurby/Escritorio/robotica2_ws/src/ros2_tutorials/robot_description/install/robot_description/share/robot_description/urdf/log/build_2025-04-03_12-51-19/events.log
[0.102s] -- Up-to-date: /home/ingkurby/Escritorio/robotica2_ws/src/ros2_tutorials/robot_description/install/robot_description/share/robot_description/urdf/log/COLCON_IGNORE
[0.103s] -- Up-to-date: /home/ingkurby/Escritorio/robotica2_ws/src/ros2_tutorials/robot_description/install/robot_description/share/robot_description/urdf/log/build_2025-04-03_12-52-05
[0.103s] -- Up-to-date: /home/ingkurby/Escritorio/robotica2_ws/src/ros2_tutorials/robot_description/install/robot_description/share/robot_description/urdf/log/build_2025-04-03_12-52-05/logger_all.log
[0.103s] -- Up-to-date: /home/ingkurby/Escritorio/robotica2_ws/src/ros2_tutorials/robot_description/install/robot_description/share/robot_description/urdf/log/build_2025-04-03_12-52-05/events.log
[0.103s] -- Up-to-date: /home/ingkurby/Escritorio/robotica2_ws/src/ros2_tutorials/robot_description/install/robot_description/share/robot_description/urdf/log/latest
[0.103s] -- Up-to-date: /home/ingkurby/Escritorio/robotica2_ws/src/ros2_tutorials/robot_description/install/robot_description/share/robot_description/urdf/guillecar.urdf
[0.103s] -- Up-to-date: /home/ingkurby/Escritorio/robotica2_ws/src/ros2_tutorials/robot_description/install/robot_description/share/robot_description/urdf/myfirst_robot.urdf
[0.103s] -- Installing: /home/ingkurby/Escritorio/robotica2_ws/src/ros2_tutorials/robot_description/install/robot_description/share/robot_description/urdf/mi_robot.urdf
[0.103s] -- Up-to-date: /home/ingkurby/Escritorio/robotica2_ws/src/ros2_tutorials/robot_description/install/robot_description/share/robot_description/urdf/multipleshapes.pdf
[0.103s] -- Up-to-date: /home/ingkurby/Escritorio/robotica2_ws/src/ros2_tutorials/robot_description/install/robot_description/share/robot_description/urdf/diff_wheeled_robot.urdf
[0.103s] -- Up-to-date: /home/ingkurby/Escritorio/robotica2_ws/src/ros2_tutorials/robot_description/install/robot_description/share/robot_description/rviz
[0.103s] -- Up-to-date: /home/ingkurby/Escritorio/robotica2_ws/src/ros2_tutorials/robot_description/install/robot_description/share/robot_description/rviz/urdf.rviz
[0.104s] -- Up-to-date: /home/ingkurby/Escritorio/robotica2_ws/src/ros2_tutorials/robot_description/install/robot_description/share/robot_description/meshes
[0.104s] -- Up-to-date: /home/ingkurby/Escritorio/robotica2_ws/src/ros2_tutorials/robot_description/install/robot_description/share/robot_description/meshes/visual
[0.104s] -- Up-to-date: /home/ingkurby/Escritorio/robotica2_ws/src/ros2_tutorials/robot_description/install/robot_description/share/robot_description/meshes/visual/link5.dae
[0.104s] -- Up-to-date: /home/ingkurby/Escritorio/robotica2_ws/src/ros2_tutorials/robot_description/install/robot_description/share/robot_description/meshes/visual/link4.dae
[0.104s] -- Up-to-date: /home/ingkurby/Escritorio/robotica2_ws/src/ros2_tutorials/robot_description/install/robot_description/share/robot_description/meshes/visual/link0.dae
[0.104s] -- Up-to-date: /home/ingkurby/Escritorio/robotica2_ws/src/ros2_tutorials/robot_description/install/robot_description/share/robot_description/meshes/visual/link6.dae
[0.104s] -- Up-to-date: /home/ingkurby/Escritorio/robotica2_ws/src/ros2_tutorials/robot_description/install/robot_description/share/robot_description/meshes/visual/link1.dae
[0.104s] -- Up-to-date: /home/ingkurby/Escritorio/robotica2_ws/src/ros2_tutorials/robot_description/install/robot_description/share/robot_description/meshes/visual/link7.dae
[0.104s] -- Up-to-date: /home/ingkurby/Escritorio/robotica2_ws/src/ros2_tutorials/robot_description/install/robot_description/share/robot_description/meshes/visual/link3.dae
[0.104s] -- Up-to-date: /home/ingkurby/Escritorio/robotica2_ws/src/ros2_tutorials/robot_description/install/robot_description/share/robot_description/meshes/visual/link2.dae
[0.104s] -- Up-to-date: /home/ingkurby/Escritorio/robotica2_ws/src/ros2_tutorials/robot_description/install/robot_description/share/robot_description/meshes/visual/hand.dae
[0.104s] -- Up-to-date: /home/ingkurby/Escritorio/robotica2_ws/src/ros2_tutorials/robot_description/install/robot_description/share/robot_description/meshes/visual/finger.dae
[0.105s] -- Up-to-date: /home/ingkurby/Escritorio/robotica2_ws/src/ros2_tutorials/robot_description/install/robot_description/share/robot_description/meshes/collision
[0.105s] -- Up-to-date: /home/ingkurby/Escritorio/robotica2_ws/src/ros2_tutorials/robot_description/install/robot_description/share/robot_description/meshes/collision/link3.obj
[0.105s] -- Up-to-date: /home/ingkurby/Escritorio/robotica2_ws/src/ros2_tutorials/robot_description/install/robot_description/share/robot_description/meshes/collision/link7.obj
[0.105s] -- Up-to-date: /home/ingkurby/Escritorio/robotica2_ws/src/ros2_tutorials/robot_description/install/robot_description/share/robot_description/meshes/collision/hand.obj
[0.105s] -- Up-to-date: /home/ingkurby/Escritorio/robotica2_ws/src/ros2_tutorials/robot_description/install/robot_description/share/robot_description/meshes/collision/link2.obj
[0.105s] -- Up-to-date: /home/ingkurby/Escritorio/robotica2_ws/src/ros2_tutorials/robot_description/install/robot_description/share/robot_description/meshes/collision/link6.obj
[0.105s] -- Up-to-date: /home/ingkurby/Escritorio/robotica2_ws/src/ros2_tutorials/robot_description/install/robot_description/share/robot_description/meshes/collision/link4.obj
[0.106s] -- Up-to-date: /home/ingkurby/Escritorio/robotica2_ws/src/ros2_tutorials/robot_description/install/robot_description/share/robot_description/meshes/collision/link1.obj
[0.106s] -- Up-to-date: /home/ingkurby/Escritorio/robotica2_ws/src/ros2_tutorials/robot_description/install/robot_description/share/robot_description/meshes/collision/link0.obj
[0.106s] -- Up-to-date: /home/ingkurby/Escritorio/robotica2_ws/src/ros2_tutorials/robot_description/install/robot_description/share/robot_description/meshes/collision/link5.obj
[0.106s] -- Up-to-date: /home/ingkurby/Escritorio/robotica2_ws/src/ros2_tutorials/robot_description/install/robot_description/share/robot_description/meshes/collision/finger.obj
[0.106s] -- Up-to-date: /home/ingkurby/Escritorio/robotica2_ws/src/ros2_tutorials/robot_description/install/robot_description/share/ament_index/resource_index/package_run_dependencies/robot_description
[0.107s] -- Up-to-date: /home/ingkurby/Escritorio/robotica2_ws/src/ros2_tutorials/robot_description/install/robot_description/share/ament_index/resource_index/parent_prefix_path/robot_description
[0.107s] -- Up-to-date: /home/ingkurby/Escritorio/robotica2_ws/src/ros2_tutorials/robot_description/install/robot_description/share/robot_description/environment/ament_prefix_path.sh
[0.107s] -- Up-to-date: /home/ingkurby/Escritorio/robotica2_ws/src/ros2_tutorials/robot_description/install/robot_description/share/robot_description/environment/ament_prefix_path.dsv
[0.107s] -- Up-to-date: /home/ingkurby/Escritorio/robotica2_ws/src/ros2_tutorials/robot_description/install/robot_description/share/robot_description/environment/path.sh
[0.107s] -- Up-to-date: /home/ingkurby/Escritorio/robotica2_ws/src/ros2_tutorials/robot_description/install/robot_description/share/robot_description/environment/path.dsv
[0.107s] -- Up-to-date: /home/ingkurby/Escritorio/robotica2_ws/src/ros2_tutorials/robot_description/install/robot_description/share/robot_description/local_setup.bash
[0.107s] -- Up-to-date: /home/ingkurby/Escritorio/robotica2_ws/src/ros2_tutorials/robot_description/install/robot_description/share/robot_description/local_setup.sh
[0.107s] -- Up-to-date: /home/ingkurby/Escritorio/robotica2_ws/src/ros2_tutorials/robot_description/install/robot_description/share/robot_description/local_setup.zsh
[0.107s] -- Up-to-date: /home/ingkurby/Escritorio/robotica2_ws/src/ros2_tutorials/robot_description/install/robot_description/share/robot_description/local_setup.dsv
[0.108s] -- Up-to-date: /home/ingkurby/Escritorio/robotica2_ws/src/ros2_tutorials/robot_description/install/robot_description/share/robot_description/package.dsv
[0.108s] -- Up-to-date: /home/ingkurby/Escritorio/robotica2_ws/src/ros2_tutorials/robot_description/install/robot_description/share/ament_index/resource_index/packages/robot_description
[0.108s] -- Up-to-date: /home/ingkurby/Escritorio/robotica2_ws/src/ros2_tutorials/robot_description/install/robot_description/share/robot_description/cmake/robot_descriptionConfig.cmake
[0.108s] -- Up-to-date: /home/ingkurby/Escritorio/robotica2_ws/src/ros2_tutorials/robot_description/install/robot_description/share/robot_description/cmake/robot_descriptionConfig-version.cmake
[0.108s] -- Up-to-date: /home/ingkurby/Escritorio/robotica2_ws/src/ros2_tutorials/robot_description/install/robot_description/share/robot_description/package.xml
[0.109s] Invoked command in '/home/ingkurby/Escritorio/2_parcialws/src/robot_description/build/robot_description' returned '0': CMAKE_PREFIX_PATH=/opt/ros/humble /usr/bin/cmake --install /home/ingkurby/Escritorio/2_parcialws/src/robot_description/build/robot_description
