[0.371s] Invoking command in '/home/leyla/Documents/ejercicio2_ws/src/control_py': PYTHONPATH=/home/leyla/Documents/ejercicio2_ws/build/control_py/prefix_override:/usr/lib/python3/dist-packages/colcon_core/task/python/colcon_distutils_commands:/home/leyla/Documents/ejercicio2_ws/install/control_py/lib/python3.10/site-packages:${PYTHONPATH} /usr/bin/python3 -W ignore:setup.py install is deprecated -W ignore:easy_install command is deprecated setup.py egg_info --egg-base ../../build/control_py build --build-base /home/leyla/Documents/ejercicio2_ws/build/control_py/build install --record /home/leyla/Documents/ejercicio2_ws/build/control_py/install.log --single-version-externally-managed install_data
[0.502s] running egg_info
[0.502s] writing ../../build/control_py/control_py.egg-info/PKG-INFO
[0.502s] writing dependency_links to ../../build/control_py/control_py.egg-info/dependency_links.txt
[0.502s] writing entry points to ../../build/control_py/control_py.egg-info/entry_points.txt
[0.502s] writing requirements to ../../build/control_py/control_py.egg-info/requires.txt
[0.502s] writing top-level names to ../../build/control_py/control_py.egg-info/top_level.txt
[0.503s] reading manifest file '../../build/control_py/control_py.egg-info/SOURCES.txt'
[0.503s] adding license file 'LICENSE'
[0.504s] writing manifest file '../../build/control_py/control_py.egg-info/SOURCES.txt'
[0.504s] running build
[0.504s] running build_py
[0.504s] running install
[0.504s] running install_lib
[0.506s] running install_data
[0.506s] running install_egg_info
[0.507s] removing '/home/leyla/Documents/ejercicio2_ws/install/control_py/lib/python3.10/site-packages/control_py-0.0.0-py3.10.egg-info' (and everything under it)
[0.507s] Copying ../../build/control_py/control_py.egg-info to /home/leyla/Documents/ejercicio2_ws/install/control_py/lib/python3.10/site-packages/control_py-0.0.0-py3.10.egg-info
[0.507s] running install_scripts
[0.519s] Installing control script to /home/leyla/Documents/ejercicio2_ws/install/control_py/lib/control_py
[0.519s] Installing control_distance script to /home/leyla/Documents/ejercicio2_ws/install/control_py/lib/control_py
[0.519s] Installing ejercicio3 script to /home/leyla/Documents/ejercicio2_ws/install/control_py/lib/control_py
[0.519s] Installing marker_v script to /home/leyla/Documents/ejercicio2_ws/install/control_py/lib/control_py
[0.519s] Installing nav2 script to /home/leyla/Documents/ejercicio2_ws/install/control_py/lib/control_py
[0.519s] Installing nav_auto script to /home/leyla/Documents/ejercicio2_ws/install/control_py/lib/control_py
[0.519s] Installing navegacion script to /home/leyla/Documents/ejercicio2_ws/install/control_py/lib/control_py
[0.519s] Installing sub_laser script to /home/leyla/Documents/ejercicio2_ws/install/control_py/lib/control_py
[0.519s] writing list of installed files to '/home/leyla/Documents/ejercicio2_ws/build/control_py/install.log'
[0.534s] Invoked command in '/home/leyla/Documents/ejercicio2_ws/src/control_py' returned '0': PYTHONPATH=/home/leyla/Documents/ejercicio2_ws/build/control_py/prefix_override:/usr/lib/python3/dist-packages/colcon_core/task/python/colcon_distutils_commands:/home/leyla/Documents/ejercicio2_ws/install/control_py/lib/python3.10/site-packages:${PYTHONPATH} /usr/bin/python3 -W ignore:setup.py install is deprecated -W ignore:easy_install command is deprecated setup.py egg_info --egg-base ../../build/control_py build --build-base /home/leyla/Documents/ejercicio2_ws/build/control_py/build install --record /home/leyla/Documents/ejercicio2_ws/build/control_py/install.log --single-version-externally-managed install_data
