[0.409s] Invoking command in '/home/leyla/Documents/ejercicio1_ws/src/visual_pubsub': PYTHONPATH=/home/leyla/Documents/ejercicio1_ws/build/visual_pubsub/prefix_override:/usr/lib/python3/dist-packages/colcon_core/task/python/colcon_distutils_commands:/home/leyla/Documents/ejercicio1_ws/install/visual_pubsub/lib/python3.10/site-packages:${PYTHONPATH} /usr/bin/python3 -W ignore:setup.py install is deprecated -W ignore:easy_install command is deprecated setup.py egg_info --egg-base ../../build/visual_pubsub build --build-base /home/leyla/Documents/ejercicio1_ws/build/visual_pubsub/build install --record /home/leyla/Documents/ejercicio1_ws/build/visual_pubsub/install.log --single-version-externally-managed install_data
[0.563s] running egg_info
[0.563s] writing ../../build/visual_pubsub/visual_pubsub.egg-info/PKG-INFO
[0.564s] writing dependency_links to ../../build/visual_pubsub/visual_pubsub.egg-info/dependency_links.txt
[0.564s] writing entry points to ../../build/visual_pubsub/visual_pubsub.egg-info/entry_points.txt
[0.564s] writing requirements to ../../build/visual_pubsub/visual_pubsub.egg-info/requires.txt
[0.564s] writing top-level names to ../../build/visual_pubsub/visual_pubsub.egg-info/top_level.txt
[0.565s] reading manifest file '../../build/visual_pubsub/visual_pubsub.egg-info/SOURCES.txt'
[0.573s] adding license file 'LICENSE'
[0.573s] writing manifest file '../../build/visual_pubsub/visual_pubsub.egg-info/SOURCES.txt'
[0.573s] running build
[0.574s] running build_py
[0.574s] copying visual_pubsub/inverse_kinematics.py -> /home/leyla/Documents/ejercicio1_ws/build/visual_pubsub/build/lib/visual_pubsub
[0.574s] running install
[0.574s] running install_lib
[0.575s] copying /home/leyla/Documents/ejercicio1_ws/build/visual_pubsub/build/lib/visual_pubsub/inverse_kinematics.py -> /home/leyla/Documents/ejercicio1_ws/install/visual_pubsub/lib/python3.10/site-packages/visual_pubsub
[0.575s] byte-compiling /home/leyla/Documents/ejercicio1_ws/install/visual_pubsub/lib/python3.10/site-packages/visual_pubsub/inverse_kinematics.py to inverse_kinematics.cpython-310.pyc
[0.576s] running install_data
[0.576s] running install_egg_info
[0.577s] removing '/home/leyla/Documents/ejercicio1_ws/install/visual_pubsub/lib/python3.10/site-packages/visual_pubsub-0.0.0-py3.10.egg-info' (and everything under it)
[0.577s] Copying ../../build/visual_pubsub/visual_pubsub.egg-info to /home/leyla/Documents/ejercicio1_ws/install/visual_pubsub/lib/python3.10/site-packages/visual_pubsub-0.0.0-py3.10.egg-info
[0.578s] running install_scripts
[0.591s] Installing c_dir script to /home/leyla/Documents/ejercicio1_ws/install/visual_pubsub/lib/visual_pubsub
[0.591s] Installing c_inv script to /home/leyla/Documents/ejercicio1_ws/install/visual_pubsub/lib/visual_pubsub
[0.592s] writing list of installed files to '/home/leyla/Documents/ejercicio1_ws/build/visual_pubsub/install.log'
[0.606s] Invoked command in '/home/leyla/Documents/ejercicio1_ws/src/visual_pubsub' returned '0': PYTHONPATH=/home/leyla/Documents/ejercicio1_ws/build/visual_pubsub/prefix_override:/usr/lib/python3/dist-packages/colcon_core/task/python/colcon_distutils_commands:/home/leyla/Documents/ejercicio1_ws/install/visual_pubsub/lib/python3.10/site-packages:${PYTHONPATH} /usr/bin/python3 -W ignore:setup.py install is deprecated -W ignore:easy_install command is deprecated setup.py egg_info --egg-base ../../build/visual_pubsub build --build-base /home/leyla/Documents/ejercicio1_ws/build/visual_pubsub/build install --record /home/leyla/Documents/ejercicio1_ws/build/visual_pubsub/install.log --single-version-externally-managed install_data
