[0mCMake Error: The current CMakeCache.txt directory /home/leyla/Documents/ejercicio2_ws/build/cartographer_rviz/CMakeCache.txt is different than the directory /home/leyla/Desktop/ver_ws/build/cartographer_rviz where CMakeCache.txt was created. This may result in binaries being created in the wrong place. If you are not sure, reedit the CMakeCache.txt[0m
[ 16%] [34m[1mAutomatic MOC for target cartographer_rviz[0m
[ 16%] Built target cartographer_rviz_detect_changes
[ 16%] Built target cartographer_rviz_autogen
[100%] Built target cartographer_rviz
-- Install configuration: "Release"
-- Execute custom install script
-- Up-to-date symlink: /home/leyla/Desktop/ver_ws/install/cartographer_rviz/share/cartographer_rviz//rviz_plugin_description.xml
-- Up-to-date symlink: /home/leyla/Desktop/ver_ws/install/cartographer_rviz/include//cartographer_rviz/drawable_submap.h
-- Up-to-date symlink: /home/leyla/Desktop/ver_ws/install/cartographer_rviz/include//cartographer_rviz/ogre_slice.h
-- Up-to-date symlink: /home/leyla/Desktop/ver_ws/install/cartographer_rviz/include//cartographer_rviz/submaps_display.h
-- Up-to-date symlink: /home/leyla/Desktop/ver_ws/install/cartographer_rviz/share/cartographer_rviz/environment/library_path.sh
-- Up-to-date symlink: /home/leyla/Desktop/ver_ws/install/cartographer_rviz/share/cartographer_rviz/environment/library_path.dsv
-- Up-to-date symlink: /home/leyla/Desktop/ver_ws/install/cartographer_rviz/share/ament_index/resource_index/package_run_dependencies/cartographer_rviz
-- Up-to-date symlink: /home/leyla/Desktop/ver_ws/install/cartographer_rviz/share/ament_index/resource_index/parent_prefix_path/cartographer_rviz
-- Up-to-date symlink: /home/leyla/Desktop/ver_ws/install/cartographer_rviz/share/cartographer_rviz/environment/ament_prefix_path.sh
-- Up-to-date symlink: /home/leyla/Desktop/ver_ws/install/cartographer_rviz/share/cartographer_rviz/environment/ament_prefix_path.dsv
-- Up-to-date symlink: /home/leyla/Desktop/ver_ws/install/cartographer_rviz/share/cartographer_rviz/environment/path.sh
-- Up-to-date symlink: /home/leyla/Desktop/ver_ws/install/cartographer_rviz/share/cartographer_rviz/environment/path.dsv
-- Up-to-date symlink: /home/leyla/Desktop/ver_ws/install/cartographer_rviz/share/cartographer_rviz/local_setup.bash
-- Up-to-date symlink: /home/leyla/Desktop/ver_ws/install/cartographer_rviz/share/cartographer_rviz/local_setup.sh
-- Up-to-date symlink: /home/leyla/Desktop/ver_ws/install/cartographer_rviz/share/cartographer_rviz/local_setup.zsh
-- Up-to-date symlink: /home/leyla/Desktop/ver_ws/install/cartographer_rviz/share/cartographer_rviz/local_setup.dsv
-- Symlinking: /home/leyla/Desktop/ver_ws/install/cartographer_rviz/share/cartographer_rviz/package.dsv
-- Up-to-date symlink: /home/leyla/Desktop/ver_ws/install/cartographer_rviz/share/ament_index/resource_index/packages/cartographer_rviz
-- Up-to-date symlink: /home/leyla/Desktop/ver_ws/install/cartographer_rviz/share/ament_index/resource_index/rviz_common__pluginlib__plugin/cartographer_rviz
-- Up-to-date symlink: /home/leyla/Desktop/ver_ws/install/cartographer_rviz/share/ament_index/resource_index/rviz_ogre_media_exports/cartographer_rviz
-- Up-to-date symlink: /home/leyla/Desktop/ver_ws/install/cartographer_rviz/share/cartographer_rviz/cmake/ament_cmake_export_include_directories-extras.cmake
-- Up-to-date symlink: /home/leyla/Desktop/ver_ws/install/cartographer_rviz/share/cartographer_rviz/cmake/ament_cmake_export_targets-extras.cmake
-- Up-to-date symlink: /home/leyla/Desktop/ver_ws/install/cartographer_rviz/share/cartographer_rviz/cmake/ament_cmake_export_dependencies-extras.cmake
-- Up-to-date symlink: /home/leyla/Desktop/ver_ws/install/cartographer_rviz/share/cartographer_rviz/cmake/cartographer_rvizConfig.cmake
-- Up-to-date symlink: /home/leyla/Desktop/ver_ws/install/cartographer_rviz/share/cartographer_rviz/cmake/cartographer_rvizConfig-version.cmake
-- Up-to-date symlink: /home/leyla/Desktop/ver_ws/install/cartographer_rviz/share/cartographer_rviz/package.xml
-- Up-to-date: /home/leyla/Desktop/ver_ws/install/cartographer_rviz/lib/libcartographer_rviz.so
-- Up-to-date: /home/leyla/Desktop/ver_ws/install/cartographer_rviz/share/cartographer_rviz/ogre_media/materials/glsl120
-- Up-to-date: /home/leyla/Desktop/ver_ws/install/cartographer_rviz/share/cartographer_rviz/ogre_media/materials/glsl120/submap.vert
-- Up-to-date: /home/leyla/Desktop/ver_ws/install/cartographer_rviz/share/cartographer_rviz/ogre_media/materials/glsl120/submap.frag
-- Up-to-date: /home/leyla/Desktop/ver_ws/install/cartographer_rviz/share/cartographer_rviz/ogre_media/materials/glsl120/glsl120.program
-- Up-to-date: /home/leyla/Desktop/ver_ws/install/cartographer_rviz/share/cartographer_rviz/ogre_media/materials/scripts
-- Up-to-date: /home/leyla/Desktop/ver_ws/install/cartographer_rviz/share/cartographer_rviz/ogre_media/materials/scripts/submap.material
-- Up-to-date: /home/leyla/Desktop/ver_ws/install/cartographer_rviz/share/cartographer_rviz/cmake/cartographer_rvizExport.cmake
-- Up-to-date: /home/leyla/Desktop/ver_ws/install/cartographer_rviz/share/cartographer_rviz/cmake/cartographer_rvizExport-release.cmake
