[0.014s] Invoking command in '/home/leyla/Documents/ejercicio1_ws/build/robot_description': CMAKE_PREFIX_PATH=${CMAKE_PREFIX_PATH}:/home/leyla/Documents/ejercicio2_ws/install/robot_nav:/home/leyla/Documents/ejercicio2_ws/install/control_py:/home/leyla/Documents/PARCIAL2_ws/install/visual_pubsub:/home/leyla/Documents/p2_ws/install/ej1_pkg:/home/leyla/Documents/p2_ws/install/visual_pubsub:/home/leyla/Desktop/2_parcialws/install/visual_pubsub:/home/leyla/Desktop/2_parcialws/install/ejercicio1_pkg:/home/leyla/Desktop/parcial2_ws/install/control_py:/home/leyla/Desktop/ver_ws/install/robot_nav:/home/leyla/turtlebot3_ws/install/turtlebot3_teleop:/home/leyla/turtlebot3_ws/install/turtlebot3_example:/opt/ros/humble /usr/bin/cmake /home/leyla/Documents/ejercicio1_ws/src/robot_description -DAMENT_CMAKE_SYMLINK_INSTALL=1 -DCMAKE_INSTALL_PREFIX=/home/leyla/Documents/ejercicio1_ws/install/robot_description
[0.027s] -- Found ament_cmake: 1.3.11 (/opt/ros/humble/share/ament_cmake/cmake)
[0.124s] -- Override CMake install command with custom implementation using symlinks instead of copying resources
[0.133s] -- Found ament_lint_auto: 0.12.12 (/opt/ros/humble/share/ament_lint_auto/cmake)
[0.194s] -- Added test 'cppcheck' to perform static code analysis on C / C++ code
[0.194s] -- Configured cppcheck include dirs: 
[0.194s] -- Configured cppcheck exclude dirs and/or files: 
[0.195s] -- Added test 'flake8' to check Python code syntax and style conventions
[0.197s] -- Added test 'lint_cmake' to check CMake code style
[0.198s] -- Added test 'pep257' to check Python code against some of the docstring style conventions in PEP 257
[0.205s] -- Added test 'uncrustify' to check C / C++ code style
[0.205s] -- Configured uncrustify additional arguments: 
[0.206s] -- Added test 'xmllint' to check XML markup files
[0.207s] -- Configuring done
[0.208s] -- Generating done
[0.209s] -- Build files have been written to: /home/leyla/Documents/ejercicio1_ws/build/robot_description
[0.212s] Invoked command in '/home/leyla/Documents/ejercicio1_ws/build/robot_description' returned '0': CMAKE_PREFIX_PATH=${CMAKE_PREFIX_PATH}:/home/leyla/Documents/ejercicio2_ws/install/robot_nav:/home/leyla/Documents/ejercicio2_ws/install/control_py:/home/leyla/Documents/PARCIAL2_ws/install/visual_pubsub:/home/leyla/Documents/p2_ws/install/ej1_pkg:/home/leyla/Documents/p2_ws/install/visual_pubsub:/home/leyla/Desktop/2_parcialws/install/visual_pubsub:/home/leyla/Desktop/2_parcialws/install/ejercicio1_pkg:/home/leyla/Desktop/parcial2_ws/install/control_py:/home/leyla/Desktop/ver_ws/install/robot_nav:/home/leyla/turtlebot3_ws/install/turtlebot3_teleop:/home/leyla/turtlebot3_ws/install/turtlebot3_example:/opt/ros/humble /usr/bin/cmake /home/leyla/Documents/ejercicio1_ws/src/robot_description -DAMENT_CMAKE_SYMLINK_INSTALL=1 -DCMAKE_INSTALL_PREFIX=/home/leyla/Documents/ejercicio1_ws/install/robot_description
[0.213s] Invoking command in '/home/leyla/Documents/ejercicio1_ws/build/robot_description': CMAKE_PREFIX_PATH=${CMAKE_PREFIX_PATH}:/home/leyla/Documents/ejercicio2_ws/install/robot_nav:/home/leyla/Documents/ejercicio2_ws/install/control_py:/home/leyla/Documents/PARCIAL2_ws/install/visual_pubsub:/home/leyla/Documents/p2_ws/install/ej1_pkg:/home/leyla/Documents/p2_ws/install/visual_pubsub:/home/leyla/Desktop/2_parcialws/install/visual_pubsub:/home/leyla/Desktop/2_parcialws/install/ejercicio1_pkg:/home/leyla/Desktop/parcial2_ws/install/control_py:/home/leyla/Desktop/ver_ws/install/robot_nav:/home/leyla/turtlebot3_ws/install/turtlebot3_teleop:/home/leyla/turtlebot3_ws/install/turtlebot3_example:/opt/ros/humble /usr/bin/cmake --build /home/leyla/Documents/ejercicio1_ws/build/robot_description -- -j20 -l20
[0.251s] Invoked command in '/home/leyla/Documents/ejercicio1_ws/build/robot_description' returned '0': CMAKE_PREFIX_PATH=${CMAKE_PREFIX_PATH}:/home/leyla/Documents/ejercicio2_ws/install/robot_nav:/home/leyla/Documents/ejercicio2_ws/install/control_py:/home/leyla/Documents/PARCIAL2_ws/install/visual_pubsub:/home/leyla/Documents/p2_ws/install/ej1_pkg:/home/leyla/Documents/p2_ws/install/visual_pubsub:/home/leyla/Desktop/2_parcialws/install/visual_pubsub:/home/leyla/Desktop/2_parcialws/install/ejercicio1_pkg:/home/leyla/Desktop/parcial2_ws/install/control_py:/home/leyla/Desktop/ver_ws/install/robot_nav:/home/leyla/turtlebot3_ws/install/turtlebot3_teleop:/home/leyla/turtlebot3_ws/install/turtlebot3_example:/opt/ros/humble /usr/bin/cmake --build /home/leyla/Documents/ejercicio1_ws/build/robot_description -- -j20 -l20
[0.261s] Invoking command in '/home/leyla/Documents/ejercicio1_ws/build/robot_description': CMAKE_PREFIX_PATH=${CMAKE_PREFIX_PATH}:/home/leyla/Documents/ejercicio2_ws/install/robot_nav:/home/leyla/Documents/ejercicio2_ws/install/control_py:/home/leyla/Documents/PARCIAL2_ws/install/visual_pubsub:/home/leyla/Documents/p2_ws/install/ej1_pkg:/home/leyla/Documents/p2_ws/install/visual_pubsub:/home/leyla/Desktop/2_parcialws/install/visual_pubsub:/home/leyla/Desktop/2_parcialws/install/ejercicio1_pkg:/home/leyla/Desktop/parcial2_ws/install/control_py:/home/leyla/Desktop/ver_ws/install/robot_nav:/home/leyla/turtlebot3_ws/install/turtlebot3_teleop:/home/leyla/turtlebot3_ws/install/turtlebot3_example:/opt/ros/humble /usr/bin/cmake --install /home/leyla/Documents/ejercicio1_ws/build/robot_description
[0.267s] -- Install configuration: ""
[0.268s] -- Execute custom install script
[0.268s] -- Symlinking: /home/leyla/Documents/ejercicio1_ws/install/robot_description/share/robot_description/launch/view_robot.py
[0.276s] [33mCMake Warning (dev) at ament_cmake_symlink_install/ament_cmake_symlink_install.cmake:62 (file):
[0.276s]   Policy CMP0009 is not set: FILE GLOB_RECURSE calls should not follow
[0.276s]   symlinks by default.  Run "cmake --help-policy CMP0009" for policy details.
[0.276s]   Use the cmake_policy command to set the policy and suppress this warning.
[0.276s] Call Stack (most recent call first):
[0.276s]   ament_cmake_symlink_install/ament_cmake_symlink_install.cmake:314 (ament_cmake_symlink_install_directory)
[0.277s]   cmake_install.cmake:46 (include)
[0.277s] This warning is for project developers.  Use -Wno-dev to suppress it.
[0.277s] [0m
[0.277s] -- Symlinking: /home/leyla/Documents/ejercicio1_ws/install/robot_description/share/robot_description/urdf/ROBOT4.urdf
[0.282s] -- Symlinking: /home/leyla/Documents/ejercicio1_ws/install/robot_description/share/robot_description/urdf/build/.built_by
[0.288s] -- Symlinking: /home/leyla/Documents/ejercicio1_ws/install/robot_description/share/robot_description/urdf/build/COLCON_IGNORE
[0.296s] -- Symlinking: /home/leyla/Documents/ejercicio1_ws/install/robot_description/share/robot_description/urdf/clases_test.urdf
[0.302s] -- Symlinking: /home/leyla/Documents/ejercicio1_ws/install/robot_description/share/robot_description/urdf/cobot_arm.urdf
[0.307s] -- Symlinking: /home/leyla/Documents/ejercicio1_ws/install/robot_description/share/robot_description/urdf/diff_wheeled_robot.urdf
[0.315s] -- Symlinking: /home/leyla/Documents/ejercicio1_ws/install/robot_description/share/robot_description/urdf/guillecar.urdf
[0.324s] -- Symlinking: /home/leyla/Documents/ejercicio1_ws/install/robot_description/share/robot_description/urdf/install/.colcon_install_layout
[0.331s] -- Symlinking: /home/leyla/Documents/ejercicio1_ws/install/robot_description/share/robot_description/urdf/install/COLCON_IGNORE
[0.340s] -- Symlinking: /home/leyla/Documents/ejercicio1_ws/install/robot_description/share/robot_description/urdf/install/_local_setup_util_ps1.py
[0.348s] -- Symlinking: /home/leyla/Documents/ejercicio1_ws/install/robot_description/share/robot_description/urdf/install/_local_setup_util_sh.py
[0.354s] -- Symlinking: /home/leyla/Documents/ejercicio1_ws/install/robot_description/share/robot_description/urdf/install/local_setup.bash
[0.360s] -- Symlinking: /home/leyla/Documents/ejercicio1_ws/install/robot_description/share/robot_description/urdf/install/local_setup.ps1
[0.368s] -- Symlinking: /home/leyla/Documents/ejercicio1_ws/install/robot_description/share/robot_description/urdf/install/local_setup.sh
[0.375s] -- Symlinking: /home/leyla/Documents/ejercicio1_ws/install/robot_description/share/robot_description/urdf/install/local_setup.zsh
[0.383s] -- Symlinking: /home/leyla/Documents/ejercicio1_ws/install/robot_description/share/robot_description/urdf/install/setup.bash
[0.390s] -- Symlinking: /home/leyla/Documents/ejercicio1_ws/install/robot_description/share/robot_description/urdf/install/setup.ps1
[0.398s] -- Symlinking: /home/leyla/Documents/ejercicio1_ws/install/robot_description/share/robot_description/urdf/install/setup.sh
[0.408s] -- Symlinking: /home/leyla/Documents/ejercicio1_ws/install/robot_description/share/robot_description/urdf/install/setup.zsh
[0.416s] -- Symlinking: /home/leyla/Documents/ejercicio1_ws/install/robot_description/share/robot_description/urdf/log/COLCON_IGNORE
[0.425s] -- Symlinking: /home/leyla/Documents/ejercicio1_ws/install/robot_description/share/robot_description/urdf/log/build_2025-04-03_12-33-40/events.log
[0.434s] -- Symlinking: /home/leyla/Documents/ejercicio1_ws/install/robot_description/share/robot_description/urdf/log/build_2025-04-03_12-33-40/logger_all.log
[0.441s] -- Symlinking: /home/leyla/Documents/ejercicio1_ws/install/robot_description/share/robot_description/urdf/log/build_2025-04-03_12-51-19/events.log
[0.449s] -- Symlinking: /home/leyla/Documents/ejercicio1_ws/install/robot_description/share/robot_description/urdf/log/build_2025-04-03_12-51-19/logger_all.log
[0.456s] -- Symlinking: /home/leyla/Documents/ejercicio1_ws/install/robot_description/share/robot_description/urdf/log/build_2025-04-03_12-52-05/events.log
[0.464s] -- Symlinking: /home/leyla/Documents/ejercicio1_ws/install/robot_description/share/robot_description/urdf/log/build_2025-04-03_12-52-05/logger_all.log
[0.470s] -- Symlinking: /home/leyla/Documents/ejercicio1_ws/install/robot_description/share/robot_description/urdf/log/build_2025-04-03_12-53-02/events.log
[0.477s] -- Symlinking: /home/leyla/Documents/ejercicio1_ws/install/robot_description/share/robot_description/urdf/log/build_2025-04-03_12-53-02/logger_all.log
[0.486s] -- Up-to-date symlink: /home/leyla/Documents/ejercicio1_ws/install/robot_description/share/robot_description/urdf/log/latest/events.log
[0.486s] -- Up-to-date symlink: /home/leyla/Documents/ejercicio1_ws/install/robot_description/share/robot_description/urdf/log/latest/logger_all.log
[0.486s] -- Up-to-date symlink: /home/leyla/Documents/ejercicio1_ws/install/robot_description/share/robot_description/urdf/log/latest_build/events.log
[0.486s] -- Up-to-date symlink: /home/leyla/Documents/ejercicio1_ws/install/robot_description/share/robot_description/urdf/log/latest_build/logger_all.log
[0.486s] -- Symlinking: /home/leyla/Documents/ejercicio1_ws/install/robot_description/share/robot_description/urdf/mi_robot.urdf
[0.492s] -- Symlinking: /home/leyla/Documents/ejercicio1_ws/install/robot_description/share/robot_description/urdf/multipleshapes.gv
[0.498s] -- Symlinking: /home/leyla/Documents/ejercicio1_ws/install/robot_description/share/robot_description/urdf/multipleshapes.pdf
[0.507s] -- Symlinking: /home/leyla/Documents/ejercicio1_ws/install/robot_description/share/robot_description/urdf/myfirst_robot.urdf
[0.515s] -- Symlinking: /home/leyla/Documents/ejercicio1_ws/install/robot_description/share/robot_description/urdf/panda.urdf
[0.523s] -- Symlinking: /home/leyla/Documents/ejercicio1_ws/install/robot_description/share/robot_description/urdf/pantilt.urdf
[0.531s] -- Symlinking: /home/leyla/Documents/ejercicio1_ws/install/robot_description/share/robot_description/urdf/wally1.urdf
[0.538s] -- Symlinking: /home/leyla/Documents/ejercicio1_ws/install/robot_description/share/robot_description/rviz/urdf.rviz
[0.545s] -- Symlinking: /home/leyla/Documents/ejercicio1_ws/install/robot_description/share/robot_description/meshes/collision/finger.obj
[0.551s] -- Symlinking: /home/leyla/Documents/ejercicio1_ws/install/robot_description/share/robot_description/meshes/collision/hand.obj
[0.559s] -- Symlinking: /home/leyla/Documents/ejercicio1_ws/install/robot_description/share/robot_description/meshes/collision/link0.obj
[0.565s] -- Symlinking: /home/leyla/Documents/ejercicio1_ws/install/robot_description/share/robot_description/meshes/collision/link1.obj
[0.571s] -- Symlinking: /home/leyla/Documents/ejercicio1_ws/install/robot_description/share/robot_description/meshes/collision/link2.obj
[0.579s] -- Symlinking: /home/leyla/Documents/ejercicio1_ws/install/robot_description/share/robot_description/meshes/collision/link3.obj
[0.585s] -- Symlinking: /home/leyla/Documents/ejercicio1_ws/install/robot_description/share/robot_description/meshes/collision/link4.obj
[0.591s] -- Symlinking: /home/leyla/Documents/ejercicio1_ws/install/robot_description/share/robot_description/meshes/collision/link5.obj
[0.598s] -- Symlinking: /home/leyla/Documents/ejercicio1_ws/install/robot_description/share/robot_description/meshes/collision/link6.obj
[0.605s] -- Symlinking: /home/leyla/Documents/ejercicio1_ws/install/robot_description/share/robot_description/meshes/collision/link7.obj
[0.612s] -- Symlinking: /home/leyla/Documents/ejercicio1_ws/install/robot_description/share/robot_description/meshes/visual/finger.dae
[0.620s] -- Symlinking: /home/leyla/Documents/ejercicio1_ws/install/robot_description/share/robot_description/meshes/visual/hand.dae
[0.627s] -- Symlinking: /home/leyla/Documents/ejercicio1_ws/install/robot_description/share/robot_description/meshes/visual/link0.dae
[0.634s] -- Symlinking: /home/leyla/Documents/ejercicio1_ws/install/robot_description/share/robot_description/meshes/visual/link1.dae
[0.641s] -- Symlinking: /home/leyla/Documents/ejercicio1_ws/install/robot_description/share/robot_description/meshes/visual/link2.dae
[0.648s] -- Symlinking: /home/leyla/Documents/ejercicio1_ws/install/robot_description/share/robot_description/meshes/visual/link3.dae
[0.657s] -- Symlinking: /home/leyla/Documents/ejercicio1_ws/install/robot_description/share/robot_description/meshes/visual/link4.dae
[0.664s] -- Symlinking: /home/leyla/Documents/ejercicio1_ws/install/robot_description/share/robot_description/meshes/visual/link5.dae
[0.671s] -- Symlinking: /home/leyla/Documents/ejercicio1_ws/install/robot_description/share/robot_description/meshes/visual/link6.dae
[0.680s] -- Symlinking: /home/leyla/Documents/ejercicio1_ws/install/robot_description/share/robot_description/meshes/visual/link7.dae
[0.686s] -- Symlinking: /home/leyla/Documents/ejercicio1_ws/install/robot_description/share/ament_index/resource_index/package_run_dependencies/robot_description
[0.695s] -- Symlinking: /home/leyla/Documents/ejercicio1_ws/install/robot_description/share/ament_index/resource_index/parent_prefix_path/robot_description
[0.702s] -- Symlinking: /home/leyla/Documents/ejercicio1_ws/install/robot_description/share/robot_description/environment/ament_prefix_path.sh
[0.712s] -- Symlinking: /home/leyla/Documents/ejercicio1_ws/install/robot_description/share/robot_description/environment/ament_prefix_path.dsv
[0.721s] -- Symlinking: /home/leyla/Documents/ejercicio1_ws/install/robot_description/share/robot_description/environment/path.sh
[0.726s] -- Symlinking: /home/leyla/Documents/ejercicio1_ws/install/robot_description/share/robot_description/environment/path.dsv
[0.736s] -- Symlinking: /home/leyla/Documents/ejercicio1_ws/install/robot_description/share/robot_description/local_setup.bash
[0.744s] -- Symlinking: /home/leyla/Documents/ejercicio1_ws/install/robot_description/share/robot_description/local_setup.sh
[0.751s] -- Symlinking: /home/leyla/Documents/ejercicio1_ws/install/robot_description/share/robot_description/local_setup.zsh
[0.759s] -- Symlinking: /home/leyla/Documents/ejercicio1_ws/install/robot_description/share/robot_description/local_setup.dsv
[0.768s] -- Symlinking: /home/leyla/Documents/ejercicio1_ws/install/robot_description/share/robot_description/package.dsv
[0.779s] -- Symlinking: /home/leyla/Documents/ejercicio1_ws/install/robot_description/share/ament_index/resource_index/packages/robot_description
[0.788s] -- Symlinking: /home/leyla/Documents/ejercicio1_ws/install/robot_description/share/robot_description/cmake/robot_descriptionConfig.cmake
[0.798s] -- Symlinking: /home/leyla/Documents/ejercicio1_ws/install/robot_description/share/robot_description/cmake/robot_descriptionConfig-version.cmake
[0.807s] -- Symlinking: /home/leyla/Documents/ejercicio1_ws/install/robot_description/share/robot_description/package.xml
[0.819s] Invoked command in '/home/leyla/Documents/ejercicio1_ws/build/robot_description' returned '0': CMAKE_PREFIX_PATH=${CMAKE_PREFIX_PATH}:/home/leyla/Documents/ejercicio2_ws/install/robot_nav:/home/leyla/Documents/ejercicio2_ws/install/control_py:/home/leyla/Documents/PARCIAL2_ws/install/visual_pubsub:/home/leyla/Documents/p2_ws/install/ej1_pkg:/home/leyla/Documents/p2_ws/install/visual_pubsub:/home/leyla/Desktop/2_parcialws/install/visual_pubsub:/home/leyla/Desktop/2_parcialws/install/ejercicio1_pkg:/home/leyla/Desktop/parcial2_ws/install/control_py:/home/leyla/Desktop/ver_ws/install/robot_nav:/home/leyla/turtlebot3_ws/install/turtlebot3_teleop:/home/leyla/turtlebot3_ws/install/turtlebot3_example:/opt/ros/humble /usr/bin/cmake --install /home/leyla/Documents/ejercicio1_ws/build/robot_description
