[0.204s] Invoking command in '/home/leyla/Documents/ejercicio2_ws/build/navigation_tb3': CMAKE_PREFIX_PATH=${CMAKE_PREFIX_PATH}:/home/leyla/Documents/ejercicio1_ws/install/visual_pubsub:/home/leyla/Documents/ejercicio2_ws/install/robot_nav:/home/leyla/Documents/ejercicio2_ws/install/control_py:/home/leyla/Documents/PARCIAL2_ws/install/visual_pubsub:/home/leyla/Documents/p2_ws/install/ej1_pkg:/home/leyla/Documents/p2_ws/install/visual_pubsub:/home/leyla/Desktop/2_parcialws/install/visual_pubsub:/home/leyla/Desktop/2_parcialws/install/ejercicio1_pkg:/home/leyla/Desktop/parcial2_ws/install/control_py:/home/leyla/Desktop/ver_ws/install/robot_nav:/home/leyla/turtlebot3_ws/install/turtlebot3_teleop:/home/leyla/turtlebot3_ws/install/turtlebot3_example:/opt/ros/humble /usr/bin/cmake --build /home/leyla/Documents/ejercicio2_ws/build/navigation_tb3 -- -j20 -l20
[0.209s] [0mCMake Error: The current CMakeCache.txt directory /home/leyla/Documents/ejercicio2_ws/build/navigation_tb3/CMakeCache.txt is different than the directory /home/leyla/Desktop/ver_ws/build/navigation_tb3 where CMakeCache.txt was created. This may result in binaries being created in the wrong place. If you are not sure, reedit the CMakeCache.txt[0m
[0.254s] [100%] Built target pub_occupancy_grid
[0.260s] [100%] Built target ament_cmake_python_symlink_navigation_tb3
[0.433s] running egg_info
[0.433s] writing navigation_tb3.egg-info/PKG-INFO
[0.433s] writing dependency_links to navigation_tb3.egg-info/dependency_links.txt
[0.433s] writing top-level names to navigation_tb3.egg-info/top_level.txt
[0.435s] reading manifest file 'navigation_tb3.egg-info/SOURCES.txt'
[0.436s] writing manifest file 'navigation_tb3.egg-info/SOURCES.txt'
[0.457s] [100%] Built target ament_cmake_python_build_navigation_tb3_egg
[0.467s] Invoked command in '/home/leyla/Documents/ejercicio2_ws/build/navigation_tb3' returned '0': CMAKE_PREFIX_PATH=${CMAKE_PREFIX_PATH}:/home/leyla/Documents/ejercicio1_ws/install/visual_pubsub:/home/leyla/Documents/ejercicio2_ws/install/robot_nav:/home/leyla/Documents/ejercicio2_ws/install/control_py:/home/leyla/Documents/PARCIAL2_ws/install/visual_pubsub:/home/leyla/Documents/p2_ws/install/ej1_pkg:/home/leyla/Documents/p2_ws/install/visual_pubsub:/home/leyla/Desktop/2_parcialws/install/visual_pubsub:/home/leyla/Desktop/2_parcialws/install/ejercicio1_pkg:/home/leyla/Desktop/parcial2_ws/install/control_py:/home/leyla/Desktop/ver_ws/install/robot_nav:/home/leyla/turtlebot3_ws/install/turtlebot3_teleop:/home/leyla/turtlebot3_ws/install/turtlebot3_example:/opt/ros/humble /usr/bin/cmake --build /home/leyla/Documents/ejercicio2_ws/build/navigation_tb3 -- -j20 -l20
[0.469s] Invoking command in '/home/leyla/Documents/ejercicio2_ws/build/navigation_tb3': CMAKE_PREFIX_PATH=${CMAKE_PREFIX_PATH}:/home/leyla/Documents/ejercicio1_ws/install/visual_pubsub:/home/leyla/Documents/ejercicio2_ws/install/robot_nav:/home/leyla/Documents/ejercicio2_ws/install/control_py:/home/leyla/Documents/PARCIAL2_ws/install/visual_pubsub:/home/leyla/Documents/p2_ws/install/ej1_pkg:/home/leyla/Documents/p2_ws/install/visual_pubsub:/home/leyla/Desktop/2_parcialws/install/visual_pubsub:/home/leyla/Desktop/2_parcialws/install/ejercicio1_pkg:/home/leyla/Desktop/parcial2_ws/install/control_py:/home/leyla/Desktop/ver_ws/install/robot_nav:/home/leyla/turtlebot3_ws/install/turtlebot3_teleop:/home/leyla/turtlebot3_ws/install/turtlebot3_example:/opt/ros/humble /usr/bin/cmake --install /home/leyla/Documents/ejercicio2_ws/build/navigation_tb3
[0.478s] -- Install configuration: ""
[0.478s] -- Execute custom install script
[0.479s] -- Up-to-date symlink: /home/leyla/Desktop/ver_ws/install/navigation_tb3/lib/navigation_tb3/pub_occupancy_grid
[0.479s] -- Up-to-date symlink: /home/leyla/Desktop/ver_ws/install/navigation_tb3/share/navigation_tb3/launch/mapping.launch.py
[0.479s] -- Up-to-date symlink: /home/leyla/Desktop/ver_ws/install/navigation_tb3/share/navigation_tb3/launch/move_robot.py
[0.479s] -- Up-to-date symlink: /home/leyla/Desktop/ver_ws/install/navigation_tb3/share/navigation_tb3/launch/navigation.launch.py
[0.480s] -- Up-to-date symlink: /home/leyla/Desktop/ver_ws/install/navigation_tb3/share/navigation_tb3/config/cuarto.pgm
[0.480s] -- Up-to-date symlink: /home/leyla/Desktop/ver_ws/install/navigation_tb3/share/navigation_tb3/config/cuarto.yaml
[0.480s] -- Up-to-date symlink: /home/leyla/Desktop/ver_ws/install/navigation_tb3/share/navigation_tb3/config/map2.pgm
[0.480s] -- Up-to-date symlink: /home/leyla/Desktop/ver_ws/install/navigation_tb3/share/navigation_tb3/config/map2.yaml
[0.480s] -- Up-to-date symlink: /home/leyla/Desktop/ver_ws/install/navigation_tb3/share/navigation_tb3/config/mapCasa3.pgm
[0.480s] -- Up-to-date symlink: /home/leyla/Desktop/ver_ws/install/navigation_tb3/share/navigation_tb3/config/mapCasa3.yaml
[0.480s] -- Up-to-date symlink: /home/leyla/Desktop/ver_ws/install/navigation_tb3/share/navigation_tb3/config/mapping.rviz
[0.481s] -- Up-to-date symlink: /home/leyla/Desktop/ver_ws/install/navigation_tb3/share/navigation_tb3/config/mappingV2.rviz
[0.481s] -- Up-to-date symlink: /home/leyla/Desktop/ver_ws/install/navigation_tb3/share/navigation_tb3/config/navigation.rviz
[0.481s] -- Up-to-date symlink: /home/leyla/Desktop/ver_ws/install/navigation_tb3/share/navigation_tb3/config/pioneer.lua
[0.481s] -- Up-to-date symlink: /home/leyla/Desktop/ver_ws/install/navigation_tb3/share/navigation_tb3/config/rosbostito.lua
[0.481s] -- Up-to-date symlink: /home/leyla/Desktop/ver_ws/install/navigation_tb3/share/navigation_tb3/config/tb3_map.pgm
[0.481s] -- Up-to-date symlink: /home/leyla/Desktop/ver_ws/install/navigation_tb3/share/navigation_tb3/config/tb3_map.yaml
[0.481s] -- Up-to-date symlink: /home/leyla/Desktop/ver_ws/install/navigation_tb3/share/navigation_tb3/config/tb3_nav2_params.yaml
[0.481s] -- Up-to-date symlink: /home/leyla/Desktop/ver_ws/install/navigation_tb3/share/navigation_tb3/config/turtlebot3_lds_2d.lua
[0.481s] -- Up-to-date symlink: /home/leyla/Desktop/ver_ws/install/navigation_tb3/share/navigation_tb3/config/visualize.rviz
[0.481s] -- Up-to-date symlink: /home/leyla/Desktop/ver_ws/install/navigation_tb3/share/navigation_tb3/environment/pythonpath.sh
[0.482s] -- Up-to-date symlink: /home/leyla/Desktop/ver_ws/install/navigation_tb3/share/navigation_tb3/environment/pythonpath.dsv
[0.482s] -- Up-to-date symlink: /home/leyla/Desktop/ver_ws/install/navigation_tb3/local/lib/python3.10/dist-packages/navigation_tb3-0.0.0-py3.10.egg-info/PKG-INFO
[0.482s] -- Up-to-date symlink: /home/leyla/Desktop/ver_ws/install/navigation_tb3/local/lib/python3.10/dist-packages/navigation_tb3-0.0.0-py3.10.egg-info/SOURCES.txt
[0.482s] -- Up-to-date symlink: /home/leyla/Desktop/ver_ws/install/navigation_tb3/local/lib/python3.10/dist-packages/navigation_tb3-0.0.0-py3.10.egg-info/dependency_links.txt
[0.482s] -- Up-to-date symlink: /home/leyla/Desktop/ver_ws/install/navigation_tb3/local/lib/python3.10/dist-packages/navigation_tb3-0.0.0-py3.10.egg-info/top_level.txt
[0.483s] -- Up-to-date symlink: /home/leyla/Desktop/ver_ws/install/navigation_tb3/local/lib/python3.10/dist-packages/navigation_tb3/__init__.py
[0.483s] -- Up-to-date symlink: /home/leyla/Desktop/ver_ws/install/navigation_tb3/lib/navigation_tb3/single_goal_nav.py
[0.483s] -- Up-to-date symlink: /home/leyla/Desktop/ver_ws/install/navigation_tb3/lib/navigation_tb3/multi_waypoints.py
[0.483s] -- Up-to-date symlink: /home/leyla/Desktop/ver_ws/install/navigation_tb3/share/ament_index/resource_index/package_run_dependencies/navigation_tb3
[0.483s] -- Up-to-date symlink: /home/leyla/Desktop/ver_ws/install/navigation_tb3/share/ament_index/resource_index/parent_prefix_path/navigation_tb3
[0.483s] -- Up-to-date symlink: /home/leyla/Desktop/ver_ws/install/navigation_tb3/share/navigation_tb3/environment/ament_prefix_path.sh
[0.483s] -- Up-to-date symlink: /home/leyla/Desktop/ver_ws/install/navigation_tb3/share/navigation_tb3/environment/ament_prefix_path.dsv
[0.484s] -- Up-to-date symlink: /home/leyla/Desktop/ver_ws/install/navigation_tb3/share/navigation_tb3/environment/path.sh
[0.484s] -- Up-to-date symlink: /home/leyla/Desktop/ver_ws/install/navigation_tb3/share/navigation_tb3/environment/path.dsv
[0.484s] -- Up-to-date symlink: /home/leyla/Desktop/ver_ws/install/navigation_tb3/share/navigation_tb3/local_setup.bash
[0.484s] -- Up-to-date symlink: /home/leyla/Desktop/ver_ws/install/navigation_tb3/share/navigation_tb3/local_setup.sh
[0.484s] -- Up-to-date symlink: /home/leyla/Desktop/ver_ws/install/navigation_tb3/share/navigation_tb3/local_setup.zsh
[0.484s] -- Up-to-date symlink: /home/leyla/Desktop/ver_ws/install/navigation_tb3/share/navigation_tb3/local_setup.dsv
[0.484s] -- Up-to-date symlink: /home/leyla/Desktop/ver_ws/install/navigation_tb3/share/navigation_tb3/package.dsv
[0.484s] -- Up-to-date symlink: /home/leyla/Desktop/ver_ws/install/navigation_tb3/share/ament_index/resource_index/packages/navigation_tb3
[0.485s] -- Up-to-date symlink: /home/leyla/Desktop/ver_ws/install/navigation_tb3/share/navigation_tb3/cmake/navigation_tb3Config.cmake
[0.485s] -- Up-to-date symlink: /home/leyla/Desktop/ver_ws/install/navigation_tb3/share/navigation_tb3/cmake/navigation_tb3Config-version.cmake
[0.485s] -- Up-to-date symlink: /home/leyla/Desktop/ver_ws/install/navigation_tb3/share/navigation_tb3/package.xml
[0.512s] Listing '/home/leyla/Desktop/ver_ws/install/navigation_tb3/local/lib/python3.10/dist-packages/navigation_tb3'...
[0.519s] Invoked command in '/home/leyla/Documents/ejercicio2_ws/build/navigation_tb3' returned '0': CMAKE_PREFIX_PATH=${CMAKE_PREFIX_PATH}:/home/leyla/Documents/ejercicio1_ws/install/visual_pubsub:/home/leyla/Documents/ejercicio2_ws/install/robot_nav:/home/leyla/Documents/ejercicio2_ws/install/control_py:/home/leyla/Documents/PARCIAL2_ws/install/visual_pubsub:/home/leyla/Documents/p2_ws/install/ej1_pkg:/home/leyla/Documents/p2_ws/install/visual_pubsub:/home/leyla/Desktop/2_parcialws/install/visual_pubsub:/home/leyla/Desktop/2_parcialws/install/ejercicio1_pkg:/home/leyla/Desktop/parcial2_ws/install/control_py:/home/leyla/Desktop/ver_ws/install/robot_nav:/home/leyla/turtlebot3_ws/install/turtlebot3_teleop:/home/leyla/turtlebot3_ws/install/turtlebot3_example:/opt/ros/humble /usr/bin/cmake --install /home/leyla/Documents/ejercicio2_ws/build/navigation_tb3
