running egg_info
creating ../../build/visual_pubsub/visual_pubsub.egg-info
writing ../../build/visual_pubsub/visual_pubsub.egg-info/PKG-INFO
writing dependency_links to ../../build/visual_pubsub/visual_pubsub.egg-info/dependency_links.txt
writing entry points to ../../build/visual_pubsub/visual_pubsub.egg-info/entry_points.txt
writing requirements to ../../build/visual_pubsub/visual_pubsub.egg-info/requires.txt
writing top-level names to ../../build/visual_pubsub/visual_pubsub.egg-info/top_level.txt
writing manifest file '../../build/visual_pubsub/visual_pubsub.egg-info/SOURCES.txt'
reading manifest file '../../build/visual_pubsub/visual_pubsub.egg-info/SOURCES.txt'
adding license file 'LICENSE'
writing manifest file '../../build/visual_pubsub/visual_pubsub.egg-info/SOURCES.txt'
running build
running build_py
creating /home/leyla/Documents/ejercicio1_ws/build/visual_pubsub/build
creating /home/leyla/Documents/ejercicio1_ws/build/visual_pubsub/build/lib
creating /home/leyla/Documents/ejercicio1_ws/build/visual_pubsub/build/lib/visual_pubsub
copying visual_pubsub/__init__.py -> /home/leyla/Documents/ejercicio1_ws/build/visual_pubsub/build/lib/visual_pubsub
copying visual_pubsub/inverse_kinematics.py -> /home/leyla/Documents/ejercicio1_ws/build/visual_pubsub/build/lib/visual_pubsub
copying visual_pubsub/pub_joints.py -> /home/leyla/Documents/ejercicio1_ws/build/visual_pubsub/build/lib/visual_pubsub
copying visual_pubsub/sub_joints.py -> /home/leyla/Documents/ejercicio1_ws/build/visual_pubsub/build/lib/visual_pubsub
running install
running install_lib
creating /home/leyla/Documents/ejercicio1_ws/install/visual_pubsub/lib/python3.10/site-packages/visual_pubsub
copying /home/leyla/Documents/ejercicio1_ws/build/visual_pubsub/build/lib/visual_pubsub/__init__.py -> /home/leyla/Documents/ejercicio1_ws/install/visual_pubsub/lib/python3.10/site-packages/visual_pubsub
copying /home/leyla/Documents/ejercicio1_ws/build/visual_pubsub/build/lib/visual_pubsub/inverse_kinematics.py -> /home/leyla/Documents/ejercicio1_ws/install/visual_pubsub/lib/python3.10/site-packages/visual_pubsub
copying /home/leyla/Documents/ejercicio1_ws/build/visual_pubsub/build/lib/visual_pubsub/pub_joints.py -> /home/leyla/Documents/ejercicio1_ws/install/visual_pubsub/lib/python3.10/site-packages/visual_pubsub
copying /home/leyla/Documents/ejercicio1_ws/build/visual_pubsub/build/lib/visual_pubsub/sub_joints.py -> /home/leyla/Documents/ejercicio1_ws/install/visual_pubsub/lib/python3.10/site-packages/visual_pubsub
byte-compiling /home/leyla/Documents/ejercicio1_ws/install/visual_pubsub/lib/python3.10/site-packages/visual_pubsub/__init__.py to __init__.cpython-310.pyc
byte-compiling /home/leyla/Documents/ejercicio1_ws/install/visual_pubsub/lib/python3.10/site-packages/visual_pubsub/inverse_kinematics.py to inverse_kinematics.cpython-310.pyc
byte-compiling /home/leyla/Documents/ejercicio1_ws/install/visual_pubsub/lib/python3.10/site-packages/visual_pubsub/pub_joints.py to pub_joints.cpython-310.pyc
byte-compiling /home/leyla/Documents/ejercicio1_ws/install/visual_pubsub/lib/python3.10/site-packages/visual_pubsub/sub_joints.py to sub_joints.cpython-310.pyc
running install_data
creating /home/leyla/Documents/ejercicio1_ws/install/visual_pubsub/share/ament_index
creating /home/leyla/Documents/ejercicio1_ws/install/visual_pubsub/share/ament_index/resource_index
creating /home/leyla/Documents/ejercicio1_ws/install/visual_pubsub/share/ament_index/resource_index/packages
copying resource/visual_pubsub -> /home/leyla/Documents/ejercicio1_ws/install/visual_pubsub/share/ament_index/resource_index/packages
copying package.xml -> /home/leyla/Documents/ejercicio1_ws/install/visual_pubsub/share/visual_pubsub
running install_egg_info
Copying ../../build/visual_pubsub/visual_pubsub.egg-info to /home/leyla/Documents/ejercicio1_ws/install/visual_pubsub/lib/python3.10/site-packages/visual_pubsub-0.0.0-py3.10.egg-info
running install_scripts
Installing c_dir script to /home/leyla/Documents/ejercicio1_ws/install/visual_pubsub/lib/visual_pubsub
Installing c_inv script to /home/leyla/Documents/ejercicio1_ws/install/visual_pubsub/lib/visual_pubsub
writing list of installed files to '/home/leyla/Documents/ejercicio1_ws/build/visual_pubsub/install.log'
