[0.409s] Invoking command in '/home/leyla/Documents/ejercicio1_ws/src/visual_pubsub': PYTHONPATH=/home/leyla/Documents/ejercicio1_ws/build/visual_pubsub/prefix_override:/usr/lib/python3/dist-packages/colcon_core/task/python/colcon_distutils_commands:/home/leyla/Documents/ejercicio1_ws/install/visual_pubsub/lib/python3.10/site-packages:${PYTHONPATH} /usr/bin/python3 -W ignore:setup.py install is deprecated -W ignore:easy_install command is deprecated setup.py egg_info --egg-base ../../build/visual_pubsub build --build-base /home/leyla/Documents/ejercicio1_ws/build/visual_pubsub/build install --record /home/leyla/Documents/ejercicio1_ws/build/visual_pubsub/install.log --single-version-externally-managed install_data
[0.564s] running egg_info
[0.564s] creating ../../build/visual_pubsub/visual_pubsub.egg-info
[0.564s] writing ../../build/visual_pubsub/visual_pubsub.egg-info/PKG-INFO
[0.565s] writing dependency_links to ../../build/visual_pubsub/visual_pubsub.egg-info/dependency_links.txt
[0.565s] writing entry points to ../../build/visual_pubsub/visual_pubsub.egg-info/entry_points.txt
[0.565s] writing requirements to ../../build/visual_pubsub/visual_pubsub.egg-info/requires.txt
[0.565s] writing top-level names to ../../build/visual_pubsub/visual_pubsub.egg-info/top_level.txt
[0.565s] writing manifest file '../../build/visual_pubsub/visual_pubsub.egg-info/SOURCES.txt'
[0.566s] reading manifest file '../../build/visual_pubsub/visual_pubsub.egg-info/SOURCES.txt'
[0.566s] adding license file 'LICENSE'
[0.566s] writing manifest file '../../build/visual_pubsub/visual_pubsub.egg-info/SOURCES.txt'
[0.566s] running build
[0.566s] running build_py
[0.566s] creating /home/leyla/Documents/ejercicio1_ws/build/visual_pubsub/build
[0.566s] creating /home/leyla/Documents/ejercicio1_ws/build/visual_pubsub/build/lib
[0.566s] creating /home/leyla/Documents/ejercicio1_ws/build/visual_pubsub/build/lib/visual_pubsub
[0.566s] copying visual_pubsub/__init__.py -> /home/leyla/Documents/ejercicio1_ws/build/visual_pubsub/build/lib/visual_pubsub
[0.567s] copying visual_pubsub/inverse_kinematics.py -> /home/leyla/Documents/ejercicio1_ws/build/visual_pubsub/build/lib/visual_pubsub
[0.567s] copying visual_pubsub/pub_joints.py -> /home/leyla/Documents/ejercicio1_ws/build/visual_pubsub/build/lib/visual_pubsub
[0.567s] copying visual_pubsub/sub_joints.py -> /home/leyla/Documents/ejercicio1_ws/build/visual_pubsub/build/lib/visual_pubsub
[0.567s] running install
[0.567s] running install_lib
[0.568s] creating /home/leyla/Documents/ejercicio1_ws/install/visual_pubsub/lib/python3.10/site-packages/visual_pubsub
[0.568s] copying /home/leyla/Documents/ejercicio1_ws/build/visual_pubsub/build/lib/visual_pubsub/__init__.py -> /home/leyla/Documents/ejercicio1_ws/install/visual_pubsub/lib/python3.10/site-packages/visual_pubsub
[0.568s] copying /home/leyla/Documents/ejercicio1_ws/build/visual_pubsub/build/lib/visual_pubsub/inverse_kinematics.py -> /home/leyla/Documents/ejercicio1_ws/install/visual_pubsub/lib/python3.10/site-packages/visual_pubsub
[0.568s] copying /home/leyla/Documents/ejercicio1_ws/build/visual_pubsub/build/lib/visual_pubsub/pub_joints.py -> /home/leyla/Documents/ejercicio1_ws/install/visual_pubsub/lib/python3.10/site-packages/visual_pubsub
[0.568s] copying /home/leyla/Documents/ejercicio1_ws/build/visual_pubsub/build/lib/visual_pubsub/sub_joints.py -> /home/leyla/Documents/ejercicio1_ws/install/visual_pubsub/lib/python3.10/site-packages/visual_pubsub
[0.568s] byte-compiling /home/leyla/Documents/ejercicio1_ws/install/visual_pubsub/lib/python3.10/site-packages/visual_pubsub/__init__.py to __init__.cpython-310.pyc
[0.568s] byte-compiling /home/leyla/Documents/ejercicio1_ws/install/visual_pubsub/lib/python3.10/site-packages/visual_pubsub/inverse_kinematics.py to inverse_kinematics.cpython-310.pyc
[0.569s] byte-compiling /home/leyla/Documents/ejercicio1_ws/install/visual_pubsub/lib/python3.10/site-packages/visual_pubsub/pub_joints.py to pub_joints.cpython-310.pyc
[0.569s] byte-compiling /home/leyla/Documents/ejercicio1_ws/install/visual_pubsub/lib/python3.10/site-packages/visual_pubsub/sub_joints.py to sub_joints.cpython-310.pyc
[0.569s] running install_data
[0.569s] creating /home/leyla/Documents/ejercicio1_ws/install/visual_pubsub/share/ament_index
[0.570s] creating /home/leyla/Documents/ejercicio1_ws/install/visual_pubsub/share/ament_index/resource_index
[0.570s] creating /home/leyla/Documents/ejercicio1_ws/install/visual_pubsub/share/ament_index/resource_index/packages
[0.570s] copying resource/visual_pubsub -> /home/leyla/Documents/ejercicio1_ws/install/visual_pubsub/share/ament_index/resource_index/packages
[0.570s] copying package.xml -> /home/leyla/Documents/ejercicio1_ws/install/visual_pubsub/share/visual_pubsub
[0.570s] running install_egg_info
[0.571s] Copying ../../build/visual_pubsub/visual_pubsub.egg-info to /home/leyla/Documents/ejercicio1_ws/install/visual_pubsub/lib/python3.10/site-packages/visual_pubsub-0.0.0-py3.10.egg-info
[0.571s] running install_scripts
[0.585s] Installing c_dir script to /home/leyla/Documents/ejercicio1_ws/install/visual_pubsub/lib/visual_pubsub
[0.585s] Installing c_inv script to /home/leyla/Documents/ejercicio1_ws/install/visual_pubsub/lib/visual_pubsub
[0.585s] writing list of installed files to '/home/leyla/Documents/ejercicio1_ws/build/visual_pubsub/install.log'
[0.600s] Invoked command in '/home/leyla/Documents/ejercicio1_ws/src/visual_pubsub' returned '0': PYTHONPATH=/home/leyla/Documents/ejercicio1_ws/build/visual_pubsub/prefix_override:/usr/lib/python3/dist-packages/colcon_core/task/python/colcon_distutils_commands:/home/leyla/Documents/ejercicio1_ws/install/visual_pubsub/lib/python3.10/site-packages:${PYTHONPATH} /usr/bin/python3 -W ignore:setup.py install is deprecated -W ignore:easy_install command is deprecated setup.py egg_info --egg-base ../../build/visual_pubsub build --build-base /home/leyla/Documents/ejercicio1_ws/build/visual_pubsub/build install --record /home/leyla/Documents/ejercicio1_ws/build/visual_pubsub/install.log --single-version-externally-managed install_data
