[0.008s] Invoking command in '/home/leyla/Desktop/ver_ws/build/cartographer_rviz': CMAKE_PREFIX_PATH=/home/leyla/Desktop/ver_ws/install/cartographer_ros:/home/leyla/Desktop/ver_ws/install/cartographer_ros_msgs:/home/leyla/Desktop/ver_ws/install/stage_ros2:/home/leyla/Desktop/ver_ws/install/navigation_tb3:/home/leyla/Desktop/ver_ws/install/cartographer_rviz:/home/leyla/Desktop/ver_ws/install/Stage:/home/leyla/turtlebot3_ws/install/turtlebot3:/home/leyla/turtlebot3_ws/install/turtlebot3_bringup:/home/leyla/turtlebot3_ws/install/turtlebot3_node:/home/leyla/turtlebot3_ws/install/turtlebot3_navigation2:/home/leyla/turtlebot3_ws/install/turtlebot3_msgs:/home/leyla/turtlebot3_ws/install/turtlebot3_description:/home/leyla/turtlebot3_ws/install/turtlebot3_cartographer:/home/leyla/turtlebot3_ws/install/dynamixel_sdk_examples:/home/leyla/turtlebot3_ws/install/dynamixel_sdk_custom_interfaces:/home/leyla/turtlebot3_ws/install/dynamixel_sdk:/home/leyla/Desktop/ver_ws/install/robot_nav:/home/leyla/turtlebot3_ws/install/turtlebot3_teleop:/home/leyla/turtlebot3_ws/install/turtlebot3_example:/opt/ros/humble LD_LIBRARY_PATH=/home/leyla/Desktop/ver_ws/install/cartographer_ros_msgs/lib:/home/leyla/Desktop/ver_ws/install/stage_ros2/lib:/home/leyla/Desktop/ver_ws/install/cartographer_rviz/lib:/home/leyla/Desktop/ver_ws/install/cartographer_ros/lib:/home/leyla/Desktop/ver_ws/install/Stage/lib:/home/leyla/turtlebot3_ws/install/turtlebot3_msgs/lib:/home/leyla/turtlebot3_ws/install/dynamixel_sdk_custom_interfaces/lib:/home/leyla/turtlebot3_ws/install/dynamixel_sdk/lib:/usr/lib/x86_64-linux-gnu/gazebo-11/plugins:/opt/ros/humble/opt/rviz_ogre_vendor/lib:/opt/ros/humble/lib/x86_64-linux-gnu:/opt/ros/humble/lib:/usr/lib/x86_64-linux-gnu/gazebo-11/plugins /usr/bin/cmake --build /home/leyla/Desktop/ver_ws/build/cartographer_rviz -- -j20 -l20
[0.039s] [ 16%] [34m[1mAutomatic MOC for target cartographer_rviz[0m
[0.041s] [ 16%] Built target cartographer_rviz_detect_changes
[0.054s] [ 16%] Built target cartographer_rviz_autogen
[0.083s] [100%] Built target cartographer_rviz
[0.090s] Invoked command in '/home/leyla/Desktop/ver_ws/build/cartographer_rviz' returned '0': CMAKE_PREFIX_PATH=/home/leyla/Desktop/ver_ws/install/cartographer_ros:/home/leyla/Desktop/ver_ws/install/cartographer_ros_msgs:/home/leyla/Desktop/ver_ws/install/stage_ros2:/home/leyla/Desktop/ver_ws/install/navigation_tb3:/home/leyla/Desktop/ver_ws/install/cartographer_rviz:/home/leyla/Desktop/ver_ws/install/Stage:/home/leyla/turtlebot3_ws/install/turtlebot3:/home/leyla/turtlebot3_ws/install/turtlebot3_bringup:/home/leyla/turtlebot3_ws/install/turtlebot3_node:/home/leyla/turtlebot3_ws/install/turtlebot3_navigation2:/home/leyla/turtlebot3_ws/install/turtlebot3_msgs:/home/leyla/turtlebot3_ws/install/turtlebot3_description:/home/leyla/turtlebot3_ws/install/turtlebot3_cartographer:/home/leyla/turtlebot3_ws/install/dynamixel_sdk_examples:/home/leyla/turtlebot3_ws/install/dynamixel_sdk_custom_interfaces:/home/leyla/turtlebot3_ws/install/dynamixel_sdk:/home/leyla/Desktop/ver_ws/install/robot_nav:/home/leyla/turtlebot3_ws/install/turtlebot3_teleop:/home/leyla/turtlebot3_ws/install/turtlebot3_example:/opt/ros/humble LD_LIBRARY_PATH=/home/leyla/Desktop/ver_ws/install/cartographer_ros_msgs/lib:/home/leyla/Desktop/ver_ws/install/stage_ros2/lib:/home/leyla/Desktop/ver_ws/install/cartographer_rviz/lib:/home/leyla/Desktop/ver_ws/install/cartographer_ros/lib:/home/leyla/Desktop/ver_ws/install/Stage/lib:/home/leyla/turtlebot3_ws/install/turtlebot3_msgs/lib:/home/leyla/turtlebot3_ws/install/dynamixel_sdk_custom_interfaces/lib:/home/leyla/turtlebot3_ws/install/dynamixel_sdk/lib:/usr/lib/x86_64-linux-gnu/gazebo-11/plugins:/opt/ros/humble/opt/rviz_ogre_vendor/lib:/opt/ros/humble/lib/x86_64-linux-gnu:/opt/ros/humble/lib:/usr/lib/x86_64-linux-gnu/gazebo-11/plugins /usr/bin/cmake --build /home/leyla/Desktop/ver_ws/build/cartographer_rviz -- -j20 -l20
[0.091s] Invoking command in '/home/leyla/Desktop/ver_ws/build/cartographer_rviz': CMAKE_PREFIX_PATH=/home/leyla/Desktop/ver_ws/install/cartographer_ros:/home/leyla/Desktop/ver_ws/install/cartographer_ros_msgs:/home/leyla/Desktop/ver_ws/install/stage_ros2:/home/leyla/Desktop/ver_ws/install/navigation_tb3:/home/leyla/Desktop/ver_ws/install/cartographer_rviz:/home/leyla/Desktop/ver_ws/install/Stage:/home/leyla/turtlebot3_ws/install/turtlebot3:/home/leyla/turtlebot3_ws/install/turtlebot3_bringup:/home/leyla/turtlebot3_ws/install/turtlebot3_node:/home/leyla/turtlebot3_ws/install/turtlebot3_navigation2:/home/leyla/turtlebot3_ws/install/turtlebot3_msgs:/home/leyla/turtlebot3_ws/install/turtlebot3_description:/home/leyla/turtlebot3_ws/install/turtlebot3_cartographer:/home/leyla/turtlebot3_ws/install/dynamixel_sdk_examples:/home/leyla/turtlebot3_ws/install/dynamixel_sdk_custom_interfaces:/home/leyla/turtlebot3_ws/install/dynamixel_sdk:/home/leyla/Desktop/ver_ws/install/robot_nav:/home/leyla/turtlebot3_ws/install/turtlebot3_teleop:/home/leyla/turtlebot3_ws/install/turtlebot3_example:/opt/ros/humble LD_LIBRARY_PATH=/home/leyla/Desktop/ver_ws/install/cartographer_ros_msgs/lib:/home/leyla/Desktop/ver_ws/install/stage_ros2/lib:/home/leyla/Desktop/ver_ws/install/cartographer_rviz/lib:/home/leyla/Desktop/ver_ws/install/cartographer_ros/lib:/home/leyla/Desktop/ver_ws/install/Stage/lib:/home/leyla/turtlebot3_ws/install/turtlebot3_msgs/lib:/home/leyla/turtlebot3_ws/install/dynamixel_sdk_custom_interfaces/lib:/home/leyla/turtlebot3_ws/install/dynamixel_sdk/lib:/usr/lib/x86_64-linux-gnu/gazebo-11/plugins:/opt/ros/humble/opt/rviz_ogre_vendor/lib:/opt/ros/humble/lib/x86_64-linux-gnu:/opt/ros/humble/lib:/usr/lib/x86_64-linux-gnu/gazebo-11/plugins /usr/bin/cmake --install /home/leyla/Desktop/ver_ws/build/cartographer_rviz
[0.095s] -- Install configuration: "Release"
[0.095s] -- Execute custom install script
[0.095s] -- Up-to-date symlink: /home/leyla/Desktop/ver_ws/install/cartographer_rviz/share/cartographer_rviz//rviz_plugin_description.xml
[0.095s] -- Up-to-date symlink: /home/leyla/Desktop/ver_ws/install/cartographer_rviz/include//cartographer_rviz/drawable_submap.h
[0.096s] -- Up-to-date symlink: /home/leyla/Desktop/ver_ws/install/cartographer_rviz/include//cartographer_rviz/ogre_slice.h
[0.096s] -- Up-to-date symlink: /home/leyla/Desktop/ver_ws/install/cartographer_rviz/include//cartographer_rviz/submaps_display.h
[0.096s] -- Up-to-date symlink: /home/leyla/Desktop/ver_ws/install/cartographer_rviz/share/cartographer_rviz/environment/library_path.sh
[0.096s] -- Up-to-date symlink: /home/leyla/Desktop/ver_ws/install/cartographer_rviz/share/cartographer_rviz/environment/library_path.dsv
[0.096s] -- Up-to-date symlink: /home/leyla/Desktop/ver_ws/install/cartographer_rviz/share/ament_index/resource_index/package_run_dependencies/cartographer_rviz
[0.096s] -- Up-to-date symlink: /home/leyla/Desktop/ver_ws/install/cartographer_rviz/share/ament_index/resource_index/parent_prefix_path/cartographer_rviz
[0.096s] -- Up-to-date symlink: /home/leyla/Desktop/ver_ws/install/cartographer_rviz/share/cartographer_rviz/environment/ament_prefix_path.sh
[0.096s] -- Up-to-date symlink: /home/leyla/Desktop/ver_ws/install/cartographer_rviz/share/cartographer_rviz/environment/ament_prefix_path.dsv
[0.096s] -- Up-to-date symlink: /home/leyla/Desktop/ver_ws/install/cartographer_rviz/share/cartographer_rviz/environment/path.sh
[0.096s] -- Up-to-date symlink: /home/leyla/Desktop/ver_ws/install/cartographer_rviz/share/cartographer_rviz/environment/path.dsv
[0.096s] -- Up-to-date symlink: /home/leyla/Desktop/ver_ws/install/cartographer_rviz/share/cartographer_rviz/local_setup.bash
[0.096s] -- Up-to-date symlink: /home/leyla/Desktop/ver_ws/install/cartographer_rviz/share/cartographer_rviz/local_setup.sh
[0.096s] -- Up-to-date symlink: /home/leyla/Desktop/ver_ws/install/cartographer_rviz/share/cartographer_rviz/local_setup.zsh
[0.096s] -- Up-to-date symlink: /home/leyla/Desktop/ver_ws/install/cartographer_rviz/share/cartographer_rviz/local_setup.dsv
[0.096s] -- Symlinking: /home/leyla/Desktop/ver_ws/install/cartographer_rviz/share/cartographer_rviz/package.dsv
[0.101s] -- Up-to-date symlink: /home/leyla/Desktop/ver_ws/install/cartographer_rviz/share/ament_index/resource_index/packages/cartographer_rviz
[0.102s] -- Up-to-date symlink: /home/leyla/Desktop/ver_ws/install/cartographer_rviz/share/ament_index/resource_index/rviz_common__pluginlib__plugin/cartographer_rviz
[0.102s] -- Up-to-date symlink: /home/leyla/Desktop/ver_ws/install/cartographer_rviz/share/ament_index/resource_index/rviz_ogre_media_exports/cartographer_rviz
[0.102s] -- Up-to-date symlink: /home/leyla/Desktop/ver_ws/install/cartographer_rviz/share/cartographer_rviz/cmake/ament_cmake_export_include_directories-extras.cmake
[0.102s] -- Up-to-date symlink: /home/leyla/Desktop/ver_ws/install/cartographer_rviz/share/cartographer_rviz/cmake/ament_cmake_export_targets-extras.cmake
[0.102s] -- Up-to-date symlink: /home/leyla/Desktop/ver_ws/install/cartographer_rviz/share/cartographer_rviz/cmake/ament_cmake_export_dependencies-extras.cmake
[0.102s] -- Up-to-date symlink: /home/leyla/Desktop/ver_ws/install/cartographer_rviz/share/cartographer_rviz/cmake/cartographer_rvizConfig.cmake
[0.102s] -- Up-to-date symlink: /home/leyla/Desktop/ver_ws/install/cartographer_rviz/share/cartographer_rviz/cmake/cartographer_rvizConfig-version.cmake
[0.102s] -- Up-to-date symlink: /home/leyla/Desktop/ver_ws/install/cartographer_rviz/share/cartographer_rviz/package.xml
[0.102s] -- Up-to-date: /home/leyla/Desktop/ver_ws/install/cartographer_rviz/lib/libcartographer_rviz.so
[0.102s] -- Up-to-date: /home/leyla/Desktop/ver_ws/install/cartographer_rviz/share/cartographer_rviz/ogre_media/materials/glsl120
[0.102s] -- Up-to-date: /home/leyla/Desktop/ver_ws/install/cartographer_rviz/share/cartographer_rviz/ogre_media/materials/glsl120/submap.vert
[0.102s] -- Up-to-date: /home/leyla/Desktop/ver_ws/install/cartographer_rviz/share/cartographer_rviz/ogre_media/materials/glsl120/submap.frag
[0.102s] -- Up-to-date: /home/leyla/Desktop/ver_ws/install/cartographer_rviz/share/cartographer_rviz/ogre_media/materials/glsl120/glsl120.program
[0.102s] -- Up-to-date: /home/leyla/Desktop/ver_ws/install/cartographer_rviz/share/cartographer_rviz/ogre_media/materials/scripts
[0.102s] -- Up-to-date: /home/leyla/Desktop/ver_ws/install/cartographer_rviz/share/cartographer_rviz/ogre_media/materials/scripts/submap.material
[0.102s] -- Up-to-date: /home/leyla/Desktop/ver_ws/install/cartographer_rviz/share/cartographer_rviz/cmake/cartographer_rvizExport.cmake
[0.102s] -- Up-to-date: /home/leyla/Desktop/ver_ws/install/cartographer_rviz/share/cartographer_rviz/cmake/cartographer_rvizExport-release.cmake
[0.103s] Invoked command in '/home/leyla/Desktop/ver_ws/build/cartographer_rviz' returned '0': CMAKE_PREFIX_PATH=/home/leyla/Desktop/ver_ws/install/cartographer_ros:/home/leyla/Desktop/ver_ws/install/cartographer_ros_msgs:/home/leyla/Desktop/ver_ws/install/stage_ros2:/home/leyla/Desktop/ver_ws/install/navigation_tb3:/home/leyla/Desktop/ver_ws/install/cartographer_rviz:/home/leyla/Desktop/ver_ws/install/Stage:/home/leyla/turtlebot3_ws/install/turtlebot3:/home/leyla/turtlebot3_ws/install/turtlebot3_bringup:/home/leyla/turtlebot3_ws/install/turtlebot3_node:/home/leyla/turtlebot3_ws/install/turtlebot3_navigation2:/home/leyla/turtlebot3_ws/install/turtlebot3_msgs:/home/leyla/turtlebot3_ws/install/turtlebot3_description:/home/leyla/turtlebot3_ws/install/turtlebot3_cartographer:/home/leyla/turtlebot3_ws/install/dynamixel_sdk_examples:/home/leyla/turtlebot3_ws/install/dynamixel_sdk_custom_interfaces:/home/leyla/turtlebot3_ws/install/dynamixel_sdk:/home/leyla/Desktop/ver_ws/install/robot_nav:/home/leyla/turtlebot3_ws/install/turtlebot3_teleop:/home/leyla/turtlebot3_ws/install/turtlebot3_example:/opt/ros/humble LD_LIBRARY_PATH=/home/leyla/Desktop/ver_ws/install/cartographer_ros_msgs/lib:/home/leyla/Desktop/ver_ws/install/stage_ros2/lib:/home/leyla/Desktop/ver_ws/install/cartographer_rviz/lib:/home/leyla/Desktop/ver_ws/install/cartographer_ros/lib:/home/leyla/Desktop/ver_ws/install/Stage/lib:/home/leyla/turtlebot3_ws/install/turtlebot3_msgs/lib:/home/leyla/turtlebot3_ws/install/dynamixel_sdk_custom_interfaces/lib:/home/leyla/turtlebot3_ws/install/dynamixel_sdk/lib:/usr/lib/x86_64-linux-gnu/gazebo-11/plugins:/opt/ros/humble/opt/rviz_ogre_vendor/lib:/opt/ros/humble/lib/x86_64-linux-gnu:/opt/ros/humble/lib:/usr/lib/x86_64-linux-gnu/gazebo-11/plugins /usr/bin/cmake --install /home/leyla/Desktop/ver_ws/build/cartographer_rviz
