[0.419s] Invoking command in '/home/leyla/Documents/ejercicio1_ws/src/visual_pubsub': PYTHONPATH=/home/leyla/Documents/ejercicio1_ws/build/visual_pubsub/prefix_override:/usr/lib/python3/dist-packages/colcon_core/task/python/colcon_distutils_commands:/home/leyla/Documents/ejercicio1_ws/install/visual_pubsub/lib/python3.10/site-packages:${PYTHONPATH} /usr/bin/python3 -W ignore:setup.py install is deprecated -W ignore:easy_install command is deprecated setup.py egg_info --egg-base ../../build/visual_pubsub build --build-base /home/leyla/Documents/ejercicio1_ws/build/visual_pubsub/build install --record /home/leyla/Documents/ejercicio1_ws/build/visual_pubsub/install.log --single-version-externally-managed install_data
[0.572s] running egg_info
[0.573s] writing ../../build/visual_pubsub/visual_pubsub.egg-info/PKG-INFO
[0.573s] writing dependency_links to ../../build/visual_pubsub/visual_pubsub.egg-info/dependency_links.txt
[0.573s] writing entry points to ../../build/visual_pubsub/visual_pubsub.egg-info/entry_points.txt
[0.573s] writing requirements to ../../build/visual_pubsub/visual_pubsub.egg-info/requires.txt
[0.573s] writing top-level names to ../../build/visual_pubsub/visual_pubsub.egg-info/top_level.txt
[0.574s] reading manifest file '../../build/visual_pubsub/visual_pubsub.egg-info/SOURCES.txt'
[0.582s] adding license file 'LICENSE'
[0.583s] writing manifest file '../../build/visual_pubsub/visual_pubsub.egg-info/SOURCES.txt'
[0.583s] running build
[0.583s] running build_py
[0.584s] running install
[0.584s] running install_lib
[0.585s] running install_data
[0.585s] running install_egg_info
[0.586s] removing '/home/leyla/Documents/ejercicio1_ws/install/visual_pubsub/lib/python3.10/site-packages/visual_pubsub-0.0.0-py3.10.egg-info' (and everything under it)
[0.586s] Copying ../../build/visual_pubsub/visual_pubsub.egg-info to /home/leyla/Documents/ejercicio1_ws/install/visual_pubsub/lib/python3.10/site-packages/visual_pubsub-0.0.0-py3.10.egg-info
[0.586s] running install_scripts
[0.600s] Installing c_dir script to /home/leyla/Documents/ejercicio1_ws/install/visual_pubsub/lib/visual_pubsub
[0.600s] Installing c_inv script to /home/leyla/Documents/ejercicio1_ws/install/visual_pubsub/lib/visual_pubsub
[0.600s] writing list of installed files to '/home/leyla/Documents/ejercicio1_ws/build/visual_pubsub/install.log'
[0.614s] Invoked command in '/home/leyla/Documents/ejercicio1_ws/src/visual_pubsub' returned '0': PYTHONPATH=/home/leyla/Documents/ejercicio1_ws/build/visual_pubsub/prefix_override:/usr/lib/python3/dist-packages/colcon_core/task/python/colcon_distutils_commands:/home/leyla/Documents/ejercicio1_ws/install/visual_pubsub/lib/python3.10/site-packages:${PYTHONPATH} /usr/bin/python3 -W ignore:setup.py install is deprecated -W ignore:easy_install command is deprecated setup.py egg_info --egg-base ../../build/visual_pubsub build --build-base /home/leyla/Documents/ejercicio1_ws/build/visual_pubsub/build install --record /home/leyla/Documents/ejercicio1_ws/build/visual_pubsub/install.log --single-version-externally-managed install_data
