[0.010s] Invoking command in '/home/leyla/Desktop/ver_ws/build/navigation_tb3': CMAKE_PREFIX_PATH=${CMAKE_PREFIX_PATH}:/home/leyla/Desktop/inge_ws/install/py_examples:/home/leyla/turtlebot3_ws/install/turtlebot3_teleop:/home/leyla/turtlebot3_ws/install/turtlebot3_example:/opt/ros/humble /usr/bin/cmake /home/leyla/Desktop/ver_ws/src/navigation_tb3 -DAMENT_CMAKE_SYMLINK_INSTALL=1 -DCMAKE_INSTALL_PREFIX=/home/leyla/Desktop/ver_ws/install/navigation_tb3
[0.069s] -- The C compiler identification is GNU 11.4.0
[0.112s] -- The CXX compiler identification is GNU 11.4.0
[0.117s] -- Detecting C compiler ABI info
[0.169s] -- Detecting C compiler ABI info - done
[0.174s] -- Check for working C compiler: /usr/bin/cc - skipped
[0.174s] -- Detecting C compile features
[0.174s] -- Detecting C compile features - done
[0.176s] -- Detecting CXX compiler ABI info
[0.241s] -- Detecting CXX compiler ABI info - done
[0.249s] -- Check for working CXX compiler: /usr/bin/c++ - skipped
[0.249s] -- Detecting CXX compile features
[0.250s] -- Detecting CXX compile features - done
[0.252s] -- Found ament_cmake: 1.3.11 (/opt/ros/humble/share/ament_cmake/cmake)
[0.372s] -- Found Python3: /usr/bin/python3 (found version "3.10.12") found components: Interpreter 
[0.416s] -- Override CMake install command with custom implementation using symlinks instead of copying resources
[0.442s] -- Found rclcpp: 16.0.12 (/opt/ros/humble/share/rclcpp/cmake)
[0.475s] -- Found rosidl_generator_c: 3.1.6 (/opt/ros/humble/share/rosidl_generator_c/cmake)
[0.479s] -- Found rosidl_adapter: 3.1.6 (/opt/ros/humble/share/rosidl_adapter/cmake)
[0.485s] -- Found rosidl_generator_cpp: 3.1.6 (/opt/ros/humble/share/rosidl_generator_cpp/cmake)
[0.494s] -- Using all available rosidl_typesupport_c: rosidl_typesupport_fastrtps_c;rosidl_typesupport_introspection_c
[0.506s] -- Using all available rosidl_typesupport_cpp: rosidl_typesupport_fastrtps_cpp;rosidl_typesupport_introspection_cpp
[0.545s] -- Found rmw_implementation_cmake: 6.1.2 (/opt/ros/humble/share/rmw_implementation_cmake/cmake)
[0.548s] -- Found rmw_fastrtps_cpp: 6.2.7 (/opt/ros/humble/share/rmw_fastrtps_cpp/cmake)
[0.624s] -- Found OpenSSL: /usr/lib/x86_64-linux-gnu/libcrypto.so (found version "3.0.2")  
[0.645s] -- Found FastRTPS: /opt/ros/humble/include  
[0.682s] -- Using RMW implementation 'rmw_fastrtps_cpp' as default
[0.694s] -- Looking for pthread.h
[0.752s] -- Looking for pthread.h - found
[0.753s] -- Performing Test CMAKE_HAVE_LIBC_PTHREAD
[0.807s] -- Performing Test CMAKE_HAVE_LIBC_PTHREAD - Success
[0.808s] -- Found Threads: TRUE  
[0.918s] -- Found nav_msgs: 4.8.0 (/opt/ros/humble/share/nav_msgs/cmake)
[0.997s] -- Found rclpy: 3.3.16 (/opt/ros/humble/share/rclpy/cmake)
[1.315s] -- Configuring done
[1.339s] -- Generating done
[1.353s] -- Build files have been written to: /home/leyla/Desktop/ver_ws/build/navigation_tb3
[1.388s] Invoked command in '/home/leyla/Desktop/ver_ws/build/navigation_tb3' returned '0': CMAKE_PREFIX_PATH=${CMAKE_PREFIX_PATH}:/home/leyla/Desktop/inge_ws/install/py_examples:/home/leyla/turtlebot3_ws/install/turtlebot3_teleop:/home/leyla/turtlebot3_ws/install/turtlebot3_example:/opt/ros/humble /usr/bin/cmake /home/leyla/Desktop/ver_ws/src/navigation_tb3 -DAMENT_CMAKE_SYMLINK_INSTALL=1 -DCMAKE_INSTALL_PREFIX=/home/leyla/Desktop/ver_ws/install/navigation_tb3
[1.393s] Invoking command in '/home/leyla/Desktop/ver_ws/build/navigation_tb3': CMAKE_PREFIX_PATH=${CMAKE_PREFIX_PATH}:/home/leyla/Desktop/inge_ws/install/py_examples:/home/leyla/turtlebot3_ws/install/turtlebot3_teleop:/home/leyla/turtlebot3_ws/install/turtlebot3_example:/opt/ros/humble /usr/bin/cmake --build /home/leyla/Desktop/ver_ws/build/navigation_tb3 -- -j20 -l20
[1.501s] [ 50%] [32mBuilding CXX object CMakeFiles/pub_occupancy_grid.dir/src/pub_occupancy_grid.cpp.o[0m
[1.523s] [ 50%] Built target ament_cmake_python_symlink_navigation_tb3
[2.019s] running egg_info
[2.022s] creating navigation_tb3.egg-info
[2.022s] writing navigation_tb3.egg-info/PKG-INFO
[2.022s] writing dependency_links to navigation_tb3.egg-info/dependency_links.txt
[2.022s] writing top-level names to navigation_tb3.egg-info/top_level.txt
[2.022s] writing manifest file 'navigation_tb3.egg-info/SOURCES.txt'
[2.027s] reading manifest file 'navigation_tb3.egg-info/SOURCES.txt'
[2.028s] writing manifest file 'navigation_tb3.egg-info/SOURCES.txt'
[2.095s] [ 50%] Built target ament_cmake_python_build_navigation_tb3_egg
[5.524s] [100%] [32m[1mLinking CXX executable pub_occupancy_grid[0m
[5.852s] [100%] Built target pub_occupancy_grid
[5.868s] Invoked command in '/home/leyla/Desktop/ver_ws/build/navigation_tb3' returned '0': CMAKE_PREFIX_PATH=${CMAKE_PREFIX_PATH}:/home/leyla/Desktop/inge_ws/install/py_examples:/home/leyla/turtlebot3_ws/install/turtlebot3_teleop:/home/leyla/turtlebot3_ws/install/turtlebot3_example:/opt/ros/humble /usr/bin/cmake --build /home/leyla/Desktop/ver_ws/build/navigation_tb3 -- -j20 -l20
[5.868s] Invoking command in '/home/leyla/Desktop/ver_ws/build/navigation_tb3': CMAKE_PREFIX_PATH=${CMAKE_PREFIX_PATH}:/home/leyla/Desktop/inge_ws/install/py_examples:/home/leyla/turtlebot3_ws/install/turtlebot3_teleop:/home/leyla/turtlebot3_ws/install/turtlebot3_example:/opt/ros/humble /usr/bin/cmake --install /home/leyla/Desktop/ver_ws/build/navigation_tb3
[5.875s] -- Install configuration: ""
[5.875s] -- Execute custom install script
[5.876s] -- Symlinking: /home/leyla/Desktop/ver_ws/install/navigation_tb3/lib/navigation_tb3/pub_occupancy_grid
[5.887s] -- Symlinking: /home/leyla/Desktop/ver_ws/install/navigation_tb3/share/navigation_tb3/launch/mapping.launch.py
[5.895s] -- Symlinking: /home/leyla/Desktop/ver_ws/install/navigation_tb3/share/navigation_tb3/launch/move_robot.py
[5.903s] -- Symlinking: /home/leyla/Desktop/ver_ws/install/navigation_tb3/share/navigation_tb3/launch/navigation.launch.py
[5.913s] -- Symlinking: /home/leyla/Desktop/ver_ws/install/navigation_tb3/share/navigation_tb3/config/cuarto.pgm
[5.927s] -- Symlinking: /home/leyla/Desktop/ver_ws/install/navigation_tb3/share/navigation_tb3/config/cuarto.yaml
[5.940s] -- Symlinking: /home/leyla/Desktop/ver_ws/install/navigation_tb3/share/navigation_tb3/config/map2.pgm
[5.946s] -- Symlinking: /home/leyla/Desktop/ver_ws/install/navigation_tb3/share/navigation_tb3/config/map2.yaml
[5.956s] -- Symlinking: /home/leyla/Desktop/ver_ws/install/navigation_tb3/share/navigation_tb3/config/mapCasa3.pgm
[5.965s] -- Symlinking: /home/leyla/Desktop/ver_ws/install/navigation_tb3/share/navigation_tb3/config/mapCasa3.yaml
[5.974s] -- Symlinking: /home/leyla/Desktop/ver_ws/install/navigation_tb3/share/navigation_tb3/config/mapping.rviz
[5.984s] -- Symlinking: /home/leyla/Desktop/ver_ws/install/navigation_tb3/share/navigation_tb3/config/mappingV2.rviz
[5.993s] -- Symlinking: /home/leyla/Desktop/ver_ws/install/navigation_tb3/share/navigation_tb3/config/navigation.rviz
[6.009s] -- Symlinking: /home/leyla/Desktop/ver_ws/install/navigation_tb3/share/navigation_tb3/config/pioneer.lua
[6.038s] -- Symlinking: /home/leyla/Desktop/ver_ws/install/navigation_tb3/share/navigation_tb3/config/rosbostito.lua
[6.054s] -- Symlinking: /home/leyla/Desktop/ver_ws/install/navigation_tb3/share/navigation_tb3/config/tb3_map.pgm
[6.075s] -- Symlinking: /home/leyla/Desktop/ver_ws/install/navigation_tb3/share/navigation_tb3/config/tb3_map.yaml
[6.097s] -- Symlinking: /home/leyla/Desktop/ver_ws/install/navigation_tb3/share/navigation_tb3/config/tb3_nav2_params.yaml
[6.120s] -- Symlinking: /home/leyla/Desktop/ver_ws/install/navigation_tb3/share/navigation_tb3/config/turtlebot3_lds_2d.lua
[6.137s] -- Symlinking: /home/leyla/Desktop/ver_ws/install/navigation_tb3/share/navigation_tb3/config/visualize.rviz
[6.151s] -- Symlinking: /home/leyla/Desktop/ver_ws/install/navigation_tb3/share/navigation_tb3/environment/pythonpath.sh
[6.175s] -- Symlinking: /home/leyla/Desktop/ver_ws/install/navigation_tb3/share/navigation_tb3/environment/pythonpath.dsv
[6.197s] -- Symlinking: /home/leyla/Desktop/ver_ws/install/navigation_tb3/local/lib/python3.10/dist-packages/navigation_tb3-0.0.0-py3.10.egg-info/PKG-INFO
[6.218s] -- Symlinking: /home/leyla/Desktop/ver_ws/install/navigation_tb3/local/lib/python3.10/dist-packages/navigation_tb3-0.0.0-py3.10.egg-info/SOURCES.txt
[6.235s] -- Symlinking: /home/leyla/Desktop/ver_ws/install/navigation_tb3/local/lib/python3.10/dist-packages/navigation_tb3-0.0.0-py3.10.egg-info/dependency_links.txt
[6.248s] -- Symlinking: /home/leyla/Desktop/ver_ws/install/navigation_tb3/local/lib/python3.10/dist-packages/navigation_tb3-0.0.0-py3.10.egg-info/top_level.txt
[6.265s] -- Symlinking: /home/leyla/Desktop/ver_ws/install/navigation_tb3/local/lib/python3.10/dist-packages/navigation_tb3/__init__.py
[6.275s] -- Symlinking: /home/leyla/Desktop/ver_ws/install/navigation_tb3/lib/navigation_tb3/single_goal_nav.py
[6.287s] -- Symlinking: /home/leyla/Desktop/ver_ws/install/navigation_tb3/lib/navigation_tb3/multi_waypoints.py
[6.298s] -- Symlinking: /home/leyla/Desktop/ver_ws/install/navigation_tb3/share/ament_index/resource_index/package_run_dependencies/navigation_tb3
[6.308s] -- Symlinking: /home/leyla/Desktop/ver_ws/install/navigation_tb3/share/ament_index/resource_index/parent_prefix_path/navigation_tb3
[6.316s] -- Symlinking: /home/leyla/Desktop/ver_ws/install/navigation_tb3/share/navigation_tb3/environment/ament_prefix_path.sh
[6.326s] -- Symlinking: /home/leyla/Desktop/ver_ws/install/navigation_tb3/share/navigation_tb3/environment/ament_prefix_path.dsv
[6.339s] -- Symlinking: /home/leyla/Desktop/ver_ws/install/navigation_tb3/share/navigation_tb3/environment/path.sh
[6.360s] -- Symlinking: /home/leyla/Desktop/ver_ws/install/navigation_tb3/share/navigation_tb3/environment/path.dsv
[6.375s] -- Symlinking: /home/leyla/Desktop/ver_ws/install/navigation_tb3/share/navigation_tb3/local_setup.bash
[6.388s] -- Symlinking: /home/leyla/Desktop/ver_ws/install/navigation_tb3/share/navigation_tb3/local_setup.sh
[6.412s] -- Symlinking: /home/leyla/Desktop/ver_ws/install/navigation_tb3/share/navigation_tb3/local_setup.zsh
[6.439s] -- Symlinking: /home/leyla/Desktop/ver_ws/install/navigation_tb3/share/navigation_tb3/local_setup.dsv
[6.458s] -- Symlinking: /home/leyla/Desktop/ver_ws/install/navigation_tb3/share/navigation_tb3/package.dsv
[6.470s] -- Symlinking: /home/leyla/Desktop/ver_ws/install/navigation_tb3/share/ament_index/resource_index/packages/navigation_tb3
[6.492s] -- Symlinking: /home/leyla/Desktop/ver_ws/install/navigation_tb3/share/navigation_tb3/cmake/navigation_tb3Config.cmake
[6.501s] -- Symlinking: /home/leyla/Desktop/ver_ws/install/navigation_tb3/share/navigation_tb3/cmake/navigation_tb3Config-version.cmake
[6.515s] -- Symlinking: /home/leyla/Desktop/ver_ws/install/navigation_tb3/share/navigation_tb3/package.xml
[6.580s] Listing '/home/leyla/Desktop/ver_ws/install/navigation_tb3/local/lib/python3.10/dist-packages/navigation_tb3'...
[6.580s] Compiling '/home/leyla/Desktop/ver_ws/install/navigation_tb3/local/lib/python3.10/dist-packages/navigation_tb3/__init__.py'...
[6.596s] Invoked command in '/home/leyla/Desktop/ver_ws/build/navigation_tb3' returned '0': CMAKE_PREFIX_PATH=${CMAKE_PREFIX_PATH}:/home/leyla/Desktop/inge_ws/install/py_examples:/home/leyla/turtlebot3_ws/install/turtlebot3_teleop:/home/leyla/turtlebot3_ws/install/turtlebot3_example:/opt/ros/humble /usr/bin/cmake --install /home/leyla/Desktop/ver_ws/build/navigation_tb3
