[0.010s] Invoking command in '/home/leyla/Desktop/ver_ws/build/Stage': /usr/bin/cmake /home/leyla/Desktop/ver_ws/src/Stage -DCMAKE_INSTALL_PREFIX=/home/leyla/Desktop/ver_ws/install/Stage
[0.069s] -- The C compiler identification is GNU 11.4.0
[0.106s] -- The CXX compiler identification is GNU 11.4.0
[0.112s] -- Detecting C compiler ABI info
[0.167s] -- Detecting C compiler ABI info - done
[0.172s] -- Check for working C compiler: /usr/bin/cc - skipped
[0.172s] -- Detecting C compile features
[0.172s] -- Detecting C compile features - done
[0.174s] -- Detecting CXX compiler ABI info
[0.242s] -- Detecting CXX compiler ABI info - done
[0.247s] -- Check for working CXX compiler: /usr/bin/c++ - skipped
[0.248s] -- Detecting CXX compile features
[0.248s] -- Detecting CXX compile features - done
[0.248s] -- Stage version 4.3.0
[0.248s] -- Operating system is Linux
[0.248s] -- Installing Libraries to /home/leyla/Desktop/ver_ws/install/Stage/lib
[0.248s] -- Installing Plugins to /home/leyla/Desktop/ver_ws/install/Stage/lib/Stage-4.3
[0.249s] -- Build type RELEASE
[0.249s] -- Checking for libtool
[0.255s] -- Checking for required libraries...
[0.276s] -- Found JPEG: /usr/lib/x86_64-linux-gnu/libjpeg.so (found version "80") 
[0.282s] -- Found ZLIB: /usr/lib/x86_64-linux-gnu/libz.so (found version "1.2.11") 
[0.293s] -- Found PNG: /usr/lib/x86_64-linux-gnu/libpng.so (found version "1.6.37") 
[0.296s] [33mCMake Warning (dev) at /usr/share/cmake-3.22/Modules/FindOpenGL.cmake:315 (message):
[0.296s]   Policy CMP0072 is not set: FindOpenGL prefers GLVND by default when
[0.296s]   available.  Run "cmake --help-policy CMP0072" for policy details.  Use the
[0.296s]   cmake_policy command to set the policy and suppress this warning.
[0.296s] 
[0.296s]   FindOpenGL found both a legacy GL library:
[0.296s] 
[0.296s]     OPENGL_gl_LIBRARY: /usr/lib/x86_64-linux-gnu/libGL.so
[0.296s] 
[0.296s]   and GLVND libraries for OpenGL and GLX:
[0.296s] 
[0.296s]     OPENGL_opengl_LIBRARY: /usr/lib/x86_64-linux-gnu/libOpenGL.so
[0.296s]     OPENGL_glx_LIBRARY: /usr/lib/x86_64-linux-gnu/libGLX.so
[0.296s] 
[0.296s]   OpenGL_GL_PREFERENCE has not been set to "GLVND" or "LEGACY", so for
[0.296s]   compatibility with CMake 3.10 and below the legacy GL library will be used.
[0.296s] Call Stack (most recent call first):
[0.296s]   /usr/share/cmake-3.22/Modules/FindFLTK.cmake:87 (find_package)
[0.296s]   CMakeLists.txt:100 (find_package)
[0.296s] This warning is for project developers.  Use -Wno-dev to suppress it.
[0.296s] [0m
[0.297s] -- Found OpenGL: /usr/lib/x86_64-linux-gnu/libOpenGL.so   
[0.367s] -- Found X11: /usr/include   
[0.367s] -- Looking for XOpenDisplay in /usr/lib/x86_64-linux-gnu/libX11.so;/usr/lib/x86_64-linux-gnu/libXext.so
[0.424s] -- Looking for XOpenDisplay in /usr/lib/x86_64-linux-gnu/libX11.so;/usr/lib/x86_64-linux-gnu/libXext.so - found
[0.424s] -- Looking for gethostbyname
[0.475s] -- Looking for gethostbyname - found
[0.475s] -- Looking for connect
[0.528s] -- Looking for connect - found
[0.528s] -- Looking for remove
[0.582s] -- Looking for remove - found
[0.583s] -- Looking for shmat
[0.639s] -- Looking for shmat - found
[0.639s] -- Looking for IceConnectionNumber in ICE
[0.693s] -- Looking for IceConnectionNumber in ICE - found
[0.729s] -- Found FLTK: fltk_images;fltk_forms;fltk_gl;/usr/lib/x86_64-linux-gnu/libGL.so;fltk  
[0.730s] -- Checking for optional libraries...
[0.730s] -- Installation path CMAKE_INSTALL_PREFIX=/home/leyla/Desktop/ver_ws/install/Stage
[0.731s] -- Configuring libstage
[0.737s] -- Found PkgConfig: /usr/bin/pkg-config (found version "0.29.2") 
[0.737s] -- Checking for one of the modules 'playercore>=2.1.0'
[0.739s] --   * Player not detected. If Player is installed but not detected, check your PKG_CONFIG_PATH.
[0.748s] -- Configuring done
[0.773s] -- Generating done
[0.777s] -- Build files have been written to: /home/leyla/Desktop/ver_ws/build/Stage
[0.783s] Invoked command in '/home/leyla/Desktop/ver_ws/build/Stage' returned '0': /usr/bin/cmake /home/leyla/Desktop/ver_ws/src/Stage -DCMAKE_INSTALL_PREFIX=/home/leyla/Desktop/ver_ws/install/Stage
[0.784s] Invoking command in '/home/leyla/Desktop/ver_ws/build/Stage': /usr/bin/cmake --build /home/leyla/Desktop/ver_ws/build/Stage -- -j20 -l20
[0.835s] [  6%] [32mBuilding CXX object libstage/CMakeFiles/stage.dir/blockgroup.cc.o[0m
[0.835s] [  6%] [32mBuilding CXX object libstage/CMakeFiles/stage.dir/block.cc.o[0m
[0.835s] [  6%] [32mBuilding CXX object libstage/CMakeFiles/stage.dir/logentry.cc.o[0m
[0.837s] [  6%] [32mBuilding CXX object libstage/CMakeFiles/stage.dir/camera.cc.o[0m
[0.837s] [ 11%] [32mBuilding CXX object libstage/CMakeFiles/stage.dir/model_callbacks.cc.o[0m
[0.837s] [ 13%] [32mBuilding CXX object libstage/CMakeFiles/stage.dir/model_camera.cc.o[0m
[0.838s] [ 15%] [32mBuilding CXX object libstage/CMakeFiles/stage.dir/model_blobfinder.cc.o[0m
[0.838s] [ 16%] [32mBuilding CXX object libstage/CMakeFiles/stage.dir/model_gripper.cc.o[0m
[0.839s] [ 18%] [32mBuilding CXX object libstage/CMakeFiles/stage.dir/model_draw.cc.o[0m
[0.839s] [ 20%] [32mBuilding CXX object libstage/CMakeFiles/stage.dir/file_manager.cc.o[0m
[0.840s] [ 23%] [32mBuilding CXX object libstage/CMakeFiles/stage.dir/model_lightindicator.cc.o[0m
[0.840s] [ 27%] [32mBuilding CXX object libstage/CMakeFiles/stage.dir/model_blinkenlight.cc.o[0m
[0.840s] [ 27%] [32mBuilding CXX object libstage/CMakeFiles/stage.dir/model_fiducial.cc.o[0m
[0.842s] [ 30%] [32mBuilding CXX object libstage/CMakeFiles/stage.dir/model.cc.o[0m
[0.842s] [ 30%] [32mBuilding CXX object libstage/CMakeFiles/stage.dir/model_actuator.cc.o[0m
[0.842s] [ 30%] [32mBuilding CXX object libstage/CMakeFiles/stage.dir/model_bumper.cc.o[0m
[0.842s] [ 22%] [32mBuilding CXX object libstage/CMakeFiles/stage.dir/gl.cc.o[0m
[0.845s] [ 10%] [32mBuilding CXX object libstage/CMakeFiles/stage.dir/color.cc.o[0m
[0.845s] [ 32%] [32mBuilding CXX object libstage/CMakeFiles/stage.dir/model_position.cc.o[0m
[0.850s] [ 33%] [32mBuilding CXX object libstage/CMakeFiles/stage.dir/model_ranger.cc.o[0m
[1.907s] [ 35%] [32mBuilding CXX object libstage/CMakeFiles/stage.dir/option.cc.o[0m
[1.915s] [ 37%] [32mBuilding CXX object libstage/CMakeFiles/stage.dir/powerpack.cc.o[0m
[1.918s] [ 38%] [32mBuilding CXX object libstage/CMakeFiles/stage.dir/region.cc.o[0m
[1.929s] [ 40%] [32mBuilding CXX object libstage/CMakeFiles/stage.dir/stage.cc.o[0m
[1.940s] [ 42%] [32mBuilding CXX object libstage/CMakeFiles/stage.dir/texture_manager.cc.o[0m
[1.941s] [ 44%] [32mBuilding CXX object libstage/CMakeFiles/stage.dir/typetable.cc.o[0m
[2.004s] [ 45%] [32mBuilding CXX object libstage/CMakeFiles/stage.dir/world.cc.o[0m
[2.014s] [ 47%] [32mBuilding CXX object libstage/CMakeFiles/stage.dir/worldfile.cc.o[0m
[2.060s] [ 49%] [32mBuilding CXX object libstage/CMakeFiles/stage.dir/canvas.cc.o[0m
[2.086s] [ 50%] [32mBuilding CXX object libstage/CMakeFiles/stage.dir/options_dlg.cc.o[0m
[2.111s] [ 52%] [32mBuilding CXX object libstage/CMakeFiles/stage.dir/vis_strip.cc.o[0m
[2.121s] [ 54%] [32mBuilding CXX object libstage/CMakeFiles/stage.dir/worldgui.cc.o[0m
[2.139s] [ 55%] [32mBuilding CXX object libstage/CMakeFiles/stage.dir/ancestor.cc.o[0m
[3.688s] [ 57%] [32m[1mLinking CXX shared library libstage.so[0m
[3.790s] [ 57%] Built target stage
[3.805s] [ 59%] [32mBuilding CXX object examples/ctrl/CMakeFiles/source.dir/source.cc.o[0m
[3.806s] [ 61%] [32mBuilding CXX object examples/ctrl/CMakeFiles/pioneer_flocking.dir/pioneer_flocking.cc.o[0m
[3.807s] [ 62%] [32mBuilding CXX object examples/ctrl/CMakeFiles/sink.dir/sink.cc.o[0m
[3.807s] [ 64%] [32mBuilding CXX object examples/ctrl/CMakeFiles/fasr.dir/fasr.cc.o[0m
[3.808s] [ 66%] [32mBuilding CXX object examples/ctrl/CMakeFiles/wander.dir/wander.cc.o[0m
[3.808s] [ 67%] [32mBuilding CXX object examples/ctrl/CMakeFiles/fasr2.dir/fasr2.cc.o[0m
[3.809s] [ 69%] [32mBuilding CXX object libstage/CMakeFiles/stagebinary.dir/main.cc.o[0m
[3.810s] [ 71%] [32mBuilding CXX object examples/ctrl/CMakeFiles/rasterize.dir/rasterize.cc.o[0m
[3.810s] [ 72%] [32mBuilding CXX object examples/ctrl/CMakeFiles/dynamic.dir/dynamic.cc.o[0m
[3.810s] [ 74%] [32mBuilding CXX object examples/ctrl/CMakeFiles/fasr2.dir/astar/findpath.cpp.o[0m
[3.810s] [ 76%] [32mBuilding CXX object worlds/benchmark/CMakeFiles/expand_pioneer.dir/expand_pioneer.cc.o[0m
[3.810s] [ 77%] [32mBuilding CXX object examples/ctrl/CMakeFiles/lasernoise.dir/lasernoise.cc.o[0m
[3.811s] [ 79%] [32mBuilding CXX object worlds/benchmark/CMakeFiles/expand_swarm.dir/expand_swarm.cc.o[0m
[4.696s] [ 81%] [32m[1mLinking CXX shared module rasterize.so[0m
[4.737s] [ 83%] [32m[1mLinking CXX shared module pioneer_flocking.so[0m
[4.773s] [ 84%] [32m[1mLinking CXX shared module lasernoise.so[0m
[4.790s] [ 86%] [32m[1mLinking CXX shared module expand_pioneer.so[0m
[4.790s] [ 88%] [32m[1mLinking CXX shared module wander.so[0m
[4.790s] [ 88%] Built target rasterize
[4.803s] [ 89%] [32m[1mLinking CXX shared module dynamic.so[0m
[4.803s] [ 91%] [32m[1mLinking CXX shared module sink.so[0m
[4.816s] [ 93%] [32m[1mLinking CXX shared module expand_swarm.so[0m
[4.836s] [ 93%] Built target pioneer_flocking
[4.844s] [ 94%] [32m[1mLinking CXX executable stage[0m
[4.888s] [ 96%] [32m[1mLinking CXX shared module fasr.so[0m
[4.896s] [ 96%] Built target lasernoise
[4.896s] [ 96%] Built target wander
[4.900s] [ 96%] Built target dynamic
[4.907s] [ 96%] Built target expand_pioneer
[4.909s] [ 96%] Built target sink
[4.931s] [ 96%] Built target expand_swarm
[4.941s] [ 98%] [32m[1mLinking CXX shared module source.so[0m
[4.942s] [ 98%] Built target stagebinary
[4.957s] [ 98%] Built target fasr
[5.005s] [ 98%] Built target source
[5.230s] [100%] [32m[1mLinking CXX shared module fasr2.so[0m
[5.324s] [100%] Built target fasr2
[5.333s] Invoked command in '/home/leyla/Desktop/ver_ws/build/Stage' returned '0': /usr/bin/cmake --build /home/leyla/Desktop/ver_ws/build/Stage -- -j20 -l20
[5.340s] Invoking command in '/home/leyla/Desktop/ver_ws/build/Stage': /usr/bin/cmake --install /home/leyla/Desktop/ver_ws/build/Stage
[5.346s] -- Install configuration: "RELEASE"
[5.346s] -- Installing: /home/leyla/Desktop/ver_ws/install/Stage/lib/pkgconfig/stage.pc
[5.346s] -- Installing: /home/leyla/Desktop/ver_ws/install/Stage/lib/cmake/Stage/stage-config.cmake
[5.346s] -- Installing: /home/leyla/Desktop/ver_ws/install/Stage/lib/cmake/Stage/stage-config-version.cmake
[5.346s] -- Installing: /home/leyla/Desktop/ver_ws/install/Stage/bin/stage
[5.346s] -- Set runtime path of "/home/leyla/Desktop/ver_ws/install/Stage/bin/stage" to ""
[5.347s] -- Installing: /home/leyla/Desktop/ver_ws/install/Stage/lib/libstage.so.4.3.0
[5.347s] -- Installing: /home/leyla/Desktop/ver_ws/install/Stage/lib/libstage.so
[5.347s] -- Installing: /home/leyla/Desktop/ver_ws/install/Stage/include/Stage-4.3/stage.hh
[5.347s] -- Installing: /home/leyla/Desktop/ver_ws/install/Stage/lib/Stage-4.3/fasr.so
[5.347s] -- Set runtime path of "/home/leyla/Desktop/ver_ws/install/Stage/lib/Stage-4.3/fasr.so" to ""
[5.347s] -- Installing: /home/leyla/Desktop/ver_ws/install/Stage/lib/Stage-4.3/sink.so
[5.348s] -- Set runtime path of "/home/leyla/Desktop/ver_ws/install/Stage/lib/Stage-4.3/sink.so" to ""
[5.348s] -- Installing: /home/leyla/Desktop/ver_ws/install/Stage/lib/Stage-4.3/source.so
[5.348s] -- Set runtime path of "/home/leyla/Desktop/ver_ws/install/Stage/lib/Stage-4.3/source.so" to ""
[5.348s] -- Installing: /home/leyla/Desktop/ver_ws/install/Stage/lib/Stage-4.3/wander.so
[5.348s] -- Set runtime path of "/home/leyla/Desktop/ver_ws/install/Stage/lib/Stage-4.3/wander.so" to ""
[5.348s] -- Installing: /home/leyla/Desktop/ver_ws/install/Stage/lib/Stage-4.3/pioneer_flocking.so
[5.348s] -- Set runtime path of "/home/leyla/Desktop/ver_ws/install/Stage/lib/Stage-4.3/pioneer_flocking.so" to ""
[5.348s] -- Installing: /home/leyla/Desktop/ver_ws/install/Stage/lib/Stage-4.3/rasterize.so
[5.348s] -- Set runtime path of "/home/leyla/Desktop/ver_ws/install/Stage/lib/Stage-4.3/rasterize.so" to ""
[5.348s] -- Installing: /home/leyla/Desktop/ver_ws/install/Stage/lib/Stage-4.3/lasernoise.so
[5.348s] -- Set runtime path of "/home/leyla/Desktop/ver_ws/install/Stage/lib/Stage-4.3/lasernoise.so" to ""
[5.348s] -- Installing: /home/leyla/Desktop/ver_ws/install/Stage/lib/Stage-4.3/dynamic.so
[5.349s] -- Set runtime path of "/home/leyla/Desktop/ver_ws/install/Stage/lib/Stage-4.3/dynamic.so" to ""
[5.349s] -- Installing: /home/leyla/Desktop/ver_ws/install/Stage/lib/Stage-4.3/fasr2.so
[5.349s] -- Set runtime path of "/home/leyla/Desktop/ver_ws/install/Stage/lib/Stage-4.3/fasr2.so" to ""
[5.349s] -- Installing: /home/leyla/Desktop/ver_ws/install/Stage/share/stage/assets/blue.png
[5.349s] -- Installing: /home/leyla/Desktop/ver_ws/install/Stage/share/stage/assets/death.png
[5.349s] -- Installing: /home/leyla/Desktop/ver_ws/install/Stage/share/stage/assets/green.png
[5.350s] -- Installing: /home/leyla/Desktop/ver_ws/install/Stage/share/stage/assets/logo.png
[5.350s] -- Installing: /home/leyla/Desktop/ver_ws/install/Stage/share/stage/assets/mains.png
[5.350s] -- Installing: /home/leyla/Desktop/ver_ws/install/Stage/share/stage/assets/mainspower.png
[5.351s] -- Installing: /home/leyla/Desktop/ver_ws/install/Stage/share/stage/assets/question_mark.png
[5.351s] -- Installing: /home/leyla/Desktop/ver_ws/install/Stage/share/stage/assets/red.png
[5.351s] -- Installing: /home/leyla/Desktop/ver_ws/install/Stage/share/stage/assets/stagelogo.png
[5.351s] -- Installing: /home/leyla/Desktop/ver_ws/install/Stage/share/stage/assets/stall-old.png
[5.351s] -- Installing: /home/leyla/Desktop/ver_ws/install/Stage/share/stage/assets/stall.png
[5.352s] -- Installing: /home/leyla/Desktop/ver_ws/install/Stage/share/stage/assets/rgb.txt
[5.352s] -- Installing: /home/leyla/Desktop/ver_ws/install/Stage/share/stage/rgb.txt
[5.352s] -- Installing: /home/leyla/Desktop/ver_ws/install/Stage/share/stage/worlds/amcl-sonar.cfg
[5.352s] -- Installing: /home/leyla/Desktop/ver_ws/install/Stage/share/stage/worlds/autolab.cfg
[5.352s] -- Installing: /home/leyla/Desktop/ver_ws/install/Stage/share/stage/worlds/camera.cfg
[5.352s] -- Installing: /home/leyla/Desktop/ver_ws/install/Stage/share/stage/worlds/everything.cfg
[5.352s] -- Installing: /home/leyla/Desktop/ver_ws/install/Stage/share/stage/worlds/lsp_test.cfg
[5.353s] -- Installing: /home/leyla/Desktop/ver_ws/install/Stage/share/stage/worlds/mbicp.cfg
[5.353s] -- Installing: /home/leyla/Desktop/ver_ws/install/Stage/share/stage/worlds/nd.cfg
[5.353s] -- Installing: /home/leyla/Desktop/ver_ws/install/Stage/share/stage/worlds/roomba.cfg
[5.353s] -- Installing: /home/leyla/Desktop/ver_ws/install/Stage/share/stage/worlds/simple.cfg
[5.353s] -- Installing: /home/leyla/Desktop/ver_ws/install/Stage/share/stage/worlds/test.cfg
[5.353s] -- Installing: /home/leyla/Desktop/ver_ws/install/Stage/share/stage/worlds/uoa_robotics_lab.cfg
[5.353s] -- Installing: /home/leyla/Desktop/ver_ws/install/Stage/share/stage/worlds/vfh.cfg
[5.353s] -- Installing: /home/leyla/Desktop/ver_ws/install/Stage/share/stage/worlds/wavefront-remote.cfg
[5.354s] -- Installing: /home/leyla/Desktop/ver_ws/install/Stage/share/stage/worlds/wavefront.cfg
[5.354s] -- Installing: /home/leyla/Desktop/ver_ws/install/Stage/share/stage/worlds/wifi.cfg
[5.354s] -- Installing: /home/leyla/Desktop/ver_ws/install/Stage/share/stage/worlds/SFU.world
[5.354s] -- Installing: /home/leyla/Desktop/ver_ws/install/Stage/share/stage/worlds/autolab.world
[5.354s] -- Installing: /home/leyla/Desktop/ver_ws/install/Stage/share/stage/worlds/camera.world
[5.354s] -- Installing: /home/leyla/Desktop/ver_ws/install/Stage/share/stage/worlds/circuit.world
[5.354s] -- Installing: /home/leyla/Desktop/ver_ws/install/Stage/share/stage/worlds/everything.world
[5.354s] -- Installing: /home/leyla/Desktop/ver_ws/install/Stage/share/stage/worlds/fasr.world
[5.355s] -- Installing: /home/leyla/Desktop/ver_ws/install/Stage/share/stage/worlds/fasr2.world
[5.355s] -- Installing: /home/leyla/Desktop/ver_ws/install/Stage/share/stage/worlds/fasr_plan.world
[5.355s] -- Installing: /home/leyla/Desktop/ver_ws/install/Stage/share/stage/worlds/large.world
[5.355s] -- Installing: /home/leyla/Desktop/ver_ws/install/Stage/share/stage/worlds/lsp_test.world
[5.355s] -- Installing: /home/leyla/Desktop/ver_ws/install/Stage/share/stage/worlds/mbicp.world
[5.355s] -- Installing: /home/leyla/Desktop/ver_ws/install/Stage/share/stage/worlds/pioneer_flocking.world
[5.355s] -- Installing: /home/leyla/Desktop/ver_ws/install/Stage/share/stage/worlds/pioneer_follow.world
[5.356s] -- Installing: /home/leyla/Desktop/ver_ws/install/Stage/share/stage/worlds/pioneer_walle.world
[5.356s] -- Installing: /home/leyla/Desktop/ver_ws/install/Stage/share/stage/worlds/roomba.world
[5.356s] -- Installing: /home/leyla/Desktop/ver_ws/install/Stage/share/stage/worlds/sensor_noise_demo.world
[5.356s] -- Installing: /home/leyla/Desktop/ver_ws/install/Stage/share/stage/worlds/sensor_noise_module_demo.world
[5.356s] -- Installing: /home/leyla/Desktop/ver_ws/install/Stage/share/stage/worlds/simple.world
[5.356s] -- Installing: /home/leyla/Desktop/ver_ws/install/Stage/share/stage/worlds/uoa_robotics_lab.world
[5.356s] -- Installing: /home/leyla/Desktop/ver_ws/install/Stage/share/stage/worlds/wifi.world
[5.356s] -- Installing: /home/leyla/Desktop/ver_ws/install/Stage/share/stage/worlds/beacons.inc
[5.357s] -- Installing: /home/leyla/Desktop/ver_ws/install/Stage/share/stage/worlds/chatterbox.inc
[5.357s] -- Installing: /home/leyla/Desktop/ver_ws/install/Stage/share/stage/worlds/hokuyo.inc
[5.357s] -- Installing: /home/leyla/Desktop/ver_ws/install/Stage/share/stage/worlds/irobot.inc
[5.357s] -- Installing: /home/leyla/Desktop/ver_ws/install/Stage/share/stage/worlds/map.inc
[5.357s] -- Installing: /home/leyla/Desktop/ver_ws/install/Stage/share/stage/worlds/objects.inc
[5.357s] -- Installing: /home/leyla/Desktop/ver_ws/install/Stage/share/stage/worlds/pantilt.inc
[5.357s] -- Installing: /home/leyla/Desktop/ver_ws/install/Stage/share/stage/worlds/pioneer.inc
[5.357s] -- Installing: /home/leyla/Desktop/ver_ws/install/Stage/share/stage/worlds/sick.inc
[5.358s] -- Installing: /home/leyla/Desktop/ver_ws/install/Stage/share/stage/worlds/ubot.inc
[5.358s] -- Installing: /home/leyla/Desktop/ver_ws/install/Stage/share/stage/worlds/uoa_robotics_lab_models.inc
[5.358s] -- Installing: /home/leyla/Desktop/ver_ws/install/Stage/share/stage/worlds/walle.inc
[5.358s] -- Installing: /home/leyla/Desktop/ver_ws/install/Stage/share/stage/worlds/cfggen.sh
[5.358s] -- Installing: /home/leyla/Desktop/ver_ws/install/Stage/share/stage/worlds/test.sh
[5.358s] -- Installing: /home/leyla/Desktop/ver_ws/install/Stage/share/stage/worlds/worldgen.sh
[5.359s] -- Installing: /home/leyla/Desktop/ver_ws/install/Stage/lib/Stage-4.3/expand_swarm.so
[5.359s] -- Set runtime path of "/home/leyla/Desktop/ver_ws/install/Stage/lib/Stage-4.3/expand_swarm.so" to ""
[5.359s] -- Installing: /home/leyla/Desktop/ver_ws/install/Stage/lib/Stage-4.3/expand_pioneer.so
[5.359s] -- Set runtime path of "/home/leyla/Desktop/ver_ws/install/Stage/lib/Stage-4.3/expand_pioneer.so" to ""
[5.360s] -- Installing: /home/leyla/Desktop/ver_ws/install/Stage/share/stage/worlds/bitmaps/889_05.png
[5.360s] -- Installing: /home/leyla/Desktop/ver_ws/install/Stage/share/stage/worlds/bitmaps/SFU_1200x615.png
[5.360s] -- Installing: /home/leyla/Desktop/ver_ws/install/Stage/share/stage/worlds/bitmaps/SRI-AIC-kwing.png
[5.361s] -- Installing: /home/leyla/Desktop/ver_ws/install/Stage/share/stage/worlds/bitmaps/autolab.png
[5.361s] -- Installing: /home/leyla/Desktop/ver_ws/install/Stage/share/stage/worlds/bitmaps/cave.png
[5.361s] -- Installing: /home/leyla/Desktop/ver_ws/install/Stage/share/stage/worlds/bitmaps/cave_compact.png
[5.361s] -- Installing: /home/leyla/Desktop/ver_ws/install/Stage/share/stage/worlds/bitmaps/cave_filled.png
[5.361s] -- Installing: /home/leyla/Desktop/ver_ws/install/Stage/share/stage/worlds/bitmaps/frieburg.png
[5.362s] -- Installing: /home/leyla/Desktop/ver_ws/install/Stage/share/stage/worlds/bitmaps/ghost.png
[5.362s] -- Installing: /home/leyla/Desktop/ver_ws/install/Stage/share/stage/worlds/bitmaps/hospital.png
[5.362s] -- Installing: /home/leyla/Desktop/ver_ws/install/Stage/share/stage/worlds/bitmaps/hospital_section.png
[5.362s] -- Installing: /home/leyla/Desktop/ver_ws/install/Stage/share/stage/worlds/bitmaps/human_outline.png
[5.362s] -- Installing: /home/leyla/Desktop/ver_ws/install/Stage/share/stage/worlds/bitmaps/mbicp.png
[5.362s] -- Installing: /home/leyla/Desktop/ver_ws/install/Stage/share/stage/worlds/bitmaps/rink.png
[5.362s] -- Installing: /home/leyla/Desktop/ver_ws/install/Stage/share/stage/worlds/bitmaps/sal2.png
[5.362s] -- Installing: /home/leyla/Desktop/ver_ws/install/Stage/share/stage/worlds/bitmaps/simple_rooms.png
[5.362s] -- Installing: /home/leyla/Desktop/ver_ws/install/Stage/share/stage/worlds/bitmaps/space_invader.png
[5.362s] -- Installing: /home/leyla/Desktop/ver_ws/install/Stage/share/stage/worlds/bitmaps/submarine.png
[5.362s] -- Installing: /home/leyla/Desktop/ver_ws/install/Stage/share/stage/worlds/bitmaps/submarine_small.png
[5.362s] -- Installing: /home/leyla/Desktop/ver_ws/install/Stage/share/stage/worlds/bitmaps/table.png
[5.362s] -- Installing: /home/leyla/Desktop/ver_ws/install/Stage/share/stage/worlds/bitmaps/uoa_robotics_lab.png
[5.363s] -- Installing: /home/leyla/Desktop/ver_ws/install/Stage/share/stage/worlds/wifi/commando.world
[5.363s] -- Installing: /home/leyla/Desktop/ver_ws/install/Stage/share/stage/worlds/wifi/hosp_wifi.world
[5.363s] -- Installing: /home/leyla/Desktop/ver_ws/install/Stage/share/stage/worlds/wifi/hosp_wifi_5.world
[5.363s] -- Installing: /home/leyla/Desktop/ver_ws/install/Stage/share/stage/worlds/wifi/wifi.world
[5.363s] -- Installing: /home/leyla/Desktop/ver_ws/install/Stage/share/stage/worlds/wifi/wifi_itu.world
[5.363s] -- Installing: /home/leyla/Desktop/ver_ws/install/Stage/share/stage/worlds/wifi/wifi_logdistance.world
[5.363s] -- Installing: /home/leyla/Desktop/ver_ws/install/Stage/share/stage/worlds/wifi/wifi_ray.world
[5.363s] -- Installing: /home/leyla/Desktop/ver_ws/install/Stage/share/stage/worlds/wifi/wifi_simple.world
[5.364s] -- Installing: /home/leyla/Desktop/ver_ws/install/Stage/share/stage/worlds/wifi/map.inc
[5.365s] Invoked command in '/home/leyla/Desktop/ver_ws/build/Stage' returned '0': /usr/bin/cmake --install /home/leyla/Desktop/ver_ws/build/Stage
